---------------------------------------------------------------
[ 2019-05-07T09:30:24+08:00 ] 127.0.0.1 GET cumtdininghall.com/
[运行时间：0.061219s] [吞吐率：16.33req/s] [内存消耗：1,356.04kb] [文件加载：42]
[ info ] [ LANG ] D:\phpstudy\PHPTutorial\WWW\cumtdininghall\thinkphp\lang\zh-cn.php
[ info ] [ ROUTE ] array (
  'type' => 'module',
  'module' => 
  array (
    0 => '',
    1 => NULL,
    2 => NULL,
  ),
)
[ info ] [ HEADER ] array (
  'cookie' => 'pgv_pvi=7596739584',
  'accept-language' => 'zh-CN,zh;q=0.9',
  'accept-encoding' => 'gzip, deflate',
  'accept' => 'text/html,application/xhtml+xml,application/xml;q=0.9,image/webp,image/apng,*/*;q=0.8',
  'user-agent' => 'Mozilla/5.0 (Windows NT 10.0; WOW64) AppleWebKit/537.36 (KHTML, like Gecko) Chrome/69.0.3497.81 Safari/537.36',
  'upgrade-insecure-requests' => '1',
  'purpose' => 'prefetch',
  'connection' => 'close',
  'host' => 'cumtdininghall.com',
)
[ info ] [ PARAM ] array (
)
[ info ] [ RUN ] app\index\controller\Index->index[ D:\phpstudy\PHPTutorial\WWW\cumtdininghall\application\index\controller\Index.php ]
[ info ] [ VIEW ] D:\phpstudy\PHPTutorial\WWW\cumtdininghall\public/../application/index\view\index\index.html [ array (
) ]
[ info ] [ LOG ] INIT File
---------------------------------------------------------------
[ 2019-05-07T09:30:25+08:00 ] 127.0.0.1 GET cumtdininghall.com/font/DroidSans.woff
[运行时间：0.022692s] [吞吐率：44.07req/s] [内存消耗：1,090.84kb] [文件加载：35]
[ info ] [ LANG ] D:\phpstudy\PHPTutorial\WWW\cumtdininghall\thinkphp\lang\zh-cn.php
[ info ] [ ROUTE ] array (
  'type' => 'module',
  'module' => 
  array (
    0 => 'font',
    1 => 'DroidSans.woff',
    2 => NULL,
  ),
)
[ info ] [ HEADER ] array (
  'cookie' => 'pgv_pvi=7596739584; thinkphp_show_page_trace=0|0',
  'accept-language' => 'zh-CN,zh;q=0.9',
  'accept-encoding' => 'gzip, deflate',
  'referer' => 'http://cumtdininghall.com/css/indexstyle.css',
  'accept' => '*/*',
  'user-agent' => 'Mozilla/5.0 (Windows NT 10.0; WOW64) AppleWebKit/537.36 (KHTML, like Gecko) Chrome/69.0.3497.81 Safari/537.36',
  'origin' => 'http://cumtdininghall.com',
  'connection' => 'close',
  'host' => 'cumtdininghall.com',
)
[ info ] [ PARAM ] array (
)
[ info ] [ LOG ] INIT File
---------------------------------------------------------------
[ 2019-05-07T09:30:26+08:00 ] 127.0.0.1 GET cumtdininghall.com/font/RobotoSlabLight.woff
[运行时间：0.020820s] [吞吐率：48.03req/s] [内存消耗：1,090.78kb] [文件加载：35]
[ info ] [ LANG ] D:\phpstudy\PHPTutorial\WWW\cumtdininghall\thinkphp\lang\zh-cn.php
[ info ] [ ROUTE ] array (
  'type' => 'module',
  'module' => 
  array (
    0 => 'font',
    1 => 'RobotoSlabLight.woff',
    2 => NULL,
  ),
)
[ info ] [ HEADER ] array (
  'cookie' => 'pgv_pvi=7596739584; thinkphp_show_page_trace=0|0',
  'accept-language' => 'zh-CN,zh;q=0.9',
  'accept-encoding' => 'gzip, deflate',
  'referer' => 'http://cumtdininghall.com/css/indexstyle.css',
  'accept' => '*/*',
  'user-agent' => 'Mozilla/5.0 (Windows NT 10.0; WOW64) AppleWebKit/537.36 (KHTML, like Gecko) Chrome/69.0.3497.81 Safari/537.36',
  'origin' => 'http://cumtdininghall.com',
  'connection' => 'close',
  'host' => 'cumtdininghall.com',
)
[ info ] [ PARAM ] array (
)
[ info ] [ LOG ] INIT File
---------------------------------------------------------------
[ 2019-05-07T09:30:40+08:00 ] 127.0.0.1 GET cumtdininghall.com/index/index/index.html
[运行时间：0.029159s] [吞吐率：34.29req/s] [内存消耗：1,359.38kb] [文件加载：42]
[ info ] [ LANG ] D:\phpstudy\PHPTutorial\WWW\cumtdininghall\thinkphp\lang\zh-cn.php
[ info ] [ ROUTE ] array (
  'type' => 'module',
  'module' => 
  array (
    0 => 'index',
    1 => 'index',
    2 => 'index',
  ),
)
[ info ] [ HEADER ] array (
  'cookie' => 'pgv_pvi=7596739584; thinkphp_show_page_trace=0|0',
  'accept-language' => 'zh-CN,zh;q=0.9',
  'accept-encoding' => 'gzip, deflate',
  'referer' => 'http://cumtdininghall.com/',
  'accept' => 'text/html,application/xhtml+xml,application/xml;q=0.9,image/webp,image/apng,*/*;q=0.8',
  'user-agent' => 'Mozilla/5.0 (Windows NT 10.0; WOW64) AppleWebKit/537.36 (KHTML, like Gecko) Chrome/69.0.3497.81 Safari/537.36',
  'upgrade-insecure-requests' => '1',
  'connection' => 'close',
  'host' => 'cumtdininghall.com',
)
[ info ] [ PARAM ] array (
)
[ info ] [ RUN ] app\index\controller\Index->index[ D:\phpstudy\PHPTutorial\WWW\cumtdininghall\application\index\controller\Index.php ]
[ info ] [ VIEW ] D:\phpstudy\PHPTutorial\WWW\cumtdininghall\public/../application/index\view\index\index.html [ array (
) ]
[ info ] [ LOG ] INIT File
---------------------------------------------------------------
[ 2019-05-07T09:30:40+08:00 ] 127.0.0.1 GET cumtdininghall.com/font/RobotoSlabLight.woff
[运行时间：0.021684s] [吞吐率：46.12req/s] [内存消耗：1,090.78kb] [文件加载：35]
[ info ] [ LANG ] D:\phpstudy\PHPTutorial\WWW\cumtdininghall\thinkphp\lang\zh-cn.php
[ info ] [ ROUTE ] array (
  'type' => 'module',
  'module' => 
  array (
    0 => 'font',
    1 => 'RobotoSlabLight.woff',
    2 => NULL,
  ),
)
[ info ] [ HEADER ] array (
  'cookie' => 'pgv_pvi=7596739584; thinkphp_show_page_trace=0|0',
  'accept-language' => 'zh-CN,zh;q=0.9',
  'accept-encoding' => 'gzip, deflate',
  'referer' => 'http://cumtdininghall.com/css/indexstyle.css',
  'accept' => '*/*',
  'user-agent' => 'Mozilla/5.0 (Windows NT 10.0; WOW64) AppleWebKit/537.36 (KHTML, like Gecko) Chrome/69.0.3497.81 Safari/537.36',
  'origin' => 'http://cumtdininghall.com',
  'connection' => 'close',
  'host' => 'cumtdininghall.com',
)
[ info ] [ PARAM ] array (
)
[ info ] [ LOG ] INIT File
---------------------------------------------------------------
[ 2019-05-07T09:30:41+08:00 ] 127.0.0.1 GET cumtdininghall.com/font/DroidSans.woff
[运行时间：0.026131s] [吞吐率：38.27req/s] [内存消耗：1,090.84kb] [文件加载：35]
[ info ] [ LANG ] D:\phpstudy\PHPTutorial\WWW\cumtdininghall\thinkphp\lang\zh-cn.php
[ info ] [ ROUTE ] array (
  'type' => 'module',
  'module' => 
  array (
    0 => 'font',
    1 => 'DroidSans.woff',
    2 => NULL,
  ),
)
[ info ] [ HEADER ] array (
  'cookie' => 'pgv_pvi=7596739584; thinkphp_show_page_trace=0|0',
  'accept-language' => 'zh-CN,zh;q=0.9',
  'accept-encoding' => 'gzip, deflate',
  'referer' => 'http://cumtdininghall.com/css/indexstyle.css',
  'accept' => '*/*',
  'user-agent' => 'Mozilla/5.0 (Windows NT 10.0; WOW64) AppleWebKit/537.36 (KHTML, like Gecko) Chrome/69.0.3497.81 Safari/537.36',
  'origin' => 'http://cumtdininghall.com',
  'connection' => 'close',
  'host' => 'cumtdininghall.com',
)
[ info ] [ PARAM ] array (
)
[ info ] [ LOG ] INIT File
---------------------------------------------------------------
[ 2019-05-07T09:30:44+08:00 ] 127.0.0.1 GET cumtdininghall.com/font/DroidSans.woff
[运行时间：0.025208s] [吞吐率：39.67req/s] [内存消耗：1,090.84kb] [文件加载：35]
[ info ] [ LANG ] D:\phpstudy\PHPTutorial\WWW\cumtdininghall\thinkphp\lang\zh-cn.php
[ info ] [ ROUTE ] array (
  'type' => 'module',
  'module' => 
  array (
    0 => 'font',
    1 => 'DroidSans.woff',
    2 => NULL,
  ),
)
[ info ] [ HEADER ] array (
  'cookie' => 'pgv_pvi=7596739584; thinkphp_show_page_trace=0|0',
  'accept-language' => 'zh-CN,zh;q=0.9',
  'accept-encoding' => 'gzip, deflate',
  'referer' => 'http://cumtdininghall.com/css/indexstyle.css',
  'accept' => '*/*',
  'user-agent' => 'Mozilla/5.0 (Windows NT 10.0; WOW64) AppleWebKit/537.36 (KHTML, like Gecko) Chrome/69.0.3497.81 Safari/537.36',
  'origin' => 'http://cumtdininghall.com',
  'connection' => 'close',
  'host' => 'cumtdininghall.com',
)
[ info ] [ PARAM ] array (
)
[ info ] [ LOG ] INIT File
---------------------------------------------------------------
[ 2019-05-07T09:30:45+08:00 ] 127.0.0.1 GET cumtdininghall.com/index/index/login.html
[运行时间：0.026150s] [吞吐率：38.24req/s] [内存消耗：1,359.59kb] [文件加载：42]
[ info ] [ LANG ] D:\phpstudy\PHPTutorial\WWW\cumtdininghall\thinkphp\lang\zh-cn.php
[ info ] [ ROUTE ] array (
  'type' => 'module',
  'module' => 
  array (
    0 => 'index',
    1 => 'index',
    2 => 'login',
  ),
)
[ info ] [ HEADER ] array (
  'cookie' => 'thinkphp_show_page_trace=0|0; pgv_pvi=7596739584; thinkphp_show_page_trace=0|0',
  'accept-language' => 'zh-CN,zh;q=0.9',
  'accept-encoding' => 'gzip, deflate',
  'referer' => 'http://cumtdininghall.com/index/index/index.html',
  'accept' => 'text/html,application/xhtml+xml,application/xml;q=0.9,image/webp,image/apng,*/*;q=0.8',
  'user-agent' => 'Mozilla/5.0 (Windows NT 10.0; WOW64) AppleWebKit/537.36 (KHTML, like Gecko) Chrome/69.0.3497.81 Safari/537.36',
  'upgrade-insecure-requests' => '1',
  'connection' => 'close',
  'host' => 'cumtdininghall.com',
)
[ info ] [ PARAM ] array (
)
[ info ] [ RUN ] app\index\controller\Index->login[ D:\phpstudy\PHPTutorial\WWW\cumtdininghall\application\index\controller\Index.php ]
[ info ] [ VIEW ] D:\phpstudy\PHPTutorial\WWW\cumtdininghall\public/../application/index\view\index\login.html [ array (
) ]
[ info ] [ LOG ] INIT File
---------------------------------------------------------------
[ 2019-05-07T09:30:45+08:00 ] 127.0.0.1 GET cumtdininghall.com/captcha.html
[运行时间：0.070677s] [吞吐率：14.15req/s] [内存消耗：1,078.95kb] [文件加载：31]
[ info ] [ LANG ] D:\phpstudy\PHPTutorial\WWW\cumtdininghall\thinkphp\lang\zh-cn.php
[ info ] [ ROUTE ] array (
  'type' => 'method',
  'method' => 
  array (
    0 => '\\think\\captcha\\CaptchaController',
    1 => 'index',
  ),
  'var' => 
  array (
  ),
)
[ info ] [ HEADER ] array (
  'cookie' => 'pgv_pvi=7596739584; thinkphp_show_page_trace=0|0',
  'accept-language' => 'zh-CN,zh;q=0.9',
  'accept-encoding' => 'gzip, deflate',
  'referer' => 'http://cumtdininghall.com/index/index/login.html',
  'accept' => 'image/webp,image/apng,image/*,*/*;q=0.8',
  'user-agent' => 'Mozilla/5.0 (Windows NT 10.0; WOW64) AppleWebKit/537.36 (KHTML, like Gecko) Chrome/69.0.3497.81 Safari/537.36',
  'connection' => 'close',
  'host' => 'cumtdininghall.com',
)
[ info ] [ PARAM ] array (
  'id' => NULL,
)
[ info ] [ RUN ] think\captcha\CaptchaController->index[ D:\phpstudy\PHPTutorial\WWW\cumtdininghall\vendor\topthink\think-captcha\src\CaptchaController.php ]
[ info ] [ SESSION ] INIT array (
  'id' => '',
  'var_session_id' => '',
  'prefix' => 'think',
  'type' => '',
  'auto_start' => true,
)
[ info ] [ LOG ] INIT File
---------------------------------------------------------------
[ 2019-05-07T09:30:58+08:00 ] 127.0.0.1 POST cumtdininghall.com/index/index/check
[运行时间：0.142812s] [吞吐率：7.00req/s] [内存消耗：2,179.77kb] [文件加载：49]
[ info ] [ LANG ] D:\phpstudy\PHPTutorial\WWW\cumtdininghall\thinkphp\lang\zh-cn.php
[ info ] [ ROUTE ] array (
  'type' => 'module',
  'module' => 
  array (
    0 => 'index',
    1 => 'index',
    2 => 'check',
  ),
)
[ info ] [ HEADER ] array (
  'cookie' => 'thinkphp_show_page_trace=0|0; pgv_pvi=7596739584; thinkphp_show_page_trace=0|0; PHPSESSID=heafmbmcq3spq1gdad64q2hot4',
  'accept-language' => 'zh-CN,zh;q=0.9',
  'accept-encoding' => 'gzip, deflate',
  'referer' => 'http://cumtdininghall.com/index/index/login.html',
  'accept' => 'text/html,application/xhtml+xml,application/xml;q=0.9,image/webp,image/apng,*/*;q=0.8',
  'user-agent' => 'Mozilla/5.0 (Windows NT 10.0; WOW64) AppleWebKit/537.36 (KHTML, like Gecko) Chrome/69.0.3497.81 Safari/537.36',
  'content-type' => 'application/x-www-form-urlencoded',
  'upgrade-insecure-requests' => '1',
  'origin' => 'http://cumtdininghall.com',
  'cache-control' => 'max-age=0',
  'content-length' => '36',
  'connection' => 'close',
  'host' => 'cumtdininghall.com',
)
[ info ] [ PARAM ] array (
  'name' => 'hello',
  'password' => '123456',
  'code' => 'F01F',
)
[ info ] [ RUN ] app\index\controller\Index->check[ D:\phpstudy\PHPTutorial\WWW\cumtdininghall\application\index\controller\Index.php ]
[ info ] [ DB ] INIT mysql
[ info ] [ VIEW ] D:\phpstudy\PHPTutorial\WWW\cumtdininghall\thinkphp\tpl\dispatch_jump.tpl [ array (
  0 => 'code',
  1 => 'msg',
  2 => 'data',
  3 => 'url',
  4 => 'wait',
) ]
[ info ] [ LOG ] INIT File
[ sql ] [ DB ] CONNECT:[ UseTime:0.055495s ] mysql:host=127.0.0.1;dbname=think;charset=utf8
[ sql ] [ SQL ] SHOW COLUMNS FROM `think_person` [ RunTime:0.048058s ]
[ sql ] [ SQL ] SELECT * FROM `think_person` WHERE  `name` = 'hello' LIMIT 1 [ RunTime:0.000823s ]
---------------------------------------------------------------
[ 2019-05-07T09:30:59+08:00 ] 127.0.0.1 GET cumtdininghall.com/captcha.html
[运行时间：0.042242s] [吞吐率：23.67req/s] [内存消耗：1,078.89kb] [文件加载：31]
[ info ] [ LANG ] D:\phpstudy\PHPTutorial\WWW\cumtdininghall\thinkphp\lang\zh-cn.php
[ info ] [ ROUTE ] array (
  'type' => 'method',
  'method' => 
  array (
    0 => '\\think\\captcha\\CaptchaController',
    1 => 'index',
  ),
  'var' => 
  array (
  ),
)
[ info ] [ HEADER ] array (
  'cookie' => 'pgv_pvi=7596739584; thinkphp_show_page_trace=0|0; PHPSESSID=heafmbmcq3spq1gdad64q2hot4',
  'accept-language' => 'zh-CN,zh;q=0.9',
  'accept-encoding' => 'gzip, deflate',
  'referer' => 'http://cumtdininghall.com/index/index/login.html',
  'accept' => 'image/webp,image/apng,image/*,*/*;q=0.8',
  'user-agent' => 'Mozilla/5.0 (Windows NT 10.0; WOW64) AppleWebKit/537.36 (KHTML, like Gecko) Chrome/69.0.3497.81 Safari/537.36',
  'connection' => 'close',
  'host' => 'cumtdininghall.com',
)
[ info ] [ PARAM ] array (
  'id' => NULL,
)
[ info ] [ RUN ] think\captcha\CaptchaController->index[ D:\phpstudy\PHPTutorial\WWW\cumtdininghall\vendor\topthink\think-captcha\src\CaptchaController.php ]
[ info ] [ SESSION ] INIT array (
  'id' => '',
  'var_session_id' => '',
  'prefix' => 'think',
  'type' => '',
  'auto_start' => true,
)
[ info ] [ LOG ] INIT File
---------------------------------------------------------------
[ 2019-05-07T09:31:05+08:00 ] 127.0.0.1 GET cumtdininghall.com/index/index/register.html
[运行时间：0.035380s] [吞吐率：28.26req/s] [内存消耗：1,359.82kb] [文件加载：42]
[ info ] [ LANG ] D:\phpstudy\PHPTutorial\WWW\cumtdininghall\thinkphp\lang\zh-cn.php
[ info ] [ ROUTE ] array (
  'type' => 'module',
  'module' => 
  array (
    0 => 'index',
    1 => 'index',
    2 => 'register',
  ),
)
[ info ] [ HEADER ] array (
  'cookie' => 'thinkphp_show_page_trace=0|0; pgv_pvi=7596739584; thinkphp_show_page_trace=0|0; PHPSESSID=heafmbmcq3spq1gdad64q2hot4',
  'accept-language' => 'zh-CN,zh;q=0.9',
  'accept-encoding' => 'gzip, deflate',
  'referer' => 'http://cumtdininghall.com/index/index/index.html',
  'accept' => 'text/html,application/xhtml+xml,application/xml;q=0.9,image/webp,image/apng,*/*;q=0.8',
  'user-agent' => 'Mozilla/5.0 (Windows NT 10.0; WOW64) AppleWebKit/537.36 (KHTML, like Gecko) Chrome/69.0.3497.81 Safari/537.36',
  'upgrade-insecure-requests' => '1',
  'connection' => 'close',
  'host' => 'cumtdininghall.com',
)
[ info ] [ PARAM ] array (
)
[ info ] [ RUN ] app\index\controller\Index->register[ D:\phpstudy\PHPTutorial\WWW\cumtdininghall\application\index\controller\Index.php ]
[ info ] [ VIEW ] D:\phpstudy\PHPTutorial\WWW\cumtdininghall\public/../application/index\view\index\register.html [ array (
) ]
[ info ] [ LOG ] INIT File
---------------------------------------------------------------
[ 2019-05-07T09:31:05+08:00 ] 127.0.0.1 GET cumtdininghall.com/captcha.html
[运行时间：0.019934s] [吞吐率：50.17req/s] [内存消耗：1,078.88kb] [文件加载：31]
[ info ] [ LANG ] D:\phpstudy\PHPTutorial\WWW\cumtdininghall\thinkphp\lang\zh-cn.php
[ info ] [ ROUTE ] array (
  'type' => 'method',
  'method' => 
  array (
    0 => '\\think\\captcha\\CaptchaController',
    1 => 'index',
  ),
  'var' => 
  array (
  ),
)
[ info ] [ HEADER ] array (
  'cookie' => 'pgv_pvi=7596739584; thinkphp_show_page_trace=0|0; PHPSESSID=heafmbmcq3spq1gdad64q2hot4',
  'accept-language' => 'zh-CN,zh;q=0.9',
  'accept-encoding' => 'gzip, deflate',
  'referer' => 'http://cumtdininghall.com/index/index/register.html',
  'accept' => 'image/webp,image/apng,image/*,*/*;q=0.8',
  'user-agent' => 'Mozilla/5.0 (Windows NT 10.0; WOW64) AppleWebKit/537.36 (KHTML, like Gecko) Chrome/69.0.3497.81 Safari/537.36',
  'connection' => 'close',
  'host' => 'cumtdininghall.com',
)
[ info ] [ PARAM ] array (
  'id' => NULL,
)
[ info ] [ RUN ] think\captcha\CaptchaController->index[ D:\phpstudy\PHPTutorial\WWW\cumtdininghall\vendor\topthink\think-captcha\src\CaptchaController.php ]
[ info ] [ SESSION ] INIT array (
  'id' => '',
  'var_session_id' => '',
  'prefix' => 'think',
  'type' => '',
  'auto_start' => true,
)
[ info ] [ LOG ] INIT File
---------------------------------------------------------------
[ 2019-05-07T09:31:32+08:00 ] 127.0.0.1 GET cumtdininghall.com/admin/user/index
[运行时间：0.026991s] [吞吐率：37.05req/s] [内存消耗：1,374.13kb] [文件加载：43]
[ info ] [ LANG ] D:\phpstudy\PHPTutorial\WWW\cumtdininghall\thinkphp\lang\zh-cn.php
[ info ] [ ROUTE ] array (
  'type' => 'module',
  'module' => 
  array (
    0 => 'admin',
    1 => 'user',
    2 => 'index',
  ),
)
[ info ] [ HEADER ] array (
  'cookie' => 'pgv_pvi=7596739584; thinkphp_show_page_trace=0|0; PHPSESSID=heafmbmcq3spq1gdad64q2hot4',
  'accept-language' => 'zh-CN,zh;q=0.9',
  'accept-encoding' => 'gzip, deflate',
  'accept' => 'text/html,application/xhtml+xml,application/xml;q=0.9,image/webp,image/apng,*/*;q=0.8',
  'user-agent' => 'Mozilla/5.0 (Windows NT 10.0; WOW64) AppleWebKit/537.36 (KHTML, like Gecko) Chrome/69.0.3497.81 Safari/537.36',
  'upgrade-insecure-requests' => '1',
  'connection' => 'close',
  'host' => 'cumtdininghall.com',
)
[ info ] [ PARAM ] array (
)
[ info ] [ SESSION ] INIT array (
  'id' => '',
  'var_session_id' => '',
  'prefix' => 'think',
  'type' => '',
  'auto_start' => true,
)
[ info ] [ VIEW ] D:\phpstudy\PHPTutorial\WWW\cumtdininghall\thinkphp\tpl\dispatch_jump.tpl [ array (
  0 => 'code',
  1 => 'msg',
  2 => 'data',
  3 => 'url',
  4 => 'wait',
) ]
[ info ] [ LOG ] INIT File
---------------------------------------------------------------
[ 2019-05-07T09:31:34+08:00 ] 127.0.0.1 GET cumtdininghall.com/admin/index/login.html
[运行时间：0.027093s] [吞吐率：36.91req/s] [内存消耗：1,355.27kb] [文件加载：41]
[ info ] [ LANG ] D:\phpstudy\PHPTutorial\WWW\cumtdininghall\thinkphp\lang\zh-cn.php
[ info ] [ ROUTE ] array (
  'type' => 'module',
  'module' => 
  array (
    0 => 'admin',
    1 => 'index',
    2 => 'login',
  ),
)
[ info ] [ HEADER ] array (
  'cookie' => 'pgv_pvi=7596739584; thinkphp_show_page_trace=0|0; PHPSESSID=heafmbmcq3spq1gdad64q2hot4',
  'accept-language' => 'zh-CN,zh;q=0.9',
  'accept-encoding' => 'gzip, deflate',
  'referer' => 'http://cumtdininghall.com/admin/user/index',
  'accept' => 'text/html,application/xhtml+xml,application/xml;q=0.9,image/webp,image/apng,*/*;q=0.8',
  'user-agent' => 'Mozilla/5.0 (Windows NT 10.0; WOW64) AppleWebKit/537.36 (KHTML, like Gecko) Chrome/69.0.3497.81 Safari/537.36',
  'upgrade-insecure-requests' => '1',
  'connection' => 'close',
  'host' => 'cumtdininghall.com',
)
[ info ] [ PARAM ] array (
)
[ info ] [ RUN ] app\admin\controller\Index->login[ D:\phpstudy\PHPTutorial\WWW\cumtdininghall\application\admin\controller\Index.php ]
[ info ] [ VIEW ] D:\phpstudy\PHPTutorial\WWW\cumtdininghall\public/../application/admin\view\index\login.html [ array (
) ]
[ info ] [ LOG ] INIT File
---------------------------------------------------------------
[ 2019-05-07T09:31:34+08:00 ] 127.0.0.1 GET cumtdininghall.com/captcha.html
[运行时间：0.062320s] [吞吐率：16.05req/s] [内存消耗：1,078.90kb] [文件加载：31]
[ info ] [ LANG ] D:\phpstudy\PHPTutorial\WWW\cumtdininghall\thinkphp\lang\zh-cn.php
[ info ] [ ROUTE ] array (
  'type' => 'method',
  'method' => 
  array (
    0 => '\\think\\captcha\\CaptchaController',
    1 => 'index',
  ),
  'var' => 
  array (
  ),
)
[ info ] [ HEADER ] array (
  'cookie' => 'pgv_pvi=7596739584; thinkphp_show_page_trace=0|0; PHPSESSID=heafmbmcq3spq1gdad64q2hot4',
  'accept-language' => 'zh-CN,zh;q=0.9',
  'accept-encoding' => 'gzip, deflate',
  'referer' => 'http://cumtdininghall.com/admin/index/login.html',
  'accept' => 'image/webp,image/apng,image/*,*/*;q=0.8',
  'user-agent' => 'Mozilla/5.0 (Windows NT 10.0; WOW64) AppleWebKit/537.36 (KHTML, like Gecko) Chrome/69.0.3497.81 Safari/537.36',
  'connection' => 'close',
  'host' => 'cumtdininghall.com',
)
[ info ] [ PARAM ] array (
  'id' => NULL,
)
[ info ] [ RUN ] think\captcha\CaptchaController->index[ D:\phpstudy\PHPTutorial\WWW\cumtdininghall\vendor\topthink\think-captcha\src\CaptchaController.php ]
[ info ] [ SESSION ] INIT array (
  'id' => '',
  'var_session_id' => '',
  'prefix' => 'think',
  'type' => '',
  'auto_start' => true,
)
[ info ] [ LOG ] INIT File
---------------------------------------------------------------
[ 2019-05-07T09:31:42+08:00 ] 127.0.0.1 POST cumtdininghall.com/admin/index/check
[运行时间：0.108001s] [吞吐率：9.26req/s] [内存消耗：2,298.11kb] [文件加载：51]
[ info ] [ LANG ] D:\phpstudy\PHPTutorial\WWW\cumtdininghall\thinkphp\lang\zh-cn.php
[ info ] [ ROUTE ] array (
  'type' => 'module',
  'module' => 
  array (
    0 => 'admin',
    1 => 'index',
    2 => 'check',
  ),
)
[ info ] [ HEADER ] array (
  'cookie' => 'thinkphp_show_page_trace=0|0; pgv_pvi=7596739584; thinkphp_show_page_trace=0|0; PHPSESSID=heafmbmcq3spq1gdad64q2hot4',
  'accept-language' => 'zh-CN,zh;q=0.9',
  'accept-encoding' => 'gzip, deflate',
  'referer' => 'http://cumtdininghall.com/admin/index/login.html',
  'accept' => 'text/html,application/xhtml+xml,application/xml;q=0.9,image/webp,image/apng,*/*;q=0.8',
  'user-agent' => 'Mozilla/5.0 (Windows NT 10.0; WOW64) AppleWebKit/537.36 (KHTML, like Gecko) Chrome/69.0.3497.81 Safari/537.36',
  'content-type' => 'application/x-www-form-urlencoded',
  'upgrade-insecure-requests' => '1',
  'origin' => 'http://cumtdininghall.com',
  'cache-control' => 'max-age=0',
  'content-length' => '36',
  'connection' => 'close',
  'host' => 'cumtdininghall.com',
)
[ info ] [ PARAM ] array (
  'name' => 'hello',
  'password' => '123456',
  'code' => 'hukg',
)
[ info ] [ RUN ] app\admin\controller\Index->check[ D:\phpstudy\PHPTutorial\WWW\cumtdininghall\application\admin\controller\Index.php ]
[ info ] [ DB ] INIT mysql
[ info ] [ SESSION ] INIT array (
  'id' => '',
  'var_session_id' => '',
  'prefix' => 'think',
  'type' => '',
  'auto_start' => true,
)
[ info ] [ VIEW ] D:\phpstudy\PHPTutorial\WWW\cumtdininghall\thinkphp\tpl\dispatch_jump.tpl [ array (
  0 => 'code',
  1 => 'msg',
  2 => 'data',
  3 => 'url',
  4 => 'wait',
) ]
[ info ] [ LOG ] INIT File
[ sql ] [ DB ] CONNECT:[ UseTime:0.010819s ] mysql:host=127.0.0.1;dbname=think;charset=utf8
[ sql ] [ SQL ] SHOW COLUMNS FROM `think_user` [ RunTime:0.055834s ]
[ sql ] [ SQL ] SELECT * FROM `think_user` WHERE (  `name` = 'hello' ) AND `think_user`.`delete_time` IS NULL LIMIT 1 [ RunTime:0.000441s ]
---------------------------------------------------------------
[ 2019-05-07T09:31:43+08:00 ] 127.0.0.1 GET cumtdininghall.com/admin/user/index.html
[运行时间：0.026173s] [吞吐率：38.21req/s] [内存消耗：1,367.66kb] [文件加载：42]
[ info ] [ LANG ] D:\phpstudy\PHPTutorial\WWW\cumtdininghall\thinkphp\lang\zh-cn.php
[ info ] [ ROUTE ] array (
  'type' => 'module',
  'module' => 
  array (
    0 => 'admin',
    1 => 'user',
    2 => 'index',
  ),
)
[ info ] [ HEADER ] array (
  'cookie' => 'thinkphp_show_page_trace=0|0; pgv_pvi=7596739584; thinkphp_show_page_trace=0|0; PHPSESSID=heafmbmcq3spq1gdad64q2hot4',
  'accept-language' => 'zh-CN,zh;q=0.9',
  'accept-encoding' => 'gzip, deflate',
  'referer' => 'http://cumtdininghall.com/admin/index/check',
  'accept' => 'text/html,application/xhtml+xml,application/xml;q=0.9,image/webp,image/apng,*/*;q=0.8',
  'user-agent' => 'Mozilla/5.0 (Windows NT 10.0; WOW64) AppleWebKit/537.36 (KHTML, like Gecko) Chrome/69.0.3497.81 Safari/537.36',
  'upgrade-insecure-requests' => '1',
  'connection' => 'close',
  'host' => 'cumtdininghall.com',
)
[ info ] [ PARAM ] array (
)
[ info ] [ SESSION ] INIT array (
  'id' => '',
  'var_session_id' => '',
  'prefix' => 'think',
  'type' => '',
  'auto_start' => true,
)
[ info ] [ RUN ] app\admin\controller\User->index[ D:\phpstudy\PHPTutorial\WWW\cumtdininghall\application\admin\controller\User.php ]
[ info ] [ VIEW ] D:\phpstudy\PHPTutorial\WWW\cumtdininghall\public/../application/admin\view\user\index.html [ array (
) ]
[ info ] [ LOG ] INIT File
---------------------------------------------------------------
[ 2019-05-07T09:31:45+08:00 ] 127.0.0.1 GET cumtdininghall.com/admin/user/userlist.html
[运行时间：0.122181s] [吞吐率：8.18req/s] [内存消耗：2,364.80kb] [文件加载：54]
[ info ] [ LANG ] D:\phpstudy\PHPTutorial\WWW\cumtdininghall\thinkphp\lang\zh-cn.php
[ info ] [ ROUTE ] array (
  'type' => 'module',
  'module' => 
  array (
    0 => 'admin',
    1 => 'user',
    2 => 'userlist',
  ),
)
[ info ] [ HEADER ] array (
  'cookie' => 'thinkphp_show_page_trace=0|0; pgv_pvi=7596739584; thinkphp_show_page_trace=0|0; PHPSESSID=heafmbmcq3spq1gdad64q2hot4',
  'accept-language' => 'zh-CN,zh;q=0.9',
  'accept-encoding' => 'gzip, deflate',
  'referer' => 'http://cumtdininghall.com/admin/user/index.html',
  'accept' => 'text/html,application/xhtml+xml,application/xml;q=0.9,image/webp,image/apng,*/*;q=0.8',
  'user-agent' => 'Mozilla/5.0 (Windows NT 10.0; WOW64) AppleWebKit/537.36 (KHTML, like Gecko) Chrome/69.0.3497.81 Safari/537.36',
  'upgrade-insecure-requests' => '1',
  'connection' => 'close',
  'host' => 'cumtdininghall.com',
)
[ info ] [ PARAM ] array (
)
[ info ] [ SESSION ] INIT array (
  'id' => '',
  'var_session_id' => '',
  'prefix' => 'think',
  'type' => '',
  'auto_start' => true,
)
[ info ] [ RUN ] app\admin\controller\User->userlist[ D:\phpstudy\PHPTutorial\WWW\cumtdininghall\application\admin\controller\User.php ]
[ info ] [ DB ] INIT mysql
[ info ] [ VIEW ] D:\phpstudy\PHPTutorial\WWW\cumtdininghall\public/../application/admin\view\user\userlist.html [ array (
  0 => 'data',
  1 => 'page',
) ]
[ info ] [ LOG ] INIT File
[ sql ] [ DB ] CONNECT:[ UseTime:0.011174s ] mysql:host=127.0.0.1;dbname=think;charset=utf8
[ sql ] [ SQL ] SHOW COLUMNS FROM `think_user` [ RunTime:0.008050s ]
[ sql ] [ SQL ] SELECT COUNT(*) AS tp_count FROM `think_user` WHERE `think_user`.`delete_time` IS NULL LIMIT 1 [ RunTime:0.049700s ]
[ sql ] [ SQL ] SELECT * FROM `think_user` WHERE `think_user`.`delete_time` IS NULL LIMIT 0,5 [ RunTime:0.000924s ]
---------------------------------------------------------------
[ 2019-05-07T09:31:47+08:00 ] 127.0.0.1 GET cumtdininghall.com/admin/article/articlelist.html
[运行时间：0.099767s] [吞吐率：10.02req/s] [内存消耗：2,347.02kb] [文件加载：54]
[ info ] [ LANG ] D:\phpstudy\PHPTutorial\WWW\cumtdininghall\thinkphp\lang\zh-cn.php
[ info ] [ ROUTE ] array (
  'type' => 'module',
  'module' => 
  array (
    0 => 'admin',
    1 => 'article',
    2 => 'articlelist',
  ),
)
[ info ] [ HEADER ] array (
  'cookie' => 'pgv_pvi=7596739584; thinkphp_show_page_trace=0|0; PHPSESSID=heafmbmcq3spq1gdad64q2hot4',
  'accept-language' => 'zh-CN,zh;q=0.9',
  'accept-encoding' => 'gzip, deflate',
  'referer' => 'http://cumtdininghall.com/admin/user/userlist.html',
  'accept' => 'text/html,application/xhtml+xml,application/xml;q=0.9,image/webp,image/apng,*/*;q=0.8',
  'user-agent' => 'Mozilla/5.0 (Windows NT 10.0; WOW64) AppleWebKit/537.36 (KHTML, like Gecko) Chrome/69.0.3497.81 Safari/537.36',
  'upgrade-insecure-requests' => '1',
  'connection' => 'close',
  'host' => 'cumtdininghall.com',
)
[ info ] [ PARAM ] array (
)
[ info ] [ SESSION ] INIT array (
  'id' => '',
  'var_session_id' => '',
  'prefix' => 'think',
  'type' => '',
  'auto_start' => true,
)
[ info ] [ RUN ] app\admin\controller\Article->articlelist[ D:\phpstudy\PHPTutorial\WWW\cumtdininghall\application\admin\controller\Article.php ]
[ info ] [ DB ] INIT mysql
[ info ] [ VIEW ] D:\phpstudy\PHPTutorial\WWW\cumtdininghall\public/../application/admin\view\article\articlelist.html [ array (
  0 => 'data',
  1 => 'page',
) ]
[ info ] [ LOG ] INIT File
[ sql ] [ DB ] CONNECT:[ UseTime:0.010140s ] mysql:host=127.0.0.1;dbname=think;charset=utf8
[ sql ] [ SQL ] SHOW COLUMNS FROM `think_article` [ RunTime:0.047257s ]
[ sql ] [ SQL ] SELECT COUNT(*) AS tp_count FROM `think_article` WHERE `think_article`.`delete_time` IS NULL LIMIT 1 [ RunTime:0.000485s ]
[ sql ] [ SQL ] SELECT * FROM `think_article` WHERE `think_article`.`delete_time` IS NULL LIMIT 0,5 [ RunTime:0.000480s ]
---------------------------------------------------------------
[ 2019-05-07T09:31:49+08:00 ] 127.0.0.1 GET cumtdininghall.com/admin/comment/commentlist.html
[运行时间：0.112990s] [吞吐率：8.85req/s] [内存消耗：2,345.23kb] [文件加载：54]
[ info ] [ LANG ] D:\phpstudy\PHPTutorial\WWW\cumtdininghall\thinkphp\lang\zh-cn.php
[ info ] [ ROUTE ] array (
  'type' => 'module',
  'module' => 
  array (
    0 => 'admin',
    1 => 'comment',
    2 => 'commentlist',
  ),
)
[ info ] [ HEADER ] array (
  'cookie' => 'pgv_pvi=7596739584; thinkphp_show_page_trace=0|0; PHPSESSID=heafmbmcq3spq1gdad64q2hot4',
  'accept-language' => 'zh-CN,zh;q=0.9',
  'accept-encoding' => 'gzip, deflate',
  'referer' => 'http://cumtdininghall.com/admin/article/articlelist.html',
  'accept' => 'text/html,application/xhtml+xml,application/xml;q=0.9,image/webp,image/apng,*/*;q=0.8',
  'user-agent' => 'Mozilla/5.0 (Windows NT 10.0; WOW64) AppleWebKit/537.36 (KHTML, like Gecko) Chrome/69.0.3497.81 Safari/537.36',
  'upgrade-insecure-requests' => '1',
  'connection' => 'close',
  'host' => 'cumtdininghall.com',
)
[ info ] [ PARAM ] array (
)
[ info ] [ SESSION ] INIT array (
  'id' => '',
  'var_session_id' => '',
  'prefix' => 'think',
  'type' => '',
  'auto_start' => true,
)
[ info ] [ RUN ] app\admin\controller\Comment->commentlist[ D:\phpstudy\PHPTutorial\WWW\cumtdininghall\application\admin\controller\Comment.php ]
[ info ] [ DB ] INIT mysql
[ info ] [ VIEW ] D:\phpstudy\PHPTutorial\WWW\cumtdininghall\public/../application/admin\view\comment\commentlist.html [ array (
  0 => 'data',
  1 => 'page',
) ]
[ info ] [ LOG ] INIT File
[ sql ] [ DB ] CONNECT:[ UseTime:0.010926s ] mysql:host=127.0.0.1;dbname=think;charset=utf8
[ sql ] [ SQL ] SHOW COLUMNS FROM `think_comment` [ RunTime:0.059756s ]
[ sql ] [ SQL ] SELECT COUNT(*) AS tp_count FROM `think_comment` WHERE `think_comment`.`delete_time` IS NULL LIMIT 1 [ RunTime:0.000364s ]
[ sql ] [ SQL ] SELECT * FROM `think_comment` WHERE `think_comment`.`delete_time` IS NULL LIMIT 0,5 [ RunTime:0.000375s ]
---------------------------------------------------------------
[ 2019-05-07T09:31:51+08:00 ] 127.0.0.1 GET cumtdininghall.com/admin/link/linklist.html
[运行时间：0.112422s] [吞吐率：8.90req/s] [内存消耗：2,350.62kb] [文件加载：54]
[ info ] [ LANG ] D:\phpstudy\PHPTutorial\WWW\cumtdininghall\thinkphp\lang\zh-cn.php
[ info ] [ ROUTE ] array (
  'type' => 'module',
  'module' => 
  array (
    0 => 'admin',
    1 => 'link',
    2 => 'linklist',
  ),
)
[ info ] [ HEADER ] array (
  'cookie' => 'pgv_pvi=7596739584; thinkphp_show_page_trace=0|0; PHPSESSID=heafmbmcq3spq1gdad64q2hot4',
  'accept-language' => 'zh-CN,zh;q=0.9',
  'accept-encoding' => 'gzip, deflate',
  'referer' => 'http://cumtdininghall.com/admin/comment/commentlist.html',
  'accept' => 'text/html,application/xhtml+xml,application/xml;q=0.9,image/webp,image/apng,*/*;q=0.8',
  'user-agent' => 'Mozilla/5.0 (Windows NT 10.0; WOW64) AppleWebKit/537.36 (KHTML, like Gecko) Chrome/69.0.3497.81 Safari/537.36',
  'upgrade-insecure-requests' => '1',
  'connection' => 'close',
  'host' => 'cumtdininghall.com',
)
[ info ] [ PARAM ] array (
)
[ info ] [ SESSION ] INIT array (
  'id' => '',
  'var_session_id' => '',
  'prefix' => 'think',
  'type' => '',
  'auto_start' => true,
)
[ info ] [ RUN ] app\admin\controller\Link->linklist[ D:\phpstudy\PHPTutorial\WWW\cumtdininghall\application\admin\controller\Link.php ]
[ info ] [ DB ] INIT mysql
[ info ] [ VIEW ] D:\phpstudy\PHPTutorial\WWW\cumtdininghall\public/../application/admin\view\link\linklist.html [ array (
  0 => 'data',
  1 => 'page',
) ]
[ info ] [ LOG ] INIT File
[ sql ] [ DB ] CONNECT:[ UseTime:0.010588s ] mysql:host=127.0.0.1;dbname=think;charset=utf8
[ sql ] [ SQL ] SHOW COLUMNS FROM `think_link` [ RunTime:0.058687s ]
[ sql ] [ SQL ] SELECT COUNT(*) AS tp_count FROM `think_link` WHERE `think_link`.`delete_time` IS NULL LIMIT 1 [ RunTime:0.000534s ]
[ sql ] [ SQL ] SELECT * FROM `think_link` WHERE `think_link`.`delete_time` IS NULL LIMIT 0,5 [ RunTime:0.000594s ]
---------------------------------------------------------------
[ 2019-05-07T09:31:54+08:00 ] 127.0.0.1 GET cumtdininghall.com/admin/user/userlist.html
[运行时间：0.051256s] [吞吐率：19.51req/s] [内存消耗：2,364.77kb] [文件加载：54]
[ info ] [ LANG ] D:\phpstudy\PHPTutorial\WWW\cumtdininghall\thinkphp\lang\zh-cn.php
[ info ] [ ROUTE ] array (
  'type' => 'module',
  'module' => 
  array (
    0 => 'admin',
    1 => 'user',
    2 => 'userlist',
  ),
)
[ info ] [ HEADER ] array (
  'cookie' => 'thinkphp_show_page_trace=0|0; pgv_pvi=7596739584; thinkphp_show_page_trace=0|0; PHPSESSID=heafmbmcq3spq1gdad64q2hot4',
  'accept-language' => 'zh-CN,zh;q=0.9',
  'accept-encoding' => 'gzip, deflate',
  'referer' => 'http://cumtdininghall.com/admin/link/linklist.html',
  'accept' => 'text/html,application/xhtml+xml,application/xml;q=0.9,image/webp,image/apng,*/*;q=0.8',
  'user-agent' => 'Mozilla/5.0 (Windows NT 10.0; WOW64) AppleWebKit/537.36 (KHTML, like Gecko) Chrome/69.0.3497.81 Safari/537.36',
  'upgrade-insecure-requests' => '1',
  'connection' => 'close',
  'host' => 'cumtdininghall.com',
)
[ info ] [ PARAM ] array (
)
[ info ] [ SESSION ] INIT array (
  'id' => '',
  'var_session_id' => '',
  'prefix' => 'think',
  'type' => '',
  'auto_start' => true,
)
[ info ] [ RUN ] app\admin\controller\User->userlist[ D:\phpstudy\PHPTutorial\WWW\cumtdininghall\application\admin\controller\User.php ]
[ info ] [ DB ] INIT mysql
[ info ] [ VIEW ] D:\phpstudy\PHPTutorial\WWW\cumtdininghall\public/../application/admin\view\user\userlist.html [ array (
  0 => 'data',
  1 => 'page',
) ]
[ info ] [ LOG ] INIT File
[ sql ] [ DB ] CONNECT:[ UseTime:0.001070s ] mysql:host=127.0.0.1;dbname=think;charset=utf8
[ sql ] [ SQL ] SHOW COLUMNS FROM `think_user` [ RunTime:0.007399s ]
[ sql ] [ SQL ] SELECT COUNT(*) AS tp_count FROM `think_user` WHERE `think_user`.`delete_time` IS NULL LIMIT 1 [ RunTime:0.000872s ]
[ sql ] [ SQL ] SELECT * FROM `think_user` WHERE `think_user`.`delete_time` IS NULL LIMIT 0,5 [ RunTime:0.000771s ]
---------------------------------------------------------------
[ 2019-05-07T09:31:55+08:00 ] 127.0.0.1 GET cumtdininghall.com/admin/link/linklist.html
[运行时间：0.059938s] [吞吐率：16.68req/s] [内存消耗：2,350.70kb] [文件加载：54]
[ info ] [ LANG ] D:\phpstudy\PHPTutorial\WWW\cumtdininghall\thinkphp\lang\zh-cn.php
[ info ] [ ROUTE ] array (
  'type' => 'module',
  'module' => 
  array (
    0 => 'admin',
    1 => 'link',
    2 => 'linklist',
  ),
)
[ info ] [ HEADER ] array (
  'cookie' => 'thinkphp_show_page_trace=0|0; pgv_pvi=7596739584; thinkphp_show_page_trace=0|0; PHPSESSID=heafmbmcq3spq1gdad64q2hot4',
  'accept-language' => 'zh-CN,zh;q=0.9',
  'accept-encoding' => 'gzip, deflate',
  'referer' => 'http://cumtdininghall.com/admin/user/userlist.html',
  'accept' => 'text/html,application/xhtml+xml,application/xml;q=0.9,image/webp,image/apng,*/*;q=0.8',
  'user-agent' => 'Mozilla/5.0 (Windows NT 10.0; WOW64) AppleWebKit/537.36 (KHTML, like Gecko) Chrome/69.0.3497.81 Safari/537.36',
  'upgrade-insecure-requests' => '1',
  'connection' => 'close',
  'host' => 'cumtdininghall.com',
)
[ info ] [ PARAM ] array (
)
[ info ] [ SESSION ] INIT array (
  'id' => '',
  'var_session_id' => '',
  'prefix' => 'think',
  'type' => '',
  'auto_start' => true,
)
[ info ] [ RUN ] app\admin\controller\Link->linklist[ D:\phpstudy\PHPTutorial\WWW\cumtdininghall\application\admin\controller\Link.php ]
[ info ] [ DB ] INIT mysql
[ info ] [ VIEW ] D:\phpstudy\PHPTutorial\WWW\cumtdininghall\public/../application/admin\view\link\linklist.html [ array (
  0 => 'data',
  1 => 'page',
) ]
[ info ] [ LOG ] INIT File
[ sql ] [ DB ] CONNECT:[ UseTime:0.010738s ] mysql:host=127.0.0.1;dbname=think;charset=utf8
[ sql ] [ SQL ] SHOW COLUMNS FROM `think_link` [ RunTime:0.008285s ]
[ sql ] [ SQL ] SELECT COUNT(*) AS tp_count FROM `think_link` WHERE `think_link`.`delete_time` IS NULL LIMIT 1 [ RunTime:0.000600s ]
[ sql ] [ SQL ] SELECT * FROM `think_link` WHERE `think_link`.`delete_time` IS NULL LIMIT 0,5 [ RunTime:0.000512s ]
---------------------------------------------------------------
[ 2019-05-07T09:31:59+08:00 ] 127.0.0.1 GET cumtdininghall.com/admin/article/articlelist.html
[运行时间：0.061211s] [吞吐率：16.34req/s] [内存消耗：2,347.22kb] [文件加载：54]
[ info ] [ LANG ] D:\phpstudy\PHPTutorial\WWW\cumtdininghall\thinkphp\lang\zh-cn.php
[ info ] [ ROUTE ] array (
  'type' => 'module',
  'module' => 
  array (
    0 => 'admin',
    1 => 'article',
    2 => 'articlelist',
  ),
)
[ info ] [ HEADER ] array (
  'cookie' => 'thinkphp_show_page_trace=0|0; pgv_pvi=7596739584; thinkphp_show_page_trace=0|0; PHPSESSID=heafmbmcq3spq1gdad64q2hot4',
  'accept-language' => 'zh-CN,zh;q=0.9',
  'accept-encoding' => 'gzip, deflate',
  'referer' => 'http://cumtdininghall.com/admin/link/linklist.html',
  'accept' => 'text/html,application/xhtml+xml,application/xml;q=0.9,image/webp,image/apng,*/*;q=0.8',
  'user-agent' => 'Mozilla/5.0 (Windows NT 10.0; WOW64) AppleWebKit/537.36 (KHTML, like Gecko) Chrome/69.0.3497.81 Safari/537.36',
  'upgrade-insecure-requests' => '1',
  'connection' => 'close',
  'host' => 'cumtdininghall.com',
)
[ info ] [ PARAM ] array (
)
[ info ] [ SESSION ] INIT array (
  'id' => '',
  'var_session_id' => '',
  'prefix' => 'think',
  'type' => '',
  'auto_start' => true,
)
[ info ] [ RUN ] app\admin\controller\Article->articlelist[ D:\phpstudy\PHPTutorial\WWW\cumtdininghall\application\admin\controller\Article.php ]
[ info ] [ DB ] INIT mysql
[ info ] [ VIEW ] D:\phpstudy\PHPTutorial\WWW\cumtdininghall\public/../application/admin\view\article\articlelist.html [ array (
  0 => 'data',
  1 => 'page',
) ]
[ info ] [ LOG ] INIT File
[ sql ] [ DB ] CONNECT:[ UseTime:0.011181s ] mysql:host=127.0.0.1;dbname=think;charset=utf8
[ sql ] [ SQL ] SHOW COLUMNS FROM `think_article` [ RunTime:0.008388s ]
[ sql ] [ SQL ] SELECT COUNT(*) AS tp_count FROM `think_article` WHERE `think_article`.`delete_time` IS NULL LIMIT 1 [ RunTime:0.000534s ]
[ sql ] [ SQL ] SELECT * FROM `think_article` WHERE `think_article`.`delete_time` IS NULL LIMIT 0,5 [ RunTime:0.000585s ]
---------------------------------------------------------------
[ 2019-05-07T09:32:00+08:00 ] 127.0.0.1 GET cumtdininghall.com/admin/comment/commentlist.html
[运行时间：0.064328s] [吞吐率：15.55req/s] [内存消耗：2,345.38kb] [文件加载：54]
[ info ] [ LANG ] D:\phpstudy\PHPTutorial\WWW\cumtdininghall\thinkphp\lang\zh-cn.php
[ info ] [ ROUTE ] array (
  'type' => 'module',
  'module' => 
  array (
    0 => 'admin',
    1 => 'comment',
    2 => 'commentlist',
  ),
)
[ info ] [ HEADER ] array (
  'cookie' => 'thinkphp_show_page_trace=0|0; pgv_pvi=7596739584; thinkphp_show_page_trace=0|0; PHPSESSID=heafmbmcq3spq1gdad64q2hot4',
  'accept-language' => 'zh-CN,zh;q=0.9',
  'accept-encoding' => 'gzip, deflate',
  'referer' => 'http://cumtdininghall.com/admin/article/articlelist.html',
  'accept' => 'text/html,application/xhtml+xml,application/xml;q=0.9,image/webp,image/apng,*/*;q=0.8',
  'user-agent' => 'Mozilla/5.0 (Windows NT 10.0; WOW64) AppleWebKit/537.36 (KHTML, like Gecko) Chrome/69.0.3497.81 Safari/537.36',
  'upgrade-insecure-requests' => '1',
  'connection' => 'close',
  'host' => 'cumtdininghall.com',
)
[ info ] [ PARAM ] array (
)
[ info ] [ SESSION ] INIT array (
  'id' => '',
  'var_session_id' => '',
  'prefix' => 'think',
  'type' => '',
  'auto_start' => true,
)
[ info ] [ RUN ] app\admin\controller\Comment->commentlist[ D:\phpstudy\PHPTutorial\WWW\cumtdininghall\application\admin\controller\Comment.php ]
[ info ] [ DB ] INIT mysql
[ info ] [ VIEW ] D:\phpstudy\PHPTutorial\WWW\cumtdininghall\public/../application/admin\view\comment\commentlist.html [ array (
  0 => 'data',
  1 => 'page',
) ]
[ info ] [ LOG ] INIT File
[ sql ] [ DB ] CONNECT:[ UseTime:0.011219s ] mysql:host=127.0.0.1;dbname=think;charset=utf8
[ sql ] [ SQL ] SHOW COLUMNS FROM `think_comment` [ RunTime:0.008382s ]
[ sql ] [ SQL ] SELECT COUNT(*) AS tp_count FROM `think_comment` WHERE `think_comment`.`delete_time` IS NULL LIMIT 1 [ RunTime:0.000628s ]
[ sql ] [ SQL ] SELECT * FROM `think_comment` WHERE `think_comment`.`delete_time` IS NULL LIMIT 0,5 [ RunTime:0.000580s ]
---------------------------------------------------------------
[ 2019-05-07T09:32:01+08:00 ] 127.0.0.1 GET cumtdininghall.com/admin/link/linklist.html
[运行时间：0.059215s] [吞吐率：16.89req/s] [内存消耗：2,350.79kb] [文件加载：54]
[ info ] [ LANG ] D:\phpstudy\PHPTutorial\WWW\cumtdininghall\thinkphp\lang\zh-cn.php
[ info ] [ ROUTE ] array (
  'type' => 'module',
  'module' => 
  array (
    0 => 'admin',
    1 => 'link',
    2 => 'linklist',
  ),
)
[ info ] [ HEADER ] array (
  'cookie' => 'thinkphp_show_page_trace=0|0; pgv_pvi=7596739584; thinkphp_show_page_trace=0|0; PHPSESSID=heafmbmcq3spq1gdad64q2hot4',
  'accept-language' => 'zh-CN,zh;q=0.9',
  'accept-encoding' => 'gzip, deflate',
  'referer' => 'http://cumtdininghall.com/admin/comment/commentlist.html',
  'accept' => 'text/html,application/xhtml+xml,application/xml;q=0.9,image/webp,image/apng,*/*;q=0.8',
  'user-agent' => 'Mozilla/5.0 (Windows NT 10.0; WOW64) AppleWebKit/537.36 (KHTML, like Gecko) Chrome/69.0.3497.81 Safari/537.36',
  'upgrade-insecure-requests' => '1',
  'connection' => 'close',
  'host' => 'cumtdininghall.com',
)
[ info ] [ PARAM ] array (
)
[ info ] [ SESSION ] INIT array (
  'id' => '',
  'var_session_id' => '',
  'prefix' => 'think',
  'type' => '',
  'auto_start' => true,
)
[ info ] [ RUN ] app\admin\controller\Link->linklist[ D:\phpstudy\PHPTutorial\WWW\cumtdininghall\application\admin\controller\Link.php ]
[ info ] [ DB ] INIT mysql
[ info ] [ VIEW ] D:\phpstudy\PHPTutorial\WWW\cumtdininghall\public/../application/admin\view\link\linklist.html [ array (
  0 => 'data',
  1 => 'page',
) ]
[ info ] [ LOG ] INIT File
[ sql ] [ DB ] CONNECT:[ UseTime:0.011689s ] mysql:host=127.0.0.1;dbname=think;charset=utf8
[ sql ] [ SQL ] SHOW COLUMNS FROM `think_link` [ RunTime:0.007591s ]
[ sql ] [ SQL ] SELECT COUNT(*) AS tp_count FROM `think_link` WHERE `think_link`.`delete_time` IS NULL LIMIT 1 [ RunTime:0.000492s ]
[ sql ] [ SQL ] SELECT * FROM `think_link` WHERE `think_link`.`delete_time` IS NULL LIMIT 0,5 [ RunTime:0.000498s ]
---------------------------------------------------------------
[ 2019-05-07T09:32:02+08:00 ] 127.0.0.1 GET cumtdininghall.com/admin/user/userlist.html
[运行时间：0.055677s] [吞吐率：17.96req/s] [内存消耗：2,364.77kb] [文件加载：54]
[ info ] [ LANG ] D:\phpstudy\PHPTutorial\WWW\cumtdininghall\thinkphp\lang\zh-cn.php
[ info ] [ ROUTE ] array (
  'type' => 'module',
  'module' => 
  array (
    0 => 'admin',
    1 => 'user',
    2 => 'userlist',
  ),
)
[ info ] [ HEADER ] array (
  'cookie' => 'thinkphp_show_page_trace=0|0; pgv_pvi=7596739584; thinkphp_show_page_trace=0|0; PHPSESSID=heafmbmcq3spq1gdad64q2hot4',
  'accept-language' => 'zh-CN,zh;q=0.9',
  'accept-encoding' => 'gzip, deflate',
  'referer' => 'http://cumtdininghall.com/admin/link/linklist.html',
  'accept' => 'text/html,application/xhtml+xml,application/xml;q=0.9,image/webp,image/apng,*/*;q=0.8',
  'user-agent' => 'Mozilla/5.0 (Windows NT 10.0; WOW64) AppleWebKit/537.36 (KHTML, like Gecko) Chrome/69.0.3497.81 Safari/537.36',
  'upgrade-insecure-requests' => '1',
  'connection' => 'close',
  'host' => 'cumtdininghall.com',
)
[ info ] [ PARAM ] array (
)
[ info ] [ SESSION ] INIT array (
  'id' => '',
  'var_session_id' => '',
  'prefix' => 'think',
  'type' => '',
  'auto_start' => true,
)
[ info ] [ RUN ] app\admin\controller\User->userlist[ D:\phpstudy\PHPTutorial\WWW\cumtdininghall\application\admin\controller\User.php ]
[ info ] [ DB ] INIT mysql
[ info ] [ VIEW ] D:\phpstudy\PHPTutorial\WWW\cumtdininghall\public/../application/admin\view\user\userlist.html [ array (
  0 => 'data',
  1 => 'page',
) ]
[ info ] [ LOG ] INIT File
[ sql ] [ DB ] CONNECT:[ UseTime:0.010274s ] mysql:host=127.0.0.1;dbname=think;charset=utf8
[ sql ] [ SQL ] SHOW COLUMNS FROM `think_user` [ RunTime:0.007935s ]
[ sql ] [ SQL ] SELECT COUNT(*) AS tp_count FROM `think_user` WHERE `think_user`.`delete_time` IS NULL LIMIT 1 [ RunTime:0.000433s ]
[ sql ] [ SQL ] SELECT * FROM `think_user` WHERE `think_user`.`delete_time` IS NULL LIMIT 0,5 [ RunTime:0.000574s ]
---------------------------------------------------------------
[ 2019-05-07T09:32:12+08:00 ] 127.0.0.1 GET cumtdininghall.com/admin/article/articlelist.html
[运行时间：0.061189s] [吞吐率：16.34req/s] [内存消耗：2,347.22kb] [文件加载：54]
[ info ] [ LANG ] D:\phpstudy\PHPTutorial\WWW\cumtdininghall\thinkphp\lang\zh-cn.php
[ info ] [ ROUTE ] array (
  'type' => 'module',
  'module' => 
  array (
    0 => 'admin',
    1 => 'article',
    2 => 'articlelist',
  ),
)
[ info ] [ HEADER ] array (
  'cookie' => 'thinkphp_show_page_trace=0|0; pgv_pvi=7596739584; thinkphp_show_page_trace=0|0; PHPSESSID=heafmbmcq3spq1gdad64q2hot4',
  'accept-language' => 'zh-CN,zh;q=0.9',
  'accept-encoding' => 'gzip, deflate',
  'referer' => 'http://cumtdininghall.com/admin/user/userlist.html',
  'accept' => 'text/html,application/xhtml+xml,application/xml;q=0.9,image/webp,image/apng,*/*;q=0.8',
  'user-agent' => 'Mozilla/5.0 (Windows NT 10.0; WOW64) AppleWebKit/537.36 (KHTML, like Gecko) Chrome/69.0.3497.81 Safari/537.36',
  'upgrade-insecure-requests' => '1',
  'connection' => 'close',
  'host' => 'cumtdininghall.com',
)
[ info ] [ PARAM ] array (
)
[ info ] [ SESSION ] INIT array (
  'id' => '',
  'var_session_id' => '',
  'prefix' => 'think',
  'type' => '',
  'auto_start' => true,
)
[ info ] [ RUN ] app\admin\controller\Article->articlelist[ D:\phpstudy\PHPTutorial\WWW\cumtdininghall\application\admin\controller\Article.php ]
[ info ] [ DB ] INIT mysql
[ info ] [ VIEW ] D:\phpstudy\PHPTutorial\WWW\cumtdininghall\public/../application/admin\view\article\articlelist.html [ array (
  0 => 'data',
  1 => 'page',
) ]
[ info ] [ LOG ] INIT File
[ sql ] [ DB ] CONNECT:[ UseTime:0.010236s ] mysql:host=127.0.0.1;dbname=think;charset=utf8
[ sql ] [ SQL ] SHOW COLUMNS FROM `think_article` [ RunTime:0.009523s ]
[ sql ] [ SQL ] SELECT COUNT(*) AS tp_count FROM `think_article` WHERE `think_article`.`delete_time` IS NULL LIMIT 1 [ RunTime:0.000445s ]
[ sql ] [ SQL ] SELECT * FROM `think_article` WHERE `think_article`.`delete_time` IS NULL LIMIT 0,5 [ RunTime:0.000503s ]
---------------------------------------------------------------
[ 2019-05-07T09:32:15+08:00 ] 127.0.0.1 GET cumtdininghall.com/admin/comment/commentlist.html
[运行时间：0.060729s] [吞吐率：16.47req/s] [内存消耗：2,345.38kb] [文件加载：54]
[ info ] [ LANG ] D:\phpstudy\PHPTutorial\WWW\cumtdininghall\thinkphp\lang\zh-cn.php
[ info ] [ ROUTE ] array (
  'type' => 'module',
  'module' => 
  array (
    0 => 'admin',
    1 => 'comment',
    2 => 'commentlist',
  ),
)
[ info ] [ HEADER ] array (
  'cookie' => 'thinkphp_show_page_trace=0|0; pgv_pvi=7596739584; thinkphp_show_page_trace=0|0; PHPSESSID=heafmbmcq3spq1gdad64q2hot4',
  'accept-language' => 'zh-CN,zh;q=0.9',
  'accept-encoding' => 'gzip, deflate',
  'referer' => 'http://cumtdininghall.com/admin/article/articlelist.html',
  'accept' => 'text/html,application/xhtml+xml,application/xml;q=0.9,image/webp,image/apng,*/*;q=0.8',
  'user-agent' => 'Mozilla/5.0 (Windows NT 10.0; WOW64) AppleWebKit/537.36 (KHTML, like Gecko) Chrome/69.0.3497.81 Safari/537.36',
  'upgrade-insecure-requests' => '1',
  'connection' => 'close',
  'host' => 'cumtdininghall.com',
)
[ info ] [ PARAM ] array (
)
[ info ] [ SESSION ] INIT array (
  'id' => '',
  'var_session_id' => '',
  'prefix' => 'think',
  'type' => '',
  'auto_start' => true,
)
[ info ] [ RUN ] app\admin\controller\Comment->commentlist[ D:\phpstudy\PHPTutorial\WWW\cumtdininghall\application\admin\controller\Comment.php ]
[ info ] [ DB ] INIT mysql
[ info ] [ VIEW ] D:\phpstudy\PHPTutorial\WWW\cumtdininghall\public/../application/admin\view\comment\commentlist.html [ array (
  0 => 'data',
  1 => 'page',
) ]
[ info ] [ LOG ] INIT File
[ sql ] [ DB ] CONNECT:[ UseTime:0.011580s ] mysql:host=127.0.0.1;dbname=think;charset=utf8
[ sql ] [ SQL ] SHOW COLUMNS FROM `think_comment` [ RunTime:0.009074s ]
[ sql ] [ SQL ] SELECT COUNT(*) AS tp_count FROM `think_comment` WHERE `think_comment`.`delete_time` IS NULL LIMIT 1 [ RunTime:0.000838s ]
[ sql ] [ SQL ] SELECT * FROM `think_comment` WHERE `think_comment`.`delete_time` IS NULL LIMIT 0,5 [ RunTime:0.000743s ]
---------------------------------------------------------------
[ 2019-05-07T09:32:16+08:00 ] 127.0.0.1 GET cumtdininghall.com/admin/link/linklist.html
[运行时间：0.049063s] [吞吐率：20.38req/s] [内存消耗：2,350.79kb] [文件加载：54]
[ info ] [ LANG ] D:\phpstudy\PHPTutorial\WWW\cumtdininghall\thinkphp\lang\zh-cn.php
[ info ] [ ROUTE ] array (
  'type' => 'module',
  'module' => 
  array (
    0 => 'admin',
    1 => 'link',
    2 => 'linklist',
  ),
)
[ info ] [ HEADER ] array (
  'cookie' => 'thinkphp_show_page_trace=0|0; pgv_pvi=7596739584; thinkphp_show_page_trace=0|0; PHPSESSID=heafmbmcq3spq1gdad64q2hot4',
  'accept-language' => 'zh-CN,zh;q=0.9',
  'accept-encoding' => 'gzip, deflate',
  'referer' => 'http://cumtdininghall.com/admin/comment/commentlist.html',
  'accept' => 'text/html,application/xhtml+xml,application/xml;q=0.9,image/webp,image/apng,*/*;q=0.8',
  'user-agent' => 'Mozilla/5.0 (Windows NT 10.0; WOW64) AppleWebKit/537.36 (KHTML, like Gecko) Chrome/69.0.3497.81 Safari/537.36',
  'upgrade-insecure-requests' => '1',
  'connection' => 'close',
  'host' => 'cumtdininghall.com',
)
[ info ] [ PARAM ] array (
)
[ info ] [ SESSION ] INIT array (
  'id' => '',
  'var_session_id' => '',
  'prefix' => 'think',
  'type' => '',
  'auto_start' => true,
)
[ info ] [ RUN ] app\admin\controller\Link->linklist[ D:\phpstudy\PHPTutorial\WWW\cumtdininghall\application\admin\controller\Link.php ]
[ info ] [ DB ] INIT mysql
[ info ] [ VIEW ] D:\phpstudy\PHPTutorial\WWW\cumtdininghall\public/../application/admin\view\link\linklist.html [ array (
  0 => 'data',
  1 => 'page',
) ]
[ info ] [ LOG ] INIT File
[ sql ] [ DB ] CONNECT:[ UseTime:0.001167s ] mysql:host=127.0.0.1;dbname=think;charset=utf8
[ sql ] [ SQL ] SHOW COLUMNS FROM `think_link` [ RunTime:0.008911s ]
[ sql ] [ SQL ] SELECT COUNT(*) AS tp_count FROM `think_link` WHERE `think_link`.`delete_time` IS NULL LIMIT 1 [ RunTime:0.000797s ]
[ sql ] [ SQL ] SELECT * FROM `think_link` WHERE `think_link`.`delete_time` IS NULL LIMIT 0,5 [ RunTime:0.000980s ]
---------------------------------------------------------------
[ 2019-05-07T09:33:22+08:00 ] 127.0.0.1 GET cumtdininghall.com/
[运行时间：0.028151s] [吞吐率：35.52req/s] [内存消耗：1,356.34kb] [文件加载：42]
[ info ] [ LANG ] D:\phpstudy\PHPTutorial\WWW\cumtdininghall\thinkphp\lang\zh-cn.php
[ info ] [ ROUTE ] array (
  'type' => 'module',
  'module' => 
  array (
    0 => '',
    1 => NULL,
    2 => NULL,
  ),
)
[ info ] [ HEADER ] array (
  'cookie' => 'pgv_pvi=7596739584; thinkphp_show_page_trace=0|0; PHPSESSID=heafmbmcq3spq1gdad64q2hot4',
  'accept-language' => 'zh-CN,zh;q=0.9',
  'accept-encoding' => 'gzip, deflate',
  'accept' => 'text/html,application/xhtml+xml,application/xml;q=0.9,image/webp,image/apng,*/*;q=0.8',
  'user-agent' => 'Mozilla/5.0 (Windows NT 10.0; WOW64) AppleWebKit/537.36 (KHTML, like Gecko) Chrome/69.0.3497.81 Safari/537.36',
  'upgrade-insecure-requests' => '1',
  'purpose' => 'prefetch',
  'connection' => 'close',
  'host' => 'cumtdininghall.com',
)
[ info ] [ PARAM ] array (
)
[ info ] [ RUN ] app\index\controller\Index->index[ D:\phpstudy\PHPTutorial\WWW\cumtdininghall\application\index\controller\Index.php ]
[ info ] [ VIEW ] D:\phpstudy\PHPTutorial\WWW\cumtdininghall\public/../application/index\view\index\index.html [ array (
) ]
[ info ] [ LOG ] INIT File
---------------------------------------------------------------
[ 2019-05-07T09:33:23+08:00 ] 127.0.0.1 GET cumtdininghall.com/admin/user/index
[运行时间：0.026194s] [吞吐率：38.18req/s] [内存消耗：1,367.15kb] [文件加载：42]
[ info ] [ LANG ] D:\phpstudy\PHPTutorial\WWW\cumtdininghall\thinkphp\lang\zh-cn.php
[ info ] [ ROUTE ] array (
  'type' => 'module',
  'module' => 
  array (
    0 => 'admin',
    1 => 'user',
    2 => 'index',
  ),
)
[ info ] [ HEADER ] array (
  'cookie' => 'thinkphp_show_page_trace=0|0; pgv_pvi=7596739584; thinkphp_show_page_trace=0|0; PHPSESSID=heafmbmcq3spq1gdad64q2hot4',
  'accept-language' => 'zh-CN,zh;q=0.9',
  'accept-encoding' => 'gzip, deflate',
  'accept' => 'text/html,application/xhtml+xml,application/xml;q=0.9,image/webp,image/apng,*/*;q=0.8',
  'user-agent' => 'Mozilla/5.0 (Windows NT 10.0; WOW64) AppleWebKit/537.36 (KHTML, like Gecko) Chrome/69.0.3497.81 Safari/537.36',
  'upgrade-insecure-requests' => '1',
  'connection' => 'close',
  'host' => 'cumtdininghall.com',
)
[ info ] [ PARAM ] array (
)
[ info ] [ SESSION ] INIT array (
  'id' => '',
  'var_session_id' => '',
  'prefix' => 'think',
  'type' => '',
  'auto_start' => true,
)
[ info ] [ RUN ] app\admin\controller\User->index[ D:\phpstudy\PHPTutorial\WWW\cumtdininghall\application\admin\controller\User.php ]
[ info ] [ VIEW ] D:\phpstudy\PHPTutorial\WWW\cumtdininghall\public/../application/admin\view\user\index.html [ array (
) ]
[ info ] [ LOG ] INIT File
---------------------------------------------------------------
[ 2019-05-07T09:33:24+08:00 ] 127.0.0.1 GET cumtdininghall.com/admin/user/userlist.html
[运行时间：0.063253s] [吞吐率：15.81req/s] [内存消耗：2,364.79kb] [文件加载：54]
[ info ] [ LANG ] D:\phpstudy\PHPTutorial\WWW\cumtdininghall\thinkphp\lang\zh-cn.php
[ info ] [ ROUTE ] array (
  'type' => 'module',
  'module' => 
  array (
    0 => 'admin',
    1 => 'user',
    2 => 'userlist',
  ),
)
[ info ] [ HEADER ] array (
  'cookie' => 'thinkphp_show_page_trace=0|0; pgv_pvi=7596739584; thinkphp_show_page_trace=0|0; PHPSESSID=heafmbmcq3spq1gdad64q2hot4',
  'accept-language' => 'zh-CN,zh;q=0.9',
  'accept-encoding' => 'gzip, deflate',
  'referer' => 'http://cumtdininghall.com/admin/user/index',
  'accept' => 'text/html,application/xhtml+xml,application/xml;q=0.9,image/webp,image/apng,*/*;q=0.8',
  'user-agent' => 'Mozilla/5.0 (Windows NT 10.0; WOW64) AppleWebKit/537.36 (KHTML, like Gecko) Chrome/69.0.3497.81 Safari/537.36',
  'upgrade-insecure-requests' => '1',
  'connection' => 'close',
  'host' => 'cumtdininghall.com',
)
[ info ] [ PARAM ] array (
)
[ info ] [ SESSION ] INIT array (
  'id' => '',
  'var_session_id' => '',
  'prefix' => 'think',
  'type' => '',
  'auto_start' => true,
)
[ info ] [ RUN ] app\admin\controller\User->userlist[ D:\phpstudy\PHPTutorial\WWW\cumtdininghall\application\admin\controller\User.php ]
[ info ] [ DB ] INIT mysql
[ info ] [ VIEW ] D:\phpstudy\PHPTutorial\WWW\cumtdininghall\public/../application/admin\view\user\userlist.html [ array (
  0 => 'data',
  1 => 'page',
) ]
[ info ] [ LOG ] INIT File
[ sql ] [ DB ] CONNECT:[ UseTime:0.009869s ] mysql:host=127.0.0.1;dbname=think;charset=utf8
[ sql ] [ SQL ] SHOW COLUMNS FROM `think_user` [ RunTime:0.007678s ]
[ sql ] [ SQL ] SELECT COUNT(*) AS tp_count FROM `think_user` WHERE `think_user`.`delete_time` IS NULL LIMIT 1 [ RunTime:0.000638s ]
[ sql ] [ SQL ] SELECT * FROM `think_user` WHERE `think_user`.`delete_time` IS NULL LIMIT 0,5 [ RunTime:0.000570s ]
---------------------------------------------------------------
[ 2019-05-07T12:40:14+08:00 ] 127.0.0.1 GET cumtdininghall.com/
[运行时间：0.332613s] [吞吐率：3.01req/s] [内存消耗：1,356.12kb] [文件加载：42]
[ info ] [ LANG ] D:\phpstudy\PHPTutorial\WWW\cumtdininghall\thinkphp\lang\zh-cn.php
[ info ] [ ROUTE ] array (
  'type' => 'module',
  'module' => 
  array (
    0 => '',
    1 => NULL,
    2 => NULL,
  ),
)
[ info ] [ HEADER ] array (
  'cookie' => 'pgv_pvi=7596739584; thinkphp_show_page_trace=0|0; PHPSESSID=heafmbmcq3spq1gdad64q2hot4',
  'accept-language' => 'zh-CN,zh;q=0.9',
  'accept-encoding' => 'gzip, deflate',
  'accept' => 'text/html,application/xhtml+xml,application/xml;q=0.9,image/webp,image/apng,*/*;q=0.8',
  'user-agent' => 'Mozilla/5.0 (Windows NT 10.0; WOW64) AppleWebKit/537.36 (KHTML, like Gecko) Chrome/69.0.3497.81 Safari/537.36',
  'upgrade-insecure-requests' => '1',
  'connection' => 'close',
  'host' => 'cumtdininghall.com',
)
[ info ] [ PARAM ] array (
)
[ info ] [ RUN ] app\index\controller\Index->index[ D:\phpstudy\PHPTutorial\WWW\cumtdininghall\application\index\controller\Index.php ]
[ info ] [ VIEW ] D:\phpstudy\PHPTutorial\WWW\cumtdininghall\public/../application/index\view\index\index.html [ array (
) ]
[ info ] [ LOG ] INIT File
---------------------------------------------------------------
[ 2019-05-07T12:40:14+08:00 ] 127.0.0.1 GET cumtdininghall.com/font/DroidSans.woff
[运行时间：0.047068s] [吞吐率：21.25req/s] [内存消耗：1,090.86kb] [文件加载：35]
[ info ] [ LANG ] D:\phpstudy\PHPTutorial\WWW\cumtdininghall\thinkphp\lang\zh-cn.php
[ info ] [ ROUTE ] array (
  'type' => 'module',
  'module' => 
  array (
    0 => 'font',
    1 => 'DroidSans.woff',
    2 => NULL,
  ),
)
[ info ] [ HEADER ] array (
  'cookie' => 'pgv_pvi=7596739584; thinkphp_show_page_trace=0|0; PHPSESSID=heafmbmcq3spq1gdad64q2hot4',
  'accept-language' => 'zh-CN,zh;q=0.9',
  'accept-encoding' => 'gzip, deflate',
  'referer' => 'http://cumtdininghall.com/css/indexstyle.css',
  'accept' => '*/*',
  'user-agent' => 'Mozilla/5.0 (Windows NT 10.0; WOW64) AppleWebKit/537.36 (KHTML, like Gecko) Chrome/69.0.3497.81 Safari/537.36',
  'origin' => 'http://cumtdininghall.com',
  'connection' => 'close',
  'host' => 'cumtdininghall.com',
)
[ info ] [ PARAM ] array (
)
[ info ] [ LOG ] INIT File
---------------------------------------------------------------
[ 2019-05-07T12:40:15+08:00 ] 127.0.0.1 GET cumtdininghall.com/font/RobotoSlabLight.woff
[运行时间：0.023052s] [吞吐率：43.38req/s] [内存消耗：1,090.95kb] [文件加载：35]
[ info ] [ LANG ] D:\phpstudy\PHPTutorial\WWW\cumtdininghall\thinkphp\lang\zh-cn.php
[ info ] [ ROUTE ] array (
  'type' => 'module',
  'module' => 
  array (
    0 => 'font',
    1 => 'RobotoSlabLight.woff',
    2 => NULL,
  ),
)
[ info ] [ HEADER ] array (
  'cookie' => 'pgv_pvi=7596739584; thinkphp_show_page_trace=0|0; PHPSESSID=heafmbmcq3spq1gdad64q2hot4',
  'accept-language' => 'zh-CN,zh;q=0.9',
  'accept-encoding' => 'gzip, deflate',
  'referer' => 'http://cumtdininghall.com/css/indexstyle.css',
  'accept' => '*/*',
  'user-agent' => 'Mozilla/5.0 (Windows NT 10.0; WOW64) AppleWebKit/537.36 (KHTML, like Gecko) Chrome/69.0.3497.81 Safari/537.36',
  'origin' => 'http://cumtdininghall.com',
  'connection' => 'close',
  'host' => 'cumtdininghall.com',
)
[ info ] [ PARAM ] array (
)
[ info ] [ LOG ] INIT File
---------------------------------------------------------------
[ 2019-05-07T12:40:19+08:00 ] 127.0.0.1 GET cumtdininghall.com/font/RobotoSlabLight.woff
[运行时间：0.037254s] [吞吐率：26.84req/s] [内存消耗：1,090.95kb] [文件加载：35]
[ info ] [ LANG ] D:\phpstudy\PHPTutorial\WWW\cumtdininghall\thinkphp\lang\zh-cn.php
[ info ] [ ROUTE ] array (
  'type' => 'module',
  'module' => 
  array (
    0 => 'font',
    1 => 'RobotoSlabLight.woff',
    2 => NULL,
  ),
)
[ info ] [ HEADER ] array (
  'cookie' => 'pgv_pvi=7596739584; thinkphp_show_page_trace=0|0; PHPSESSID=heafmbmcq3spq1gdad64q2hot4',
  'accept-language' => 'zh-CN,zh;q=0.9',
  'accept-encoding' => 'gzip, deflate',
  'referer' => 'http://cumtdininghall.com/css/indexstyle.css',
  'accept' => '*/*',
  'user-agent' => 'Mozilla/5.0 (Windows NT 10.0; WOW64) AppleWebKit/537.36 (KHTML, like Gecko) Chrome/69.0.3497.81 Safari/537.36',
  'origin' => 'http://cumtdininghall.com',
  'connection' => 'close',
  'host' => 'cumtdininghall.com',
)
[ info ] [ PARAM ] array (
)
[ info ] [ LOG ] INIT File
---------------------------------------------------------------
[ 2019-05-07T12:40:21+08:00 ] 127.0.0.1 GET cumtdininghall.com/index/index/index.html
[运行时间：0.025176s] [吞吐率：39.72req/s] [内存消耗：1,359.59kb] [文件加载：42]
[ info ] [ LANG ] D:\phpstudy\PHPTutorial\WWW\cumtdininghall\thinkphp\lang\zh-cn.php
[ info ] [ ROUTE ] array (
  'type' => 'module',
  'module' => 
  array (
    0 => 'index',
    1 => 'index',
    2 => 'index',
  ),
)
[ info ] [ HEADER ] array (
  'cookie' => 'thinkphp_show_page_trace=0|0; pgv_pvi=7596739584; thinkphp_show_page_trace=0|0; PHPSESSID=heafmbmcq3spq1gdad64q2hot4',
  'accept-language' => 'zh-CN,zh;q=0.9',
  'accept-encoding' => 'gzip, deflate',
  'referer' => 'http://cumtdininghall.com/',
  'accept' => 'text/html,application/xhtml+xml,application/xml;q=0.9,image/webp,image/apng,*/*;q=0.8',
  'user-agent' => 'Mozilla/5.0 (Windows NT 10.0; WOW64) AppleWebKit/537.36 (KHTML, like Gecko) Chrome/69.0.3497.81 Safari/537.36',
  'upgrade-insecure-requests' => '1',
  'connection' => 'close',
  'host' => 'cumtdininghall.com',
)
[ info ] [ PARAM ] array (
)
[ info ] [ RUN ] app\index\controller\Index->index[ D:\phpstudy\PHPTutorial\WWW\cumtdininghall\application\index\controller\Index.php ]
[ info ] [ VIEW ] D:\phpstudy\PHPTutorial\WWW\cumtdininghall\public/../application/index\view\index\index.html [ array (
) ]
[ info ] [ LOG ] INIT File
---------------------------------------------------------------
[ 2019-05-07T12:40:21+08:00 ] 127.0.0.1 GET cumtdininghall.com/font/RobotoSlabLight.woff
[运行时间：0.023232s] [吞吐率：43.04req/s] [内存消耗：1,090.95kb] [文件加载：35]
[ info ] [ LANG ] D:\phpstudy\PHPTutorial\WWW\cumtdininghall\thinkphp\lang\zh-cn.php
[ info ] [ ROUTE ] array (
  'type' => 'module',
  'module' => 
  array (
    0 => 'font',
    1 => 'RobotoSlabLight.woff',
    2 => NULL,
  ),
)
[ info ] [ HEADER ] array (
  'cookie' => 'pgv_pvi=7596739584; thinkphp_show_page_trace=0|0; PHPSESSID=heafmbmcq3spq1gdad64q2hot4',
  'accept-language' => 'zh-CN,zh;q=0.9',
  'accept-encoding' => 'gzip, deflate',
  'referer' => 'http://cumtdininghall.com/css/indexstyle.css',
  'accept' => '*/*',
  'user-agent' => 'Mozilla/5.0 (Windows NT 10.0; WOW64) AppleWebKit/537.36 (KHTML, like Gecko) Chrome/69.0.3497.81 Safari/537.36',
  'origin' => 'http://cumtdininghall.com',
  'connection' => 'close',
  'host' => 'cumtdininghall.com',
)
[ info ] [ PARAM ] array (
)
[ info ] [ LOG ] INIT File
---------------------------------------------------------------
[ 2019-05-07T12:40:22+08:00 ] 127.0.0.1 GET cumtdininghall.com/font/DroidSans.woff
[运行时间：0.019170s] [吞吐率：52.16req/s] [内存消耗：1,090.86kb] [文件加载：35]
[ info ] [ LANG ] D:\phpstudy\PHPTutorial\WWW\cumtdininghall\thinkphp\lang\zh-cn.php
[ info ] [ ROUTE ] array (
  'type' => 'module',
  'module' => 
  array (
    0 => 'font',
    1 => 'DroidSans.woff',
    2 => NULL,
  ),
)
[ info ] [ HEADER ] array (
  'cookie' => 'pgv_pvi=7596739584; thinkphp_show_page_trace=0|0; PHPSESSID=heafmbmcq3spq1gdad64q2hot4',
  'accept-language' => 'zh-CN,zh;q=0.9',
  'accept-encoding' => 'gzip, deflate',
  'referer' => 'http://cumtdininghall.com/css/indexstyle.css',
  'accept' => '*/*',
  'user-agent' => 'Mozilla/5.0 (Windows NT 10.0; WOW64) AppleWebKit/537.36 (KHTML, like Gecko) Chrome/69.0.3497.81 Safari/537.36',
  'origin' => 'http://cumtdininghall.com',
  'connection' => 'close',
  'host' => 'cumtdininghall.com',
)
[ info ] [ PARAM ] array (
)
[ info ] [ LOG ] INIT File
---------------------------------------------------------------
[ 2019-05-07T12:40:30+08:00 ] 127.0.0.1 GET cumtdininghall.com/index/index/index.html
[运行时间：0.025746s] [吞吐率：38.84req/s] [内存消耗：1,359.68kb] [文件加载：42]
[ info ] [ LANG ] D:\phpstudy\PHPTutorial\WWW\cumtdininghall\thinkphp\lang\zh-cn.php
[ info ] [ ROUTE ] array (
  'type' => 'module',
  'module' => 
  array (
    0 => 'index',
    1 => 'index',
    2 => 'index',
  ),
)
[ info ] [ HEADER ] array (
  'cookie' => 'thinkphp_show_page_trace=0|0; pgv_pvi=7596739584; thinkphp_show_page_trace=0|0; PHPSESSID=heafmbmcq3spq1gdad64q2hot4',
  'accept-language' => 'zh-CN,zh;q=0.9',
  'accept-encoding' => 'gzip, deflate',
  'referer' => 'http://cumtdininghall.com/index/index/index.html',
  'accept' => 'text/html,application/xhtml+xml,application/xml;q=0.9,image/webp,image/apng,*/*;q=0.8',
  'user-agent' => 'Mozilla/5.0 (Windows NT 10.0; WOW64) AppleWebKit/537.36 (KHTML, like Gecko) Chrome/69.0.3497.81 Safari/537.36',
  'upgrade-insecure-requests' => '1',
  'connection' => 'close',
  'host' => 'cumtdininghall.com',
)
[ info ] [ PARAM ] array (
)
[ info ] [ RUN ] app\index\controller\Index->index[ D:\phpstudy\PHPTutorial\WWW\cumtdininghall\application\index\controller\Index.php ]
[ info ] [ VIEW ] D:\phpstudy\PHPTutorial\WWW\cumtdininghall\public/../application/index\view\index\index.html [ array (
) ]
[ info ] [ LOG ] INIT File
---------------------------------------------------------------
[ 2019-05-07T12:40:30+08:00 ] 127.0.0.1 GET cumtdininghall.com/font/RobotoSlabLight.woff
[运行时间：0.020831s] [吞吐率：48.01req/s] [内存消耗：1,090.95kb] [文件加载：35]
[ info ] [ LANG ] D:\phpstudy\PHPTutorial\WWW\cumtdininghall\thinkphp\lang\zh-cn.php
[ info ] [ ROUTE ] array (
  'type' => 'module',
  'module' => 
  array (
    0 => 'font',
    1 => 'RobotoSlabLight.woff',
    2 => NULL,
  ),
)
[ info ] [ HEADER ] array (
  'cookie' => 'pgv_pvi=7596739584; thinkphp_show_page_trace=0|0; PHPSESSID=heafmbmcq3spq1gdad64q2hot4',
  'accept-language' => 'zh-CN,zh;q=0.9',
  'accept-encoding' => 'gzip, deflate',
  'referer' => 'http://cumtdininghall.com/css/indexstyle.css',
  'accept' => '*/*',
  'user-agent' => 'Mozilla/5.0 (Windows NT 10.0; WOW64) AppleWebKit/537.36 (KHTML, like Gecko) Chrome/69.0.3497.81 Safari/537.36',
  'origin' => 'http://cumtdininghall.com',
  'connection' => 'close',
  'host' => 'cumtdininghall.com',
)
[ info ] [ PARAM ] array (
)
[ info ] [ LOG ] INIT File
---------------------------------------------------------------
[ 2019-05-07T12:40:31+08:00 ] 127.0.0.1 GET cumtdininghall.com/font/DroidSans.woff
[运行时间：0.019331s] [吞吐率：51.73req/s] [内存消耗：1,090.86kb] [文件加载：35]
[ info ] [ LANG ] D:\phpstudy\PHPTutorial\WWW\cumtdininghall\thinkphp\lang\zh-cn.php
[ info ] [ ROUTE ] array (
  'type' => 'module',
  'module' => 
  array (
    0 => 'font',
    1 => 'DroidSans.woff',
    2 => NULL,
  ),
)
[ info ] [ HEADER ] array (
  'cookie' => 'pgv_pvi=7596739584; thinkphp_show_page_trace=0|0; PHPSESSID=heafmbmcq3spq1gdad64q2hot4',
  'accept-language' => 'zh-CN,zh;q=0.9',
  'accept-encoding' => 'gzip, deflate',
  'referer' => 'http://cumtdininghall.com/css/indexstyle.css',
  'accept' => '*/*',
  'user-agent' => 'Mozilla/5.0 (Windows NT 10.0; WOW64) AppleWebKit/537.36 (KHTML, like Gecko) Chrome/69.0.3497.81 Safari/537.36',
  'origin' => 'http://cumtdininghall.com',
  'connection' => 'close',
  'host' => 'cumtdininghall.com',
)
[ info ] [ PARAM ] array (
)
[ info ] [ LOG ] INIT File
---------------------------------------------------------------
[ 2019-05-07T12:40:32+08:00 ] 127.0.0.1 GET cumtdininghall.com/index/index/login.html
[运行时间：0.058692s] [吞吐率：17.04req/s] [内存消耗：1,359.64kb] [文件加载：42]
[ info ] [ LANG ] D:\phpstudy\PHPTutorial\WWW\cumtdininghall\thinkphp\lang\zh-cn.php
[ info ] [ ROUTE ] array (
  'type' => 'module',
  'module' => 
  array (
    0 => 'index',
    1 => 'index',
    2 => 'login',
  ),
)
[ info ] [ HEADER ] array (
  'cookie' => 'thinkphp_show_page_trace=0|0; pgv_pvi=7596739584; thinkphp_show_page_trace=0|0; PHPSESSID=heafmbmcq3spq1gdad64q2hot4',
  'accept-language' => 'zh-CN,zh;q=0.9',
  'accept-encoding' => 'gzip, deflate',
  'referer' => 'http://cumtdininghall.com/index/index/index.html',
  'accept' => 'text/html,application/xhtml+xml,application/xml;q=0.9,image/webp,image/apng,*/*;q=0.8',
  'user-agent' => 'Mozilla/5.0 (Windows NT 10.0; WOW64) AppleWebKit/537.36 (KHTML, like Gecko) Chrome/69.0.3497.81 Safari/537.36',
  'upgrade-insecure-requests' => '1',
  'connection' => 'close',
  'host' => 'cumtdininghall.com',
)
[ info ] [ PARAM ] array (
)
[ info ] [ RUN ] app\index\controller\Index->login[ D:\phpstudy\PHPTutorial\WWW\cumtdininghall\application\index\controller\Index.php ]
[ info ] [ VIEW ] D:\phpstudy\PHPTutorial\WWW\cumtdininghall\public/../application/index\view\index\login.html [ array (
) ]
[ info ] [ LOG ] INIT File
---------------------------------------------------------------
[ 2019-05-07T12:40:32+08:00 ] 127.0.0.1 GET cumtdininghall.com/captcha.html
[运行时间：0.041420s] [吞吐率：24.14req/s] [内存消耗：1,079.19kb] [文件加载：31]
[ info ] [ LANG ] D:\phpstudy\PHPTutorial\WWW\cumtdininghall\thinkphp\lang\zh-cn.php
[ info ] [ ROUTE ] array (
  'type' => 'method',
  'method' => 
  array (
    0 => '\\think\\captcha\\CaptchaController',
    1 => 'index',
  ),
  'var' => 
  array (
  ),
)
[ info ] [ HEADER ] array (
  'cookie' => 'pgv_pvi=7596739584; thinkphp_show_page_trace=0|0; PHPSESSID=heafmbmcq3spq1gdad64q2hot4',
  'accept-language' => 'zh-CN,zh;q=0.9',
  'accept-encoding' => 'gzip, deflate',
  'referer' => 'http://cumtdininghall.com/index/index/login.html',
  'accept' => 'image/webp,image/apng,image/*,*/*;q=0.8',
  'user-agent' => 'Mozilla/5.0 (Windows NT 10.0; WOW64) AppleWebKit/537.36 (KHTML, like Gecko) Chrome/69.0.3497.81 Safari/537.36',
  'connection' => 'close',
  'host' => 'cumtdininghall.com',
)
[ info ] [ PARAM ] array (
  'id' => NULL,
)
[ info ] [ RUN ] think\captcha\CaptchaController->index[ D:\phpstudy\PHPTutorial\WWW\cumtdininghall\vendor\topthink\think-captcha\src\CaptchaController.php ]
[ info ] [ SESSION ] INIT array (
  'id' => '',
  'var_session_id' => '',
  'prefix' => 'think',
  'type' => '',
  'auto_start' => true,
)
[ info ] [ LOG ] INIT File
---------------------------------------------------------------
[ 2019-05-07T14:24:51+08:00 ] 127.0.0.1 GET cumtdininghall.com/
[运行时间：0.608252s] [吞吐率：1.64req/s] [内存消耗：1,356.17kb] [文件加载：42]
[ info ] [ LANG ] D:\phpstudy\PHPTutorial\WWW\cumtdininghall\thinkphp\lang\zh-cn.php
[ info ] [ ROUTE ] array (
  'type' => 'module',
  'module' => 
  array (
    0 => '',
    1 => NULL,
    2 => NULL,
  ),
)
[ info ] [ HEADER ] array (
  'cookie' => 'pgv_pvi=7596739584',
  'accept-language' => 'zh-CN,zh;q=0.9',
  'accept-encoding' => 'gzip, deflate',
  'purpose' => 'prefetch',
  'accept' => 'text/html,application/xhtml+xml,application/xml;q=0.9,image/webp,image/apng,*/*;q=0.8,application/signed-exchange;v=b3',
  'user-agent' => 'Mozilla/5.0 (Windows NT 10.0; Win64; x64) AppleWebKit/537.36 (KHTML, like Gecko) Chrome/74.0.3729.131 Safari/537.36',
  'upgrade-insecure-requests' => '1',
  'connection' => 'close',
  'host' => 'cumtdininghall.com',
)
[ info ] [ PARAM ] array (
)
[ info ] [ RUN ] app\index\controller\Index->index[ D:\phpstudy\PHPTutorial\WWW\cumtdininghall\application\index\controller\Index.php ]
[ info ] [ VIEW ] D:\phpstudy\PHPTutorial\WWW\cumtdininghall\public/../application/index\view\index\index.html [ array (
) ]
[ info ] [ LOG ] INIT File
---------------------------------------------------------------
[ 2019-05-07T14:24:52+08:00 ] 127.0.0.1 GET cumtdininghall.com/font/DroidSans.woff
[运行时间：0.096262s] [吞吐率：10.39req/s] [内存消耗：1,090.79kb] [文件加载：35]
[ info ] [ LANG ] D:\phpstudy\PHPTutorial\WWW\cumtdininghall\thinkphp\lang\zh-cn.php
[ info ] [ ROUTE ] array (
  'type' => 'module',
  'module' => 
  array (
    0 => 'font',
    1 => 'DroidSans.woff',
    2 => NULL,
  ),
)
[ info ] [ HEADER ] array (
  'cookie' => 'pgv_pvi=7596739584; thinkphp_show_page_trace=0|0',
  'accept-language' => 'zh-CN,zh;q=0.9',
  'accept-encoding' => 'gzip, deflate',
  'referer' => 'http://cumtdininghall.com/css/indexstyle.css',
  'accept' => '*/*',
  'user-agent' => 'Mozilla/5.0 (Windows NT 10.0; Win64; x64) AppleWebKit/537.36 (KHTML, like Gecko) Chrome/74.0.3729.131 Safari/537.36',
  'origin' => 'http://cumtdininghall.com',
  'connection' => 'close',
  'host' => 'cumtdininghall.com',
)
[ info ] [ PARAM ] array (
)
[ info ] [ LOG ] INIT File
---------------------------------------------------------------
[ 2019-05-07T14:24:53+08:00 ] 127.0.0.1 GET cumtdininghall.com/font/RobotoSlabLight.woff
[运行时间：0.022647s] [吞吐率：44.16req/s] [内存消耗：1,090.82kb] [文件加载：35]
[ info ] [ LANG ] D:\phpstudy\PHPTutorial\WWW\cumtdininghall\thinkphp\lang\zh-cn.php
[ info ] [ ROUTE ] array (
  'type' => 'module',
  'module' => 
  array (
    0 => 'font',
    1 => 'RobotoSlabLight.woff',
    2 => NULL,
  ),
)
[ info ] [ HEADER ] array (
  'cookie' => 'pgv_pvi=7596739584; thinkphp_show_page_trace=0|0',
  'accept-language' => 'zh-CN,zh;q=0.9',
  'accept-encoding' => 'gzip, deflate',
  'referer' => 'http://cumtdininghall.com/css/indexstyle.css',
  'accept' => '*/*',
  'user-agent' => 'Mozilla/5.0 (Windows NT 10.0; Win64; x64) AppleWebKit/537.36 (KHTML, like Gecko) Chrome/74.0.3729.131 Safari/537.36',
  'origin' => 'http://cumtdininghall.com',
  'connection' => 'close',
  'host' => 'cumtdininghall.com',
)
[ info ] [ PARAM ] array (
)
[ info ] [ LOG ] INIT File
---------------------------------------------------------------
[ 2019-05-07T14:24:57+08:00 ] 127.0.0.1 GET cumtdininghall.com/index/index/login.html
[运行时间：0.077413s] [吞吐率：12.92req/s] [内存消耗：1,359.48kb] [文件加载：42]
[ info ] [ LANG ] D:\phpstudy\PHPTutorial\WWW\cumtdininghall\thinkphp\lang\zh-cn.php
[ info ] [ ROUTE ] array (
  'type' => 'module',
  'module' => 
  array (
    0 => 'index',
    1 => 'index',
    2 => 'login',
  ),
)
[ info ] [ HEADER ] array (
  'cookie' => 'pgv_pvi=7596739584; thinkphp_show_page_trace=0|0',
  'accept-language' => 'zh-CN,zh;q=0.9',
  'accept-encoding' => 'gzip, deflate',
  'referer' => 'http://cumtdininghall.com/',
  'accept' => 'text/html,application/xhtml+xml,application/xml;q=0.9,image/webp,image/apng,*/*;q=0.8,application/signed-exchange;v=b3',
  'user-agent' => 'Mozilla/5.0 (Windows NT 10.0; Win64; x64) AppleWebKit/537.36 (KHTML, like Gecko) Chrome/74.0.3729.131 Safari/537.36',
  'upgrade-insecure-requests' => '1',
  'connection' => 'close',
  'host' => 'cumtdininghall.com',
)
[ info ] [ PARAM ] array (
)
[ info ] [ RUN ] app\index\controller\Index->login[ D:\phpstudy\PHPTutorial\WWW\cumtdininghall\application\index\controller\Index.php ]
[ info ] [ VIEW ] D:\phpstudy\PHPTutorial\WWW\cumtdininghall\public/../application/index\view\index\login.html [ array (
) ]
[ info ] [ LOG ] INIT File
---------------------------------------------------------------
[ 2019-05-07T14:24:57+08:00 ] 127.0.0.1 GET cumtdininghall.com/captcha.html
[运行时间：0.151134s] [吞吐率：6.62req/s] [内存消耗：1,078.98kb] [文件加载：31]
[ info ] [ LANG ] D:\phpstudy\PHPTutorial\WWW\cumtdininghall\thinkphp\lang\zh-cn.php
[ info ] [ ROUTE ] array (
  'type' => 'method',
  'method' => 
  array (
    0 => '\\think\\captcha\\CaptchaController',
    1 => 'index',
  ),
  'var' => 
  array (
  ),
)
[ info ] [ HEADER ] array (
  'cookie' => 'pgv_pvi=7596739584; thinkphp_show_page_trace=0|0',
  'accept-language' => 'zh-CN,zh;q=0.9',
  'accept-encoding' => 'gzip, deflate',
  'referer' => 'http://cumtdininghall.com/index/index/login.html',
  'accept' => 'image/webp,image/apng,image/*,*/*;q=0.8',
  'user-agent' => 'Mozilla/5.0 (Windows NT 10.0; Win64; x64) AppleWebKit/537.36 (KHTML, like Gecko) Chrome/74.0.3729.131 Safari/537.36',
  'connection' => 'close',
  'host' => 'cumtdininghall.com',
)
[ info ] [ PARAM ] array (
  'id' => NULL,
)
[ info ] [ RUN ] think\captcha\CaptchaController->index[ D:\phpstudy\PHPTutorial\WWW\cumtdininghall\vendor\topthink\think-captcha\src\CaptchaController.php ]
[ info ] [ SESSION ] INIT array (
  'id' => '',
  'var_session_id' => '',
  'prefix' => 'think',
  'type' => '',
  'auto_start' => true,
)
[ info ] [ LOG ] INIT File
---------------------------------------------------------------
[ 2019-05-07T14:24:59+08:00 ] 127.0.0.1 GET cumtdininghall.com/font/DroidSans.woff
[运行时间：0.028494s] [吞吐率：35.10req/s] [内存消耗：1,090.93kb] [文件加载：35]
[ info ] [ LANG ] D:\phpstudy\PHPTutorial\WWW\cumtdininghall\thinkphp\lang\zh-cn.php
[ info ] [ ROUTE ] array (
  'type' => 'module',
  'module' => 
  array (
    0 => 'font',
    1 => 'DroidSans.woff',
    2 => NULL,
  ),
)
[ info ] [ HEADER ] array (
  'cookie' => 'pgv_pvi=7596739584; thinkphp_show_page_trace=0|0; PHPSESSID=huu8avo49g3mudq0b40dsmu7v2',
  'accept-language' => 'zh-CN,zh;q=0.9',
  'accept-encoding' => 'gzip, deflate',
  'referer' => 'http://cumtdininghall.com/css/indexstyle.css',
  'accept' => '*/*',
  'user-agent' => 'Mozilla/5.0 (Windows NT 10.0; Win64; x64) AppleWebKit/537.36 (KHTML, like Gecko) Chrome/74.0.3729.131 Safari/537.36',
  'origin' => 'http://cumtdininghall.com',
  'connection' => 'close',
  'host' => 'cumtdininghall.com',
)
[ info ] [ PARAM ] array (
)
[ info ] [ LOG ] INIT File
---------------------------------------------------------------
[ 2019-05-07T14:25:00+08:00 ] 127.0.0.1 GET cumtdininghall.com/index/index/login.html
[运行时间：0.028216s] [吞吐率：35.44req/s] [内存消耗：1,359.77kb] [文件加载：42]
[ info ] [ LANG ] D:\phpstudy\PHPTutorial\WWW\cumtdininghall\thinkphp\lang\zh-cn.php
[ info ] [ ROUTE ] array (
  'type' => 'module',
  'module' => 
  array (
    0 => 'index',
    1 => 'index',
    2 => 'login',
  ),
)
[ info ] [ HEADER ] array (
  'cookie' => 'thinkphp_show_page_trace=0|0; pgv_pvi=7596739584; thinkphp_show_page_trace=0|0; PHPSESSID=huu8avo49g3mudq0b40dsmu7v2',
  'accept-language' => 'zh-CN,zh;q=0.9',
  'accept-encoding' => 'gzip, deflate',
  'referer' => 'http://cumtdininghall.com/',
  'accept' => 'text/html,application/xhtml+xml,application/xml;q=0.9,image/webp,image/apng,*/*;q=0.8,application/signed-exchange;v=b3',
  'user-agent' => 'Mozilla/5.0 (Windows NT 10.0; Win64; x64) AppleWebKit/537.36 (KHTML, like Gecko) Chrome/74.0.3729.131 Safari/537.36',
  'upgrade-insecure-requests' => '1',
  'connection' => 'close',
  'host' => 'cumtdininghall.com',
)
[ info ] [ PARAM ] array (
)
[ info ] [ RUN ] app\index\controller\Index->login[ D:\phpstudy\PHPTutorial\WWW\cumtdininghall\application\index\controller\Index.php ]
[ info ] [ VIEW ] D:\phpstudy\PHPTutorial\WWW\cumtdininghall\public/../application/index\view\index\login.html [ array (
) ]
[ info ] [ LOG ] INIT File
---------------------------------------------------------------
[ 2019-05-07T14:25:00+08:00 ] 127.0.0.1 GET cumtdininghall.com/captcha.html
[运行时间：0.024765s] [吞吐率：40.38req/s] [内存消耗：1,078.95kb] [文件加载：31]
[ info ] [ LANG ] D:\phpstudy\PHPTutorial\WWW\cumtdininghall\thinkphp\lang\zh-cn.php
[ info ] [ ROUTE ] array (
  'type' => 'method',
  'method' => 
  array (
    0 => '\\think\\captcha\\CaptchaController',
    1 => 'index',
  ),
  'var' => 
  array (
  ),
)
[ info ] [ HEADER ] array (
  'cookie' => 'pgv_pvi=7596739584; thinkphp_show_page_trace=0|0; PHPSESSID=huu8avo49g3mudq0b40dsmu7v2',
  'accept-language' => 'zh-CN,zh;q=0.9',
  'accept-encoding' => 'gzip, deflate',
  'referer' => 'http://cumtdininghall.com/index/index/login.html',
  'accept' => 'image/webp,image/apng,image/*,*/*;q=0.8',
  'user-agent' => 'Mozilla/5.0 (Windows NT 10.0; Win64; x64) AppleWebKit/537.36 (KHTML, like Gecko) Chrome/74.0.3729.131 Safari/537.36',
  'connection' => 'close',
  'host' => 'cumtdininghall.com',
)
[ info ] [ PARAM ] array (
  'id' => NULL,
)
[ info ] [ RUN ] think\captcha\CaptchaController->index[ D:\phpstudy\PHPTutorial\WWW\cumtdininghall\vendor\topthink\think-captcha\src\CaptchaController.php ]
[ info ] [ SESSION ] INIT array (
  'id' => '',
  'var_session_id' => '',
  'prefix' => 'think',
  'type' => '',
  'auto_start' => true,
)
[ info ] [ LOG ] INIT File
---------------------------------------------------------------
[ 2019-05-07T14:25:04+08:00 ] 127.0.0.1 GET cumtdininghall.com/index/index/register.html
[运行时间：0.187754s] [吞吐率：5.33req/s] [内存消耗：1,359.77kb] [文件加载：42]
[ info ] [ LANG ] D:\phpstudy\PHPTutorial\WWW\cumtdininghall\thinkphp\lang\zh-cn.php
[ info ] [ ROUTE ] array (
  'type' => 'module',
  'module' => 
  array (
    0 => 'index',
    1 => 'index',
    2 => 'register',
  ),
)
[ info ] [ HEADER ] array (
  'cookie' => 'thinkphp_show_page_trace=0|0; pgv_pvi=7596739584; thinkphp_show_page_trace=0|0; PHPSESSID=huu8avo49g3mudq0b40dsmu7v2',
  'accept-language' => 'zh-CN,zh;q=0.9',
  'accept-encoding' => 'gzip, deflate',
  'referer' => 'http://cumtdininghall.com/',
  'accept' => 'text/html,application/xhtml+xml,application/xml;q=0.9,image/webp,image/apng,*/*;q=0.8,application/signed-exchange;v=b3',
  'user-agent' => 'Mozilla/5.0 (Windows NT 10.0; Win64; x64) AppleWebKit/537.36 (KHTML, like Gecko) Chrome/74.0.3729.131 Safari/537.36',
  'upgrade-insecure-requests' => '1',
  'connection' => 'close',
  'host' => 'cumtdininghall.com',
)
[ info ] [ PARAM ] array (
)
[ info ] [ RUN ] app\index\controller\Index->register[ D:\phpstudy\PHPTutorial\WWW\cumtdininghall\application\index\controller\Index.php ]
[ info ] [ VIEW ] D:\phpstudy\PHPTutorial\WWW\cumtdininghall\public/../application/index\view\index\register.html [ array (
) ]
[ info ] [ LOG ] INIT File
---------------------------------------------------------------
[ 2019-05-07T14:25:04+08:00 ] 127.0.0.1 GET cumtdininghall.com/captcha.html
[运行时间：0.109976s] [吞吐率：9.09req/s] [内存消耗：1,078.94kb] [文件加载：31]
[ info ] [ LANG ] D:\phpstudy\PHPTutorial\WWW\cumtdininghall\thinkphp\lang\zh-cn.php
[ info ] [ ROUTE ] array (
  'type' => 'method',
  'method' => 
  array (
    0 => '\\think\\captcha\\CaptchaController',
    1 => 'index',
  ),
  'var' => 
  array (
  ),
)
[ info ] [ HEADER ] array (
  'cookie' => 'pgv_pvi=7596739584; thinkphp_show_page_trace=0|0; PHPSESSID=huu8avo49g3mudq0b40dsmu7v2',
  'accept-language' => 'zh-CN,zh;q=0.9',
  'accept-encoding' => 'gzip, deflate',
  'referer' => 'http://cumtdininghall.com/index/index/register.html',
  'accept' => 'image/webp,image/apng,image/*,*/*;q=0.8',
  'user-agent' => 'Mozilla/5.0 (Windows NT 10.0; Win64; x64) AppleWebKit/537.36 (KHTML, like Gecko) Chrome/74.0.3729.131 Safari/537.36',
  'connection' => 'close',
  'host' => 'cumtdininghall.com',
)
[ info ] [ PARAM ] array (
  'id' => NULL,
)
[ info ] [ RUN ] think\captcha\CaptchaController->index[ D:\phpstudy\PHPTutorial\WWW\cumtdininghall\vendor\topthink\think-captcha\src\CaptchaController.php ]
[ info ] [ SESSION ] INIT array (
  'id' => '',
  'var_session_id' => '',
  'prefix' => 'think',
  'type' => '',
  'auto_start' => true,
)
[ info ] [ LOG ] INIT File
---------------------------------------------------------------
[ 2019-05-07T14:25:11+08:00 ] 127.0.0.1 GET cumtdininghall.com/admin/user/index
[运行时间：0.459331s] [吞吐率：2.18req/s] [内存消耗：1,374.24kb] [文件加载：43]
[ info ] [ LANG ] D:\phpstudy\PHPTutorial\WWW\cumtdininghall\thinkphp\lang\zh-cn.php
[ info ] [ ROUTE ] array (
  'type' => 'module',
  'module' => 
  array (
    0 => 'admin',
    1 => 'user',
    2 => 'index',
  ),
)
[ info ] [ HEADER ] array (
  'cookie' => 'pgv_pvi=7596739584; thinkphp_show_page_trace=0|0; PHPSESSID=huu8avo49g3mudq0b40dsmu7v2',
  'accept-language' => 'zh-CN,zh;q=0.9',
  'accept-encoding' => 'gzip, deflate',
  'accept' => 'text/html,application/xhtml+xml,application/xml;q=0.9,image/webp,image/apng,*/*;q=0.8,application/signed-exchange;v=b3',
  'user-agent' => 'Mozilla/5.0 (Windows NT 10.0; Win64; x64) AppleWebKit/537.36 (KHTML, like Gecko) Chrome/74.0.3729.131 Safari/537.36',
  'upgrade-insecure-requests' => '1',
  'connection' => 'close',
  'host' => 'cumtdininghall.com',
)
[ info ] [ PARAM ] array (
)
[ info ] [ SESSION ] INIT array (
  'id' => '',
  'var_session_id' => '',
  'prefix' => 'think',
  'type' => '',
  'auto_start' => true,
)
[ info ] [ VIEW ] D:\phpstudy\PHPTutorial\WWW\cumtdininghall\thinkphp\tpl\dispatch_jump.tpl [ array (
  0 => 'code',
  1 => 'msg',
  2 => 'data',
  3 => 'url',
  4 => 'wait',
) ]
[ info ] [ LOG ] INIT File
---------------------------------------------------------------
[ 2019-05-07T14:25:12+08:00 ] 127.0.0.1 GET cumtdininghall.com/admin/index/login.html
[运行时间：0.239061s] [吞吐率：4.18req/s] [内存消耗：1,355.34kb] [文件加载：41]
[ info ] [ LANG ] D:\phpstudy\PHPTutorial\WWW\cumtdininghall\thinkphp\lang\zh-cn.php
[ info ] [ ROUTE ] array (
  'type' => 'module',
  'module' => 
  array (
    0 => 'admin',
    1 => 'index',
    2 => 'login',
  ),
)
[ info ] [ HEADER ] array (
  'cookie' => 'pgv_pvi=7596739584; thinkphp_show_page_trace=0|0; PHPSESSID=huu8avo49g3mudq0b40dsmu7v2',
  'accept-language' => 'zh-CN,zh;q=0.9',
  'accept-encoding' => 'gzip, deflate',
  'referer' => 'http://cumtdininghall.com/admin/user/index',
  'accept' => 'text/html,application/xhtml+xml,application/xml;q=0.9,image/webp,image/apng,*/*;q=0.8,application/signed-exchange;v=b3',
  'user-agent' => 'Mozilla/5.0 (Windows NT 10.0; Win64; x64) AppleWebKit/537.36 (KHTML, like Gecko) Chrome/74.0.3729.131 Safari/537.36',
  'upgrade-insecure-requests' => '1',
  'connection' => 'close',
  'host' => 'cumtdininghall.com',
)
[ info ] [ PARAM ] array (
)
[ info ] [ RUN ] app\admin\controller\Index->login[ D:\phpstudy\PHPTutorial\WWW\cumtdininghall\application\admin\controller\Index.php ]
[ info ] [ VIEW ] D:\phpstudy\PHPTutorial\WWW\cumtdininghall\public/../application/admin\view\index\login.html [ array (
) ]
[ info ] [ LOG ] INIT File
---------------------------------------------------------------
[ 2019-05-07T14:25:12+08:00 ] 127.0.0.1 GET cumtdininghall.com/captcha.html
[运行时间：0.072861s] [吞吐率：13.72req/s] [内存消耗：1,078.91kb] [文件加载：31]
[ info ] [ LANG ] D:\phpstudy\PHPTutorial\WWW\cumtdininghall\thinkphp\lang\zh-cn.php
[ info ] [ ROUTE ] array (
  'type' => 'method',
  'method' => 
  array (
    0 => '\\think\\captcha\\CaptchaController',
    1 => 'index',
  ),
  'var' => 
  array (
  ),
)
[ info ] [ HEADER ] array (
  'cookie' => 'pgv_pvi=7596739584; thinkphp_show_page_trace=0|0; PHPSESSID=huu8avo49g3mudq0b40dsmu7v2',
  'accept-language' => 'zh-CN,zh;q=0.9',
  'accept-encoding' => 'gzip, deflate',
  'referer' => 'http://cumtdininghall.com/admin/index/login.html',
  'accept' => 'image/webp,image/apng,image/*,*/*;q=0.8',
  'user-agent' => 'Mozilla/5.0 (Windows NT 10.0; Win64; x64) AppleWebKit/537.36 (KHTML, like Gecko) Chrome/74.0.3729.131 Safari/537.36',
  'connection' => 'close',
  'host' => 'cumtdininghall.com',
)
[ info ] [ PARAM ] array (
  'id' => NULL,
)
[ info ] [ RUN ] think\captcha\CaptchaController->index[ D:\phpstudy\PHPTutorial\WWW\cumtdininghall\vendor\topthink\think-captcha\src\CaptchaController.php ]
[ info ] [ SESSION ] INIT array (
  'id' => '',
  'var_session_id' => '',
  'prefix' => 'think',
  'type' => '',
  'auto_start' => true,
)
[ info ] [ LOG ] INIT File
---------------------------------------------------------------
[ 2019-05-07T14:25:24+08:00 ] 127.0.0.1 GET cumtdininghall.com/captcha.html?
[运行时间：0.044585s] [吞吐率：22.43req/s] [内存消耗：1,078.96kb] [文件加载：31]
[ info ] [ LANG ] D:\phpstudy\PHPTutorial\WWW\cumtdininghall\thinkphp\lang\zh-cn.php
[ info ] [ ROUTE ] array (
  'type' => 'method',
  'method' => 
  array (
    0 => '\\think\\captcha\\CaptchaController',
    1 => 'index',
  ),
  'var' => 
  array (
  ),
)
[ info ] [ HEADER ] array (
  'cookie' => 'pgv_pvi=7596739584; thinkphp_show_page_trace=0|0; PHPSESSID=huu8avo49g3mudq0b40dsmu7v2',
  'accept-language' => 'zh-CN,zh;q=0.9',
  'accept-encoding' => 'gzip, deflate',
  'referer' => 'http://cumtdininghall.com/admin/index/login.html',
  'accept' => 'image/webp,image/apng,image/*,*/*;q=0.8',
  'user-agent' => 'Mozilla/5.0 (Windows NT 10.0; Win64; x64) AppleWebKit/537.36 (KHTML, like Gecko) Chrome/74.0.3729.131 Safari/537.36',
  'connection' => 'close',
  'host' => 'cumtdininghall.com',
)
[ info ] [ PARAM ] array (
  'id' => NULL,
)
[ info ] [ RUN ] think\captcha\CaptchaController->index[ D:\phpstudy\PHPTutorial\WWW\cumtdininghall\vendor\topthink\think-captcha\src\CaptchaController.php ]
[ info ] [ SESSION ] INIT array (
  'id' => '',
  'var_session_id' => '',
  'prefix' => 'think',
  'type' => '',
  'auto_start' => true,
)
[ info ] [ LOG ] INIT File
---------------------------------------------------------------
[ 2019-05-07T14:25:28+08:00 ] 127.0.0.1 POST cumtdininghall.com/admin/index/check
[运行时间：0.453270s] [吞吐率：2.21req/s] [内存消耗：2,298.14kb] [文件加载：51]
[ info ] [ LANG ] D:\phpstudy\PHPTutorial\WWW\cumtdininghall\thinkphp\lang\zh-cn.php
[ info ] [ ROUTE ] array (
  'type' => 'module',
  'module' => 
  array (
    0 => 'admin',
    1 => 'index',
    2 => 'check',
  ),
)
[ info ] [ HEADER ] array (
  'cookie' => 'thinkphp_show_page_trace=0|0; pgv_pvi=7596739584; thinkphp_show_page_trace=0|0; PHPSESSID=huu8avo49g3mudq0b40dsmu7v2',
  'accept-language' => 'zh-CN,zh;q=0.9',
  'accept-encoding' => 'gzip, deflate',
  'referer' => 'http://cumtdininghall.com/admin/index/login.html',
  'accept' => 'text/html,application/xhtml+xml,application/xml;q=0.9,image/webp,image/apng,*/*;q=0.8,application/signed-exchange;v=b3',
  'user-agent' => 'Mozilla/5.0 (Windows NT 10.0; Win64; x64) AppleWebKit/537.36 (KHTML, like Gecko) Chrome/74.0.3729.131 Safari/537.36',
  'content-type' => 'application/x-www-form-urlencoded',
  'upgrade-insecure-requests' => '1',
  'origin' => 'http://cumtdininghall.com',
  'cache-control' => 'max-age=0',
  'content-length' => '36',
  'connection' => 'close',
  'host' => 'cumtdininghall.com',
)
[ info ] [ PARAM ] array (
  'name' => 'hello',
  'password' => '123456',
  'code' => '7LGD',
)
[ info ] [ RUN ] app\admin\controller\Index->check[ D:\phpstudy\PHPTutorial\WWW\cumtdininghall\application\admin\controller\Index.php ]
[ info ] [ DB ] INIT mysql
[ info ] [ SESSION ] INIT array (
  'id' => '',
  'var_session_id' => '',
  'prefix' => 'think',
  'type' => '',
  'auto_start' => true,
)
[ info ] [ VIEW ] D:\phpstudy\PHPTutorial\WWW\cumtdininghall\thinkphp\tpl\dispatch_jump.tpl [ array (
  0 => 'code',
  1 => 'msg',
  2 => 'data',
  3 => 'url',
  4 => 'wait',
) ]
[ info ] [ LOG ] INIT File
[ sql ] [ DB ] CONNECT:[ UseTime:0.075734s ] mysql:host=127.0.0.1;dbname=think;charset=utf8
[ sql ] [ SQL ] SHOW COLUMNS FROM `think_user` [ RunTime:0.099886s ]
[ sql ] [ SQL ] SELECT * FROM `think_user` WHERE (  `name` = 'hello' ) AND `think_user`.`delete_time` IS NULL LIMIT 1 [ RunTime:0.016080s ]
---------------------------------------------------------------
[ 2019-05-07T14:25:29+08:00 ] 127.0.0.1 GET cumtdininghall.com/admin/user/index.html
[运行时间：0.081905s] [吞吐率：12.21req/s] [内存消耗：1,367.76kb] [文件加载：42]
[ info ] [ LANG ] D:\phpstudy\PHPTutorial\WWW\cumtdininghall\thinkphp\lang\zh-cn.php
[ info ] [ ROUTE ] array (
  'type' => 'module',
  'module' => 
  array (
    0 => 'admin',
    1 => 'user',
    2 => 'index',
  ),
)
[ info ] [ HEADER ] array (
  'cookie' => 'thinkphp_show_page_trace=0|0; pgv_pvi=7596739584; thinkphp_show_page_trace=0|0; PHPSESSID=huu8avo49g3mudq0b40dsmu7v2',
  'accept-language' => 'zh-CN,zh;q=0.9',
  'accept-encoding' => 'gzip, deflate',
  'referer' => 'http://cumtdininghall.com/admin/index/check',
  'accept' => 'text/html,application/xhtml+xml,application/xml;q=0.9,image/webp,image/apng,*/*;q=0.8,application/signed-exchange;v=b3',
  'user-agent' => 'Mozilla/5.0 (Windows NT 10.0; Win64; x64) AppleWebKit/537.36 (KHTML, like Gecko) Chrome/74.0.3729.131 Safari/537.36',
  'upgrade-insecure-requests' => '1',
  'connection' => 'close',
  'host' => 'cumtdininghall.com',
)
[ info ] [ PARAM ] array (
)
[ info ] [ SESSION ] INIT array (
  'id' => '',
  'var_session_id' => '',
  'prefix' => 'think',
  'type' => '',
  'auto_start' => true,
)
[ info ] [ RUN ] app\admin\controller\User->index[ D:\phpstudy\PHPTutorial\WWW\cumtdininghall\application\admin\controller\User.php ]
[ info ] [ VIEW ] D:\phpstudy\PHPTutorial\WWW\cumtdininghall\public/../application/admin\view\user\index.html [ array (
) ]
[ info ] [ LOG ] INIT File
---------------------------------------------------------------
[ 2019-05-07T14:25:31+08:00 ] 127.0.0.1 GET cumtdininghall.com/admin/user/userlist.html
[运行时间：0.267715s] [吞吐率：3.74req/s] [内存消耗：2,364.91kb] [文件加载：54]
[ info ] [ LANG ] D:\phpstudy\PHPTutorial\WWW\cumtdininghall\thinkphp\lang\zh-cn.php
[ info ] [ ROUTE ] array (
  'type' => 'module',
  'module' => 
  array (
    0 => 'admin',
    1 => 'user',
    2 => 'userlist',
  ),
)
[ info ] [ HEADER ] array (
  'cookie' => 'thinkphp_show_page_trace=0|0; pgv_pvi=7596739584; thinkphp_show_page_trace=0|0; PHPSESSID=huu8avo49g3mudq0b40dsmu7v2',
  'accept-language' => 'zh-CN,zh;q=0.9',
  'accept-encoding' => 'gzip, deflate',
  'referer' => 'http://cumtdininghall.com/admin/user/index.html',
  'accept' => 'text/html,application/xhtml+xml,application/xml;q=0.9,image/webp,image/apng,*/*;q=0.8,application/signed-exchange;v=b3',
  'user-agent' => 'Mozilla/5.0 (Windows NT 10.0; Win64; x64) AppleWebKit/537.36 (KHTML, like Gecko) Chrome/74.0.3729.131 Safari/537.36',
  'upgrade-insecure-requests' => '1',
  'connection' => 'close',
  'host' => 'cumtdininghall.com',
)
[ info ] [ PARAM ] array (
)
[ info ] [ SESSION ] INIT array (
  'id' => '',
  'var_session_id' => '',
  'prefix' => 'think',
  'type' => '',
  'auto_start' => true,
)
[ info ] [ RUN ] app\admin\controller\User->userlist[ D:\phpstudy\PHPTutorial\WWW\cumtdininghall\application\admin\controller\User.php ]
[ info ] [ DB ] INIT mysql
[ info ] [ VIEW ] D:\phpstudy\PHPTutorial\WWW\cumtdininghall\public/../application/admin\view\user\userlist.html [ array (
  0 => 'data',
  1 => 'page',
) ]
[ info ] [ LOG ] INIT File
[ sql ] [ DB ] CONNECT:[ UseTime:0.001054s ] mysql:host=127.0.0.1;dbname=think;charset=utf8
[ sql ] [ SQL ] SHOW COLUMNS FROM `think_user` [ RunTime:0.008099s ]
[ sql ] [ SQL ] SELECT COUNT(*) AS tp_count FROM `think_user` WHERE `think_user`.`delete_time` IS NULL LIMIT 1 [ RunTime:0.000588s ]
[ sql ] [ SQL ] SELECT * FROM `think_user` WHERE `think_user`.`delete_time` IS NULL LIMIT 0,5 [ RunTime:0.000558s ]
---------------------------------------------------------------
[ 2019-05-07T14:25:31+08:00 ] 127.0.0.1 GET cumtdininghall.com/admin/article/articlelist.html
[运行时间：0.126508s] [吞吐率：7.90req/s] [内存消耗：2,347.23kb] [文件加载：54]
[ info ] [ LANG ] D:\phpstudy\PHPTutorial\WWW\cumtdininghall\thinkphp\lang\zh-cn.php
[ info ] [ ROUTE ] array (
  'type' => 'module',
  'module' => 
  array (
    0 => 'admin',
    1 => 'article',
    2 => 'articlelist',
  ),
)
[ info ] [ HEADER ] array (
  'cookie' => 'pgv_pvi=7596739584; thinkphp_show_page_trace=0|0; PHPSESSID=huu8avo49g3mudq0b40dsmu7v2',
  'accept-language' => 'zh-CN,zh;q=0.9',
  'accept-encoding' => 'gzip, deflate',
  'referer' => 'http://cumtdininghall.com/admin/user/userlist.html',
  'accept' => 'text/html,application/xhtml+xml,application/xml;q=0.9,image/webp,image/apng,*/*;q=0.8,application/signed-exchange;v=b3',
  'user-agent' => 'Mozilla/5.0 (Windows NT 10.0; Win64; x64) AppleWebKit/537.36 (KHTML, like Gecko) Chrome/74.0.3729.131 Safari/537.36',
  'upgrade-insecure-requests' => '1',
  'connection' => 'close',
  'host' => 'cumtdininghall.com',
)
[ info ] [ PARAM ] array (
)
[ info ] [ SESSION ] INIT array (
  'id' => '',
  'var_session_id' => '',
  'prefix' => 'think',
  'type' => '',
  'auto_start' => true,
)
[ info ] [ RUN ] app\admin\controller\Article->articlelist[ D:\phpstudy\PHPTutorial\WWW\cumtdininghall\application\admin\controller\Article.php ]
[ info ] [ DB ] INIT mysql
[ info ] [ VIEW ] D:\phpstudy\PHPTutorial\WWW\cumtdininghall\public/../application/admin\view\article\articlelist.html [ array (
  0 => 'data',
  1 => 'page',
) ]
[ info ] [ LOG ] INIT File
[ sql ] [ DB ] CONNECT:[ UseTime:0.011377s ] mysql:host=127.0.0.1;dbname=think;charset=utf8
[ sql ] [ SQL ] SHOW COLUMNS FROM `think_article` [ RunTime:0.043438s ]
[ sql ] [ SQL ] SELECT COUNT(*) AS tp_count FROM `think_article` WHERE `think_article`.`delete_time` IS NULL LIMIT 1 [ RunTime:0.000468s ]
[ sql ] [ SQL ] SELECT * FROM `think_article` WHERE `think_article`.`delete_time` IS NULL LIMIT 0,5 [ RunTime:0.000425s ]
---------------------------------------------------------------
[ 2019-05-07T14:25:32+08:00 ] 127.0.0.1 GET cumtdininghall.com/admin/user/userlist.html
[运行时间：0.057095s] [吞吐率：17.51req/s] [内存消耗：2,364.95kb] [文件加载：54]
[ info ] [ LANG ] D:\phpstudy\PHPTutorial\WWW\cumtdininghall\thinkphp\lang\zh-cn.php
[ info ] [ ROUTE ] array (
  'type' => 'module',
  'module' => 
  array (
    0 => 'admin',
    1 => 'user',
    2 => 'userlist',
  ),
)
[ info ] [ HEADER ] array (
  'cookie' => 'thinkphp_show_page_trace=0|0; pgv_pvi=7596739584; thinkphp_show_page_trace=0|0; PHPSESSID=huu8avo49g3mudq0b40dsmu7v2',
  'accept-language' => 'zh-CN,zh;q=0.9',
  'accept-encoding' => 'gzip, deflate',
  'referer' => 'http://cumtdininghall.com/admin/article/articlelist.html',
  'accept' => 'text/html,application/xhtml+xml,application/xml;q=0.9,image/webp,image/apng,*/*;q=0.8,application/signed-exchange;v=b3',
  'user-agent' => 'Mozilla/5.0 (Windows NT 10.0; Win64; x64) AppleWebKit/537.36 (KHTML, like Gecko) Chrome/74.0.3729.131 Safari/537.36',
  'upgrade-insecure-requests' => '1',
  'connection' => 'close',
  'host' => 'cumtdininghall.com',
)
[ info ] [ PARAM ] array (
)
[ info ] [ SESSION ] INIT array (
  'id' => '',
  'var_session_id' => '',
  'prefix' => 'think',
  'type' => '',
  'auto_start' => true,
)
[ info ] [ RUN ] app\admin\controller\User->userlist[ D:\phpstudy\PHPTutorial\WWW\cumtdininghall\application\admin\controller\User.php ]
[ info ] [ DB ] INIT mysql
[ info ] [ VIEW ] D:\phpstudy\PHPTutorial\WWW\cumtdininghall\public/../application/admin\view\user\userlist.html [ array (
  0 => 'data',
  1 => 'page',
) ]
[ info ] [ LOG ] INIT File
[ sql ] [ DB ] CONNECT:[ UseTime:0.000805s ] mysql:host=127.0.0.1;dbname=think;charset=utf8
[ sql ] [ SQL ] SHOW COLUMNS FROM `think_user` [ RunTime:0.011147s ]
[ sql ] [ SQL ] SELECT COUNT(*) AS tp_count FROM `think_user` WHERE `think_user`.`delete_time` IS NULL LIMIT 1 [ RunTime:0.000343s ]
[ sql ] [ SQL ] SELECT * FROM `think_user` WHERE `think_user`.`delete_time` IS NULL LIMIT 0,5 [ RunTime:0.000346s ]
