---------------------------------------------------------------
[ 2019-05-18T13:42:05+08:00 ] 127.0.0.1 GET cumtdininghall.com/admin/article/articlelist.html
[运行时间：0.598561s] [吞吐率：1.67req/s] [内存消耗：2,347.30kb] [文件加载：54]
[ info ] [ LANG ] D:\phpstudy\PHPTutorial\WWW\cumtdininghall\thinkphp\lang\zh-cn.php
[ info ] [ ROUTE ] array (
  'type' => 'module',
  'module' => 
  array (
    0 => 'admin',
    1 => 'article',
    2 => 'articlelist',
  ),
)
[ info ] [ HEADER ] array (
  'cookie' => 'thinkphp_show_page_trace=0|0; pgv_pvi=7596739584; thinkphp_show_page_trace=0|0; PHPSESSID=501jap2bvn1tt1v1atdckfhrv1',
  'accept-language' => 'zh-CN,zh;q=0.9',
  'accept-encoding' => 'gzip, deflate',
  'referer' => 'http://cumtdininghall.com/admin/user/index.html',
  'accept' => 'text/html,application/xhtml+xml,application/xml;q=0.9,image/webp,image/apng,*/*;q=0.8,application/signed-exchange;v=b3',
  'user-agent' => 'Mozilla/5.0 (Windows NT 10.0; Win64; x64) AppleWebKit/537.36 (KHTML, like Gecko) Chrome/74.0.3729.131 Safari/537.36',
  'upgrade-insecure-requests' => '1',
  'connection' => 'close',
  'host' => 'cumtdininghall.com',
)
[ info ] [ PARAM ] array (
)
[ info ] [ SESSION ] INIT array (
  'id' => '',
  'var_session_id' => '',
  'prefix' => 'think',
  'type' => '',
  'auto_start' => true,
)
[ info ] [ RUN ] app\admin\controller\Article->articlelist[ D:\phpstudy\PHPTutorial\WWW\cumtdininghall\application\admin\controller\Article.php ]
[ info ] [ DB ] INIT mysql
[ info ] [ VIEW ] D:\phpstudy\PHPTutorial\WWW\cumtdininghall\public/../application/admin\view\article\articlelist.html [ array (
  0 => 'data',
  1 => 'page',
) ]
[ info ] [ LOG ] INIT File
[ sql ] [ DB ] CONNECT:[ UseTime:0.015593s ] mysql:host=127.0.0.1;dbname=think;charset=utf8
[ sql ] [ SQL ] SHOW COLUMNS FROM `think_article` [ RunTime:0.034127s ]
[ sql ] [ SQL ] SELECT COUNT(*) AS tp_count FROM `think_article` WHERE `think_article`.`delete_time` IS NULL LIMIT 1 [ RunTime:0.008322s ]
[ sql ] [ SQL ] SELECT * FROM `think_article` WHERE `think_article`.`delete_time` IS NULL LIMIT 0,5 [ RunTime:0.000499s ]
---------------------------------------------------------------
[ 2019-05-18T13:42:09+08:00 ] 127.0.0.1 GET cumtdininghall.com/admin/comment/commentlist.html
[运行时间：0.153622s] [吞吐率：6.51req/s] [内存消耗：2,354.30kb] [文件加载：54]
[ info ] [ LANG ] D:\phpstudy\PHPTutorial\WWW\cumtdininghall\thinkphp\lang\zh-cn.php
[ info ] [ ROUTE ] array (
  'type' => 'module',
  'module' => 
  array (
    0 => 'admin',
    1 => 'comment',
    2 => 'commentlist',
  ),
)
[ info ] [ HEADER ] array (
  'cookie' => 'thinkphp_show_page_trace=0|0; pgv_pvi=7596739584; thinkphp_show_page_trace=0|0; PHPSESSID=501jap2bvn1tt1v1atdckfhrv1',
  'accept-language' => 'zh-CN,zh;q=0.9',
  'accept-encoding' => 'gzip, deflate',
  'referer' => 'http://cumtdininghall.com/admin/article/articlelist.html',
  'accept' => 'text/html,application/xhtml+xml,application/xml;q=0.9,image/webp,image/apng,*/*;q=0.8,application/signed-exchange;v=b3',
  'user-agent' => 'Mozilla/5.0 (Windows NT 10.0; Win64; x64) AppleWebKit/537.36 (KHTML, like Gecko) Chrome/74.0.3729.131 Safari/537.36',
  'upgrade-insecure-requests' => '1',
  'connection' => 'close',
  'host' => 'cumtdininghall.com',
)
[ info ] [ PARAM ] array (
)
[ info ] [ SESSION ] INIT array (
  'id' => '',
  'var_session_id' => '',
  'prefix' => 'think',
  'type' => '',
  'auto_start' => true,
)
[ info ] [ RUN ] app\admin\controller\Comment->commentlist[ D:\phpstudy\PHPTutorial\WWW\cumtdininghall\application\admin\controller\Comment.php ]
[ info ] [ DB ] INIT mysql
[ info ] [ VIEW ] D:\phpstudy\PHPTutorial\WWW\cumtdininghall\public/../application/admin\view\comment\commentlist.html [ array (
  0 => 'data',
  1 => 'page',
) ]
[ info ] [ LOG ] INIT File
[ sql ] [ DB ] CONNECT:[ UseTime:0.010904s ] mysql:host=127.0.0.1;dbname=think;charset=utf8
[ sql ] [ SQL ] SHOW COLUMNS FROM `think_comment` [ RunTime:0.102423s ]
[ sql ] [ SQL ] SELECT COUNT(*) AS tp_count FROM `think_comment` WHERE `think_comment`.`delete_time` IS NULL LIMIT 1 [ RunTime:0.000605s ]
[ sql ] [ SQL ] SELECT * FROM `think_comment` WHERE `think_comment`.`delete_time` IS NULL LIMIT 0,5 [ RunTime:0.000421s ]
---------------------------------------------------------------
[ 2019-05-18T13:42:10+08:00 ] 127.0.0.1 GET cumtdininghall.com/admin/link/linklist.html
[运行时间：0.122527s] [吞吐率：8.16req/s] [内存消耗：2,358.78kb] [文件加载：54]
[ info ] [ LANG ] D:\phpstudy\PHPTutorial\WWW\cumtdininghall\thinkphp\lang\zh-cn.php
[ info ] [ ROUTE ] array (
  'type' => 'module',
  'module' => 
  array (
    0 => 'admin',
    1 => 'link',
    2 => 'linklist',
  ),
)
[ info ] [ HEADER ] array (
  'cookie' => 'thinkphp_show_page_trace=0|0; pgv_pvi=7596739584; thinkphp_show_page_trace=0|0; PHPSESSID=501jap2bvn1tt1v1atdckfhrv1',
  'accept-language' => 'zh-CN,zh;q=0.9',
  'accept-encoding' => 'gzip, deflate',
  'referer' => 'http://cumtdininghall.com/admin/comment/commentlist.html',
  'accept' => 'text/html,application/xhtml+xml,application/xml;q=0.9,image/webp,image/apng,*/*;q=0.8,application/signed-exchange;v=b3',
  'user-agent' => 'Mozilla/5.0 (Windows NT 10.0; Win64; x64) AppleWebKit/537.36 (KHTML, like Gecko) Chrome/74.0.3729.131 Safari/537.36',
  'upgrade-insecure-requests' => '1',
  'connection' => 'close',
  'host' => 'cumtdininghall.com',
)
[ info ] [ PARAM ] array (
)
[ info ] [ SESSION ] INIT array (
  'id' => '',
  'var_session_id' => '',
  'prefix' => 'think',
  'type' => '',
  'auto_start' => true,
)
[ info ] [ RUN ] app\admin\controller\Link->linklist[ D:\phpstudy\PHPTutorial\WWW\cumtdininghall\application\admin\controller\Link.php ]
[ info ] [ DB ] INIT mysql
[ info ] [ VIEW ] D:\phpstudy\PHPTutorial\WWW\cumtdininghall\public/../application/admin\view\link\linklist.html [ array (
  0 => 'data',
  1 => 'page',
) ]
[ info ] [ LOG ] INIT File
[ sql ] [ DB ] CONNECT:[ UseTime:0.011319s ] mysql:host=127.0.0.1;dbname=think;charset=utf8
[ sql ] [ SQL ] SHOW COLUMNS FROM `think_link` [ RunTime:0.025557s ]
[ sql ] [ SQL ] SELECT COUNT(*) AS tp_count FROM `think_link` WHERE `think_link`.`delete_time` IS NULL LIMIT 1 [ RunTime:0.000615s ]
[ sql ] [ SQL ] SELECT * FROM `think_link` WHERE `think_link`.`delete_time` IS NULL LIMIT 0,5 [ RunTime:0.000433s ]
---------------------------------------------------------------
[ 2019-05-18T13:42:11+08:00 ] 127.0.0.1 GET cumtdininghall.com/admin/link/edit?id=1
[运行时间：0.076171s] [吞吐率：13.13req/s] [内存消耗：1,328.68kb] [文件加载：42]
[ info ] [ LANG ] D:\phpstudy\PHPTutorial\WWW\cumtdininghall\thinkphp\lang\zh-cn.php
[ info ] [ ROUTE ] array (
  'type' => 'module',
  'module' => 
  array (
    0 => 'admin',
    1 => 'link',
    2 => 'edit',
  ),
)
[ info ] [ HEADER ] array (
  'cookie' => 'thinkphp_show_page_trace=0|0; pgv_pvi=7596739584; thinkphp_show_page_trace=0|0; PHPSESSID=501jap2bvn1tt1v1atdckfhrv1',
  'accept-language' => 'zh-CN,zh;q=0.9',
  'accept-encoding' => 'gzip, deflate',
  'referer' => 'http://cumtdininghall.com/admin/link/linklist.html',
  'accept' => 'text/html,application/xhtml+xml,application/xml;q=0.9,image/webp,image/apng,*/*;q=0.8,application/signed-exchange;v=b3',
  'user-agent' => 'Mozilla/5.0 (Windows NT 10.0; Win64; x64) AppleWebKit/537.36 (KHTML, like Gecko) Chrome/74.0.3729.131 Safari/537.36',
  'upgrade-insecure-requests' => '1',
  'connection' => 'close',
  'host' => 'cumtdininghall.com',
)
[ info ] [ PARAM ] array (
  'id' => '1',
)
[ info ] [ SESSION ] INIT array (
  'id' => '',
  'var_session_id' => '',
  'prefix' => 'think',
  'type' => '',
  'auto_start' => true,
)
[ info ] [ RUN ] app\admin\controller\Link->edit[ D:\phpstudy\PHPTutorial\WWW\cumtdininghall\application\admin\controller\Link.php ]
[ info ] [ VIEW ] D:\phpstudy\PHPTutorial\WWW\cumtdininghall\thinkphp\tpl\dispatch_jump.tpl [ array (
  0 => 'code',
  1 => 'msg',
  2 => 'data',
  3 => 'url',
  4 => 'wait',
) ]
[ info ] [ LOG ] INIT File
---------------------------------------------------------------
[ 2019-05-18T13:42:13+08:00 ] 127.0.0.1 GET cumtdininghall.com/admin/link/linklist.html
[运行时间：0.056053s] [吞吐率：17.84req/s] [内存消耗：2,358.79kb] [文件加载：54]
[ info ] [ LANG ] D:\phpstudy\PHPTutorial\WWW\cumtdininghall\thinkphp\lang\zh-cn.php
[ info ] [ ROUTE ] array (
  'type' => 'module',
  'module' => 
  array (
    0 => 'admin',
    1 => 'link',
    2 => 'linklist',
  ),
)
[ info ] [ HEADER ] array (
  'cookie' => 'thinkphp_show_page_trace=0|0; pgv_pvi=7596739584; thinkphp_show_page_trace=0|0; PHPSESSID=501jap2bvn1tt1v1atdckfhrv1',
  'accept-language' => 'zh-CN,zh;q=0.9',
  'accept-encoding' => 'gzip, deflate',
  'referer' => 'http://cumtdininghall.com/admin/comment/commentlist.html',
  'accept' => 'text/html,application/xhtml+xml,application/xml;q=0.9,image/webp,image/apng,*/*;q=0.8,application/signed-exchange;v=b3',
  'user-agent' => 'Mozilla/5.0 (Windows NT 10.0; Win64; x64) AppleWebKit/537.36 (KHTML, like Gecko) Chrome/74.0.3729.131 Safari/537.36',
  'upgrade-insecure-requests' => '1',
  'connection' => 'close',
  'host' => 'cumtdininghall.com',
)
[ info ] [ PARAM ] array (
)
[ info ] [ SESSION ] INIT array (
  'id' => '',
  'var_session_id' => '',
  'prefix' => 'think',
  'type' => '',
  'auto_start' => true,
)
[ info ] [ RUN ] app\admin\controller\Link->linklist[ D:\phpstudy\PHPTutorial\WWW\cumtdininghall\application\admin\controller\Link.php ]
[ info ] [ DB ] INIT mysql
[ info ] [ VIEW ] D:\phpstudy\PHPTutorial\WWW\cumtdininghall\public/../application/admin\view\link\linklist.html [ array (
  0 => 'data',
  1 => 'page',
) ]
[ info ] [ LOG ] INIT File
[ sql ] [ DB ] CONNECT:[ UseTime:0.011437s ] mysql:host=127.0.0.1;dbname=think;charset=utf8
[ sql ] [ SQL ] SHOW COLUMNS FROM `think_link` [ RunTime:0.007867s ]
[ sql ] [ SQL ] SELECT COUNT(*) AS tp_count FROM `think_link` WHERE `think_link`.`delete_time` IS NULL LIMIT 1 [ RunTime:0.000619s ]
[ sql ] [ SQL ] SELECT * FROM `think_link` WHERE `think_link`.`delete_time` IS NULL LIMIT 0,5 [ RunTime:0.000577s ]
---------------------------------------------------------------
[ 2019-05-18T13:42:14+08:00 ] 127.0.0.1 GET cumtdininghall.com/admin/link/edit?id=1
[运行时间：0.021363s] [吞吐率：46.81req/s] [内存消耗：1,328.68kb] [文件加载：42]
[ info ] [ LANG ] D:\phpstudy\PHPTutorial\WWW\cumtdininghall\thinkphp\lang\zh-cn.php
[ info ] [ ROUTE ] array (
  'type' => 'module',
  'module' => 
  array (
    0 => 'admin',
    1 => 'link',
    2 => 'edit',
  ),
)
[ info ] [ HEADER ] array (
  'cookie' => 'thinkphp_show_page_trace=0|0; pgv_pvi=7596739584; thinkphp_show_page_trace=0|0; PHPSESSID=501jap2bvn1tt1v1atdckfhrv1',
  'accept-language' => 'zh-CN,zh;q=0.9',
  'accept-encoding' => 'gzip, deflate',
  'referer' => 'http://cumtdininghall.com/admin/link/linklist.html',
  'accept' => 'text/html,application/xhtml+xml,application/xml;q=0.9,image/webp,image/apng,*/*;q=0.8,application/signed-exchange;v=b3',
  'user-agent' => 'Mozilla/5.0 (Windows NT 10.0; Win64; x64) AppleWebKit/537.36 (KHTML, like Gecko) Chrome/74.0.3729.131 Safari/537.36',
  'upgrade-insecure-requests' => '1',
  'connection' => 'close',
  'host' => 'cumtdininghall.com',
)
[ info ] [ PARAM ] array (
  'id' => '1',
)
[ info ] [ SESSION ] INIT array (
  'id' => '',
  'var_session_id' => '',
  'prefix' => 'think',
  'type' => '',
  'auto_start' => true,
)
[ info ] [ RUN ] app\admin\controller\Link->edit[ D:\phpstudy\PHPTutorial\WWW\cumtdininghall\application\admin\controller\Link.php ]
[ info ] [ VIEW ] D:\phpstudy\PHPTutorial\WWW\cumtdininghall\thinkphp\tpl\dispatch_jump.tpl [ array (
  0 => 'code',
  1 => 'msg',
  2 => 'data',
  3 => 'url',
  4 => 'wait',
) ]
[ info ] [ LOG ] INIT File
---------------------------------------------------------------
[ 2019-05-18T13:42:18+08:00 ] 127.0.0.1 GET cumtdininghall.com/admin/link/linklist.html
[运行时间：0.047222s] [吞吐率：21.18req/s] [内存消耗：2,358.79kb] [文件加载：54]
[ info ] [ LANG ] D:\phpstudy\PHPTutorial\WWW\cumtdininghall\thinkphp\lang\zh-cn.php
[ info ] [ ROUTE ] array (
  'type' => 'module',
  'module' => 
  array (
    0 => 'admin',
    1 => 'link',
    2 => 'linklist',
  ),
)
[ info ] [ HEADER ] array (
  'cookie' => 'thinkphp_show_page_trace=0|0; pgv_pvi=7596739584; thinkphp_show_page_trace=0|0; PHPSESSID=501jap2bvn1tt1v1atdckfhrv1',
  'accept-language' => 'zh-CN,zh;q=0.9',
  'accept-encoding' => 'gzip, deflate',
  'referer' => 'http://cumtdininghall.com/admin/comment/commentlist.html',
  'accept' => 'text/html,application/xhtml+xml,application/xml;q=0.9,image/webp,image/apng,*/*;q=0.8,application/signed-exchange;v=b3',
  'user-agent' => 'Mozilla/5.0 (Windows NT 10.0; Win64; x64) AppleWebKit/537.36 (KHTML, like Gecko) Chrome/74.0.3729.131 Safari/537.36',
  'upgrade-insecure-requests' => '1',
  'connection' => 'close',
  'host' => 'cumtdininghall.com',
)
[ info ] [ PARAM ] array (
)
[ info ] [ SESSION ] INIT array (
  'id' => '',
  'var_session_id' => '',
  'prefix' => 'think',
  'type' => '',
  'auto_start' => true,
)
[ info ] [ RUN ] app\admin\controller\Link->linklist[ D:\phpstudy\PHPTutorial\WWW\cumtdininghall\application\admin\controller\Link.php ]
[ info ] [ DB ] INIT mysql
[ info ] [ VIEW ] D:\phpstudy\PHPTutorial\WWW\cumtdininghall\public/../application/admin\view\link\linklist.html [ array (
  0 => 'data',
  1 => 'page',
) ]
[ info ] [ LOG ] INIT File
[ sql ] [ DB ] CONNECT:[ UseTime:0.001229s ] mysql:host=127.0.0.1;dbname=think;charset=utf8
[ sql ] [ SQL ] SHOW COLUMNS FROM `think_link` [ RunTime:0.008461s ]
[ sql ] [ SQL ] SELECT COUNT(*) AS tp_count FROM `think_link` WHERE `think_link`.`delete_time` IS NULL LIMIT 1 [ RunTime:0.000414s ]
[ sql ] [ SQL ] SELECT * FROM `think_link` WHERE `think_link`.`delete_time` IS NULL LIMIT 0,5 [ RunTime:0.000348s ]
---------------------------------------------------------------
[ 2019-05-18T13:42:23+08:00 ] 127.0.0.1 GET cumtdininghall.com/admin/link/edit?id=link2.php
[运行时间：0.176751s] [吞吐率：5.66req/s] [内存消耗：2,365.90kb] [文件加载：52]
[ info ] [ LANG ] D:\phpstudy\PHPTutorial\WWW\cumtdininghall\thinkphp\lang\zh-cn.php
[ info ] [ ROUTE ] array (
  'type' => 'module',
  'module' => 
  array (
    0 => 'admin',
    1 => 'link',
    2 => 'edit',
  ),
)
[ info ] [ HEADER ] array (
  'cookie' => 'thinkphp_show_page_trace=0|0; pgv_pvi=7596739584; thinkphp_show_page_trace=0|0; PHPSESSID=501jap2bvn1tt1v1atdckfhrv1',
  'accept-language' => 'zh-CN,zh;q=0.9',
  'accept-encoding' => 'gzip, deflate',
  'accept' => 'text/html,application/xhtml+xml,application/xml;q=0.9,image/webp,image/apng,*/*;q=0.8,application/signed-exchange;v=b3',
  'user-agent' => 'Mozilla/5.0 (Windows NT 10.0; Win64; x64) AppleWebKit/537.36 (KHTML, like Gecko) Chrome/74.0.3729.131 Safari/537.36',
  'upgrade-insecure-requests' => '1',
  'connection' => 'close',
  'host' => 'cumtdininghall.com',
)
[ info ] [ PARAM ] array (
  'id' => 'link2.php',
)
[ info ] [ SESSION ] INIT array (
  'id' => '',
  'var_session_id' => '',
  'prefix' => 'think',
  'type' => '',
  'auto_start' => true,
)
[ info ] [ RUN ] app\admin\controller\Link->edit[ D:\phpstudy\PHPTutorial\WWW\cumtdininghall\application\admin\controller\Link.php ]
[ info ] [ DB ] INIT mysql
[ info ] [ VIEW ] D:\phpstudy\PHPTutorial\WWW\cumtdininghall\public/../application/admin\view\link\edit.html [ array (
  0 => 'data',
) ]
[ info ] [ LOG ] INIT File
[ sql ] [ DB ] CONNECT:[ UseTime:0.012176s ] mysql:host=127.0.0.1;dbname=think;charset=utf8
[ sql ] [ SQL ] SHOW COLUMNS FROM `think_link` [ RunTime:0.009087s ]
[ sql ] [ SQL ] SELECT * FROM `think_link` WHERE (  `id` = 2 ) AND `think_link`.`delete_time` IS NULL LIMIT 1 [ RunTime:0.042921s ]
---------------------------------------------------------------
[ 2019-05-18T13:42:26+08:00 ] 127.0.0.1 GET cumtdininghall.com/admin/user/changepassword.html
[运行时间：0.077387s] [吞吐率：12.92req/s] [内存消耗：1,376.91kb] [文件加载：42]
[ info ] [ LANG ] D:\phpstudy\PHPTutorial\WWW\cumtdininghall\thinkphp\lang\zh-cn.php
[ info ] [ ROUTE ] array (
  'type' => 'module',
  'module' => 
  array (
    0 => 'admin',
    1 => 'user',
    2 => 'changepassword',
  ),
)
[ info ] [ HEADER ] array (
  'cookie' => 'thinkphp_show_page_trace=0|0; pgv_pvi=7596739584; thinkphp_show_page_trace=0|0; PHPSESSID=501jap2bvn1tt1v1atdckfhrv1',
  'accept-language' => 'zh-CN,zh;q=0.9',
  'accept-encoding' => 'gzip, deflate',
  'referer' => 'http://cumtdininghall.com/admin/link/edit?id=link2.php',
  'accept' => 'text/html,application/xhtml+xml,application/xml;q=0.9,image/webp,image/apng,*/*;q=0.8,application/signed-exchange;v=b3',
  'user-agent' => 'Mozilla/5.0 (Windows NT 10.0; Win64; x64) AppleWebKit/537.36 (KHTML, like Gecko) Chrome/74.0.3729.131 Safari/537.36',
  'upgrade-insecure-requests' => '1',
  'connection' => 'close',
  'host' => 'cumtdininghall.com',
)
[ info ] [ PARAM ] array (
)
[ info ] [ SESSION ] INIT array (
  'id' => '',
  'var_session_id' => '',
  'prefix' => 'think',
  'type' => '',
  'auto_start' => true,
)
[ info ] [ RUN ] app\admin\controller\User->changepassword[ D:\phpstudy\PHPTutorial\WWW\cumtdininghall\application\admin\controller\User.php ]
[ info ] [ VIEW ] D:\phpstudy\PHPTutorial\WWW\cumtdininghall\public/../application/admin\view\user\changepassword.html [ array (
) ]
[ info ] [ LOG ] INIT File
---------------------------------------------------------------
[ 2019-05-18T15:18:47+08:00 ] 127.0.0.1 POST cumtdininghall.com/admin/user/change
[运行时间：0.025295s] [吞吐率：39.53req/s] [内存消耗：1,383.80kb] [文件加载：43]
[ info ] [ LANG ] D:\phpstudy\PHPTutorial\WWW\cumtdininghall\thinkphp\lang\zh-cn.php
[ info ] [ ROUTE ] array (
  'type' => 'module',
  'module' => 
  array (
    0 => 'admin',
    1 => 'user',
    2 => 'change',
  ),
)
[ info ] [ HEADER ] array (
  'cookie' => 'pgv_pvi=7596739584',
  'accept-language' => 'zh-CN,zh;q=0.9',
  'accept-encoding' => 'gzip, deflate',
  'accept' => 'text/html,application/xhtml+xml,application/xml;q=0.9,image/webp,image/apng,*/*;q=0.8,application/signed-exchange;v=b3',
  'user-agent' => 'Mozilla/5.0 (Windows NT 10.0; Win64; x64) AppleWebKit/537.36 (KHTML, like Gecko) Chrome/74.0.3729.131 Safari/537.36',
  'content-type' => 'application/x-www-form-urlencoded',
  'origin' => 'null',
  'upgrade-insecure-requests' => '1',
  'cache-control' => 'max-age=0',
  'content-length' => '39',
  'connection' => 'close',
  'host' => 'cumtdininghall.com',
)
[ info ] [ PARAM ] array (
  'password' => '123456789',
  'repassword' => '123456789',
)
[ info ] [ SESSION ] INIT array (
  'id' => '',
  'var_session_id' => '',
  'prefix' => 'think',
  'type' => '',
  'auto_start' => true,
)
[ info ] [ VIEW ] D:\phpstudy\PHPTutorial\WWW\cumtdininghall\thinkphp\tpl\dispatch_jump.tpl [ array (
  0 => 'code',
  1 => 'msg',
  2 => 'data',
  3 => 'url',
  4 => 'wait',
) ]
[ info ] [ LOG ] INIT File
---------------------------------------------------------------
[ 2019-05-18T15:18:48+08:00 ] 127.0.0.1 GET cumtdininghall.com/admin/index/login.html
[运行时间：0.085358s] [吞吐率：11.72req/s] [内存消耗：1,356.52kb] [文件加载：41]
[ info ] [ LANG ] D:\phpstudy\PHPTutorial\WWW\cumtdininghall\thinkphp\lang\zh-cn.php
[ info ] [ ROUTE ] array (
  'type' => 'module',
  'module' => 
  array (
    0 => 'admin',
    1 => 'index',
    2 => 'login',
  ),
)
[ info ] [ HEADER ] array (
  'cookie' => 'pgv_pvi=7596739584; PHPSESSID=b0cp3bifb7l43qd127fl4khte2',
  'accept-language' => 'zh-CN,zh;q=0.9',
  'accept-encoding' => 'gzip, deflate',
  'referer' => 'http://cumtdininghall.com/admin/user/change',
  'accept' => 'text/html,application/xhtml+xml,application/xml;q=0.9,image/webp,image/apng,*/*;q=0.8,application/signed-exchange;v=b3',
  'user-agent' => 'Mozilla/5.0 (Windows NT 10.0; Win64; x64) AppleWebKit/537.36 (KHTML, like Gecko) Chrome/74.0.3729.131 Safari/537.36',
  'upgrade-insecure-requests' => '1',
  'connection' => 'close',
  'host' => 'cumtdininghall.com',
)
[ info ] [ PARAM ] array (
)
[ info ] [ RUN ] app\admin\controller\Index->login[ D:\phpstudy\PHPTutorial\WWW\cumtdininghall\application\admin\controller\Index.php ]
[ info ] [ VIEW ] D:\phpstudy\PHPTutorial\WWW\cumtdininghall\public/../application/admin\view\index\login.html [ array (
) ]
[ info ] [ LOG ] INIT File
---------------------------------------------------------------
[ 2019-05-18T15:18:48+08:00 ] 127.0.0.1 GET cumtdininghall.com/captcha.html
[运行时间：0.100944s] [吞吐率：9.91req/s] [内存消耗：1,078.86kb] [文件加载：31]
[ info ] [ LANG ] D:\phpstudy\PHPTutorial\WWW\cumtdininghall\thinkphp\lang\zh-cn.php
[ info ] [ ROUTE ] array (
  'type' => 'method',
  'method' => 
  array (
    0 => '\\think\\captcha\\CaptchaController',
    1 => 'index',
  ),
  'var' => 
  array (
  ),
)
[ info ] [ HEADER ] array (
  'cookie' => 'pgv_pvi=7596739584; PHPSESSID=b0cp3bifb7l43qd127fl4khte2',
  'accept-language' => 'zh-CN,zh;q=0.9',
  'accept-encoding' => 'gzip, deflate',
  'referer' => 'http://cumtdininghall.com/admin/index/login.html',
  'accept' => 'image/webp,image/apng,image/*,*/*;q=0.8',
  'user-agent' => 'Mozilla/5.0 (Windows NT 10.0; Win64; x64) AppleWebKit/537.36 (KHTML, like Gecko) Chrome/74.0.3729.131 Safari/537.36',
  'connection' => 'close',
  'host' => 'cumtdininghall.com',
)
[ info ] [ PARAM ] array (
  'id' => NULL,
)
[ info ] [ RUN ] think\captcha\CaptchaController->index[ D:\phpstudy\PHPTutorial\WWW\cumtdininghall\vendor\topthink\think-captcha\src\CaptchaController.php ]
[ info ] [ SESSION ] INIT array (
  'id' => '',
  'var_session_id' => '',
  'prefix' => 'think',
  'type' => '',
  'auto_start' => true,
)
[ info ] [ LOG ] INIT File
