---------------------------------------------------------------
[ 2019-05-20T21:23:48+08:00 ] 127.0.0.1 GET cumtdininghall.com/admin/user/index
[运行时间：0.534445s] [吞吐率：1.87req/s] [内存消耗：1,382.80kb] [文件加载：43]
[ info ] [ LANG ] D:\phpstudy\PHPTutorial\WWW\cumtdininghall\thinkphp\lang\zh-cn.php
[ info ] [ ROUTE ] array (
  'type' => 'module',
  'module' => 
  array (
    0 => 'admin',
    1 => 'user',
    2 => 'index',
  ),
)
[ info ] [ HEADER ] array (
  'cookie' => 'pgv_pvi=7596739584',
  'accept-language' => 'zh-CN,zh;q=0.9',
  'accept-encoding' => 'gzip, deflate',
  'accept' => 'text/html,application/xhtml+xml,application/xml;q=0.9,image/webp,image/apng,*/*;q=0.8,application/signed-exchange;v=b3',
  'user-agent' => 'Mozilla/5.0 (Windows NT 10.0; Win64; x64) AppleWebKit/537.36 (KHTML, like Gecko) Chrome/74.0.3729.131 Safari/537.36',
  'upgrade-insecure-requests' => '1',
  'connection' => 'close',
  'host' => 'cumtdininghall.com',
)
[ info ] [ PARAM ] array (
)
[ info ] [ SESSION ] INIT array (
  'id' => '',
  'var_session_id' => '',
  'prefix' => 'think',
  'type' => '',
  'auto_start' => true,
)
[ info ] [ VIEW ] D:\phpstudy\PHPTutorial\WWW\cumtdininghall\thinkphp\tpl\dispatch_jump.tpl [ array (
  0 => 'code',
  1 => 'msg',
  2 => 'data',
  3 => 'url',
  4 => 'wait',
) ]
[ info ] [ LOG ] INIT File
---------------------------------------------------------------
[ 2019-05-20T21:23:49+08:00 ] 127.0.0.1 GET cumtdininghall.com/admin/index/login.html
[运行时间：0.124298s] [吞吐率：8.05req/s] [内存消耗：1,356.52kb] [文件加载：41]
[ info ] [ LANG ] D:\phpstudy\PHPTutorial\WWW\cumtdininghall\thinkphp\lang\zh-cn.php
[ info ] [ ROUTE ] array (
  'type' => 'module',
  'module' => 
  array (
    0 => 'admin',
    1 => 'index',
    2 => 'login',
  ),
)
[ info ] [ HEADER ] array (
  'cookie' => 'pgv_pvi=7596739584; PHPSESSID=9bg784pg73b81fdpfngb3tbfo6',
  'accept-language' => 'zh-CN,zh;q=0.9',
  'accept-encoding' => 'gzip, deflate',
  'referer' => 'http://cumtdininghall.com/admin/user/index',
  'accept' => 'text/html,application/xhtml+xml,application/xml;q=0.9,image/webp,image/apng,*/*;q=0.8,application/signed-exchange;v=b3',
  'user-agent' => 'Mozilla/5.0 (Windows NT 10.0; Win64; x64) AppleWebKit/537.36 (KHTML, like Gecko) Chrome/74.0.3729.131 Safari/537.36',
  'upgrade-insecure-requests' => '1',
  'connection' => 'close',
  'host' => 'cumtdininghall.com',
)
[ info ] [ PARAM ] array (
)
[ info ] [ RUN ] app\admin\controller\Index->login[ D:\phpstudy\PHPTutorial\WWW\cumtdininghall\application\admin\controller\Index.php ]
[ info ] [ VIEW ] D:\phpstudy\PHPTutorial\WWW\cumtdininghall\public/../application/admin\view\index\login.html [ array (
) ]
[ info ] [ LOG ] INIT File
---------------------------------------------------------------
[ 2019-05-20T21:23:49+08:00 ] 127.0.0.1 GET cumtdininghall.com/captcha.html
[运行时间：0.053673s] [吞吐率：18.63req/s] [内存消耗：1,078.80kb] [文件加载：31]
[ info ] [ LANG ] D:\phpstudy\PHPTutorial\WWW\cumtdininghall\thinkphp\lang\zh-cn.php
[ info ] [ ROUTE ] array (
  'type' => 'method',
  'method' => 
  array (
    0 => '\\think\\captcha\\CaptchaController',
    1 => 'index',
  ),
  'var' => 
  array (
  ),
)
[ info ] [ HEADER ] array (
  'cookie' => 'pgv_pvi=7596739584; PHPSESSID=9bg784pg73b81fdpfngb3tbfo6',
  'accept-language' => 'zh-CN,zh;q=0.9',
  'accept-encoding' => 'gzip, deflate',
  'referer' => 'http://cumtdininghall.com/admin/index/login.html',
  'accept' => 'image/webp,image/apng,image/*,*/*;q=0.8',
  'user-agent' => 'Mozilla/5.0 (Windows NT 10.0; Win64; x64) AppleWebKit/537.36 (KHTML, like Gecko) Chrome/74.0.3729.131 Safari/537.36',
  'connection' => 'close',
  'host' => 'cumtdininghall.com',
)
[ info ] [ PARAM ] array (
  'id' => NULL,
)
[ info ] [ RUN ] think\captcha\CaptchaController->index[ D:\phpstudy\PHPTutorial\WWW\cumtdininghall\vendor\topthink\think-captcha\src\CaptchaController.php ]
[ info ] [ SESSION ] INIT array (
  'id' => '',
  'var_session_id' => '',
  'prefix' => 'think',
  'type' => '',
  'auto_start' => true,
)
[ info ] [ LOG ] INIT File
---------------------------------------------------------------
[ 2019-05-20T21:23:56+08:00 ] 127.0.0.1 POST cumtdininghall.com/admin/index/check
[运行时间：1.090084s] [吞吐率：0.92req/s] [内存消耗：1,317.74kb] [文件加载：41]
[ info ] [ LANG ] D:\phpstudy\PHPTutorial\WWW\cumtdininghall\thinkphp\lang\zh-cn.php
[ info ] [ ROUTE ] array (
  'type' => 'module',
  'module' => 
  array (
    0 => 'admin',
    1 => 'index',
    2 => 'check',
  ),
)
[ info ] [ HEADER ] array (
  'cookie' => 'thinkphp_show_page_trace=0|0; pgv_pvi=7596739584; PHPSESSID=9bg784pg73b81fdpfngb3tbfo6',
  'accept-language' => 'zh-CN,zh;q=0.9',
  'accept-encoding' => 'gzip, deflate',
  'referer' => 'http://cumtdininghall.com/admin/index/login.html',
  'accept' => 'text/html,application/xhtml+xml,application/xml;q=0.9,image/webp,image/apng,*/*;q=0.8,application/signed-exchange;v=b3',
  'user-agent' => 'Mozilla/5.0 (Windows NT 10.0; Win64; x64) AppleWebKit/537.36 (KHTML, like Gecko) Chrome/74.0.3729.131 Safari/537.36',
  'content-type' => 'application/x-www-form-urlencoded',
  'upgrade-insecure-requests' => '1',
  'origin' => 'http://cumtdininghall.com',
  'cache-control' => 'max-age=0',
  'content-length' => '36',
  'connection' => 'close',
  'host' => 'cumtdininghall.com',
)
[ info ] [ PARAM ] array (
  'name' => 'hello',
  'password' => '123456',
  'code' => 'zd2w',
)
[ info ] [ RUN ] app\admin\controller\Index->check[ D:\phpstudy\PHPTutorial\WWW\cumtdininghall\application\admin\controller\Index.php ]
[ info ] [ VIEW ] D:\phpstudy\PHPTutorial\WWW\cumtdininghall\thinkphp\tpl\dispatch_jump.tpl [ array (
  0 => 'code',
  1 => 'msg',
  2 => 'data',
  3 => 'url',
  4 => 'wait',
) ]
[ info ] [ LOG ] INIT File
---------------------------------------------------------------
[ 2019-05-20T21:23:57+08:00 ] 127.0.0.1 POST cumtdininghall.com/admin/index/check
[运行时间：1.030372s] [吞吐率：0.97req/s] [内存消耗：1,317.74kb] [文件加载：41]
[ info ] [ LANG ] D:\phpstudy\PHPTutorial\WWW\cumtdininghall\thinkphp\lang\zh-cn.php
[ info ] [ ROUTE ] array (
  'type' => 'module',
  'module' => 
  array (
    0 => 'admin',
    1 => 'index',
    2 => 'check',
  ),
)
[ info ] [ HEADER ] array (
  'cookie' => 'thinkphp_show_page_trace=0|0; pgv_pvi=7596739584; PHPSESSID=9bg784pg73b81fdpfngb3tbfo6',
  'accept-language' => 'zh-CN,zh;q=0.9',
  'accept-encoding' => 'gzip, deflate',
  'referer' => 'http://cumtdininghall.com/admin/index/login.html',
  'accept' => 'text/html,application/xhtml+xml,application/xml;q=0.9,image/webp,image/apng,*/*;q=0.8,application/signed-exchange;v=b3',
  'user-agent' => 'Mozilla/5.0 (Windows NT 10.0; Win64; x64) AppleWebKit/537.36 (KHTML, like Gecko) Chrome/74.0.3729.131 Safari/537.36',
  'content-type' => 'application/x-www-form-urlencoded',
  'upgrade-insecure-requests' => '1',
  'origin' => 'http://cumtdininghall.com',
  'cache-control' => 'max-age=0',
  'content-length' => '36',
  'connection' => 'close',
  'host' => 'cumtdininghall.com',
)
[ info ] [ PARAM ] array (
  'name' => 'hello',
  'password' => '123456',
  'code' => 'zd2w',
)
[ info ] [ RUN ] app\admin\controller\Index->check[ D:\phpstudy\PHPTutorial\WWW\cumtdininghall\application\admin\controller\Index.php ]
[ info ] [ VIEW ] D:\phpstudy\PHPTutorial\WWW\cumtdininghall\thinkphp\tpl\dispatch_jump.tpl [ array (
  0 => 'code',
  1 => 'msg',
  2 => 'data',
  3 => 'url',
  4 => 'wait',
) ]
[ info ] [ LOG ] INIT File
---------------------------------------------------------------
[ 2019-05-20T21:24:08+08:00 ] 127.0.0.1 POST cumtdininghall.com/admin/index/check
[运行时间：1.062163s] [吞吐率：0.94req/s] [内存消耗：1,317.74kb] [文件加载：41]
[ info ] [ LANG ] D:\phpstudy\PHPTutorial\WWW\cumtdininghall\thinkphp\lang\zh-cn.php
[ info ] [ ROUTE ] array (
  'type' => 'module',
  'module' => 
  array (
    0 => 'admin',
    1 => 'index',
    2 => 'check',
  ),
)
[ info ] [ HEADER ] array (
  'cookie' => 'thinkphp_show_page_trace=0|0; pgv_pvi=7596739584; PHPSESSID=9bg784pg73b81fdpfngb3tbfo6',
  'accept-language' => 'zh-CN,zh;q=0.9',
  'accept-encoding' => 'gzip, deflate',
  'referer' => 'http://cumtdininghall.com/admin/index/login.html',
  'accept' => 'text/html,application/xhtml+xml,application/xml;q=0.9,image/webp,image/apng,*/*;q=0.8,application/signed-exchange;v=b3',
  'user-agent' => 'Mozilla/5.0 (Windows NT 10.0; Win64; x64) AppleWebKit/537.36 (KHTML, like Gecko) Chrome/74.0.3729.131 Safari/537.36',
  'content-type' => 'application/x-www-form-urlencoded',
  'upgrade-insecure-requests' => '1',
  'origin' => 'http://cumtdininghall.com',
  'cache-control' => 'max-age=0',
  'content-length' => '36',
  'connection' => 'close',
  'host' => 'cumtdininghall.com',
)
[ info ] [ PARAM ] array (
  'name' => 'nihao',
  'password' => '123456',
  'code' => 'zd2w',
)
[ info ] [ RUN ] app\admin\controller\Index->check[ D:\phpstudy\PHPTutorial\WWW\cumtdininghall\application\admin\controller\Index.php ]
[ info ] [ VIEW ] D:\phpstudy\PHPTutorial\WWW\cumtdininghall\thinkphp\tpl\dispatch_jump.tpl [ array (
  0 => 'code',
  1 => 'msg',
  2 => 'data',
  3 => 'url',
  4 => 'wait',
) ]
[ info ] [ LOG ] INIT File
---------------------------------------------------------------
[ 2019-05-20T21:31:06+08:00 ] 127.0.0.1 GET cumtdininghall.com/
[运行时间：0.140393s] [吞吐率：7.12req/s] [内存消耗：1,348.03kb] [文件加载：41]
[ info ] [ LANG ] D:\phpstudy\PHPTutorial\WWW\cumtdininghall\thinkphp\lang\zh-cn.php
[ info ] [ ROUTE ] array (
  'type' => 'module',
  'module' => 
  array (
    0 => '',
    1 => NULL,
    2 => NULL,
  ),
)
[ info ] [ HEADER ] array (
  'cookie' => 'pgv_pvi=7596739584; PHPSESSID=9bg784pg73b81fdpfngb3tbfo6',
  'accept-language' => 'zh-CN,zh;q=0.9',
  'accept-encoding' => 'gzip, deflate',
  'accept' => 'text/html,application/xhtml+xml,application/xml;q=0.9,image/webp,image/apng,*/*;q=0.8,application/signed-exchange;v=b3',
  'user-agent' => 'Mozilla/5.0 (Windows NT 10.0; Win64; x64) AppleWebKit/537.36 (KHTML, like Gecko) Chrome/74.0.3729.131 Safari/537.36',
  'upgrade-insecure-requests' => '1',
  'connection' => 'close',
  'host' => 'cumtdininghall.com',
)
[ info ] [ PARAM ] array (
)
[ info ] [ RUN ] app\index\controller\Index->index[ D:\phpstudy\PHPTutorial\WWW\cumtdininghall\application\index\controller\Index.php ]
[ info ] [ VIEW ] D:\phpstudy\PHPTutorial\WWW\cumtdininghall\public/../application/index\view\index\index.html [ array (
) ]
[ info ] [ LOG ] INIT File
---------------------------------------------------------------
[ 2019-05-20T21:31:07+08:00 ] 127.0.0.1 GET cumtdininghall.com/font/RobotoSlabLight.woff
[运行时间：0.086693s] [吞吐率：11.53req/s] [内存消耗：1,090.92kb] [文件加载：35]
[ info ] [ LANG ] D:\phpstudy\PHPTutorial\WWW\cumtdininghall\thinkphp\lang\zh-cn.php
[ info ] [ ROUTE ] array (
  'type' => 'module',
  'module' => 
  array (
    0 => 'font',
    1 => 'RobotoSlabLight.woff',
    2 => NULL,
  ),
)
[ info ] [ HEADER ] array (
  'cookie' => 'pgv_pvi=7596739584; PHPSESSID=9bg784pg73b81fdpfngb3tbfo6; thinkphp_show_page_trace=0|0',
  'accept-language' => 'zh-CN,zh;q=0.9',
  'accept-encoding' => 'gzip, deflate',
  'referer' => 'http://cumtdininghall.com/css/indexstyle.css',
  'accept' => '*/*',
  'user-agent' => 'Mozilla/5.0 (Windows NT 10.0; Win64; x64) AppleWebKit/537.36 (KHTML, like Gecko) Chrome/74.0.3729.131 Safari/537.36',
  'origin' => 'http://cumtdininghall.com',
  'connection' => 'close',
  'host' => 'cumtdininghall.com',
)
[ info ] [ PARAM ] array (
)
[ info ] [ LOG ] INIT File
---------------------------------------------------------------
[ 2019-05-20T21:31:08+08:00 ] 127.0.0.1 GET cumtdininghall.com/font/DroidSans.woff
[运行时间：0.023248s] [吞吐率：43.01req/s] [内存消耗：1,090.93kb] [文件加载：35]
[ info ] [ LANG ] D:\phpstudy\PHPTutorial\WWW\cumtdininghall\thinkphp\lang\zh-cn.php
[ info ] [ ROUTE ] array (
  'type' => 'module',
  'module' => 
  array (
    0 => 'font',
    1 => 'DroidSans.woff',
    2 => NULL,
  ),
)
[ info ] [ HEADER ] array (
  'cookie' => 'pgv_pvi=7596739584; PHPSESSID=9bg784pg73b81fdpfngb3tbfo6; thinkphp_show_page_trace=0|0',
  'accept-language' => 'zh-CN,zh;q=0.9',
  'accept-encoding' => 'gzip, deflate',
  'referer' => 'http://cumtdininghall.com/css/indexstyle.css',
  'accept' => '*/*',
  'user-agent' => 'Mozilla/5.0 (Windows NT 10.0; Win64; x64) AppleWebKit/537.36 (KHTML, like Gecko) Chrome/74.0.3729.131 Safari/537.36',
  'origin' => 'http://cumtdininghall.com',
  'connection' => 'close',
  'host' => 'cumtdininghall.com',
)
[ info ] [ PARAM ] array (
)
[ info ] [ LOG ] INIT File
---------------------------------------------------------------
[ 2019-05-20T21:31:13+08:00 ] 127.0.0.1 GET cumtdininghall.com/admin/user/index
[运行时间：0.026454s] [吞吐率：37.80req/s] [内存消耗：1,383.38kb] [文件加载：43]
[ info ] [ LANG ] D:\phpstudy\PHPTutorial\WWW\cumtdininghall\thinkphp\lang\zh-cn.php
[ info ] [ ROUTE ] array (
  'type' => 'module',
  'module' => 
  array (
    0 => 'admin',
    1 => 'user',
    2 => 'index',
  ),
)
[ info ] [ HEADER ] array (
  'cookie' => 'thinkphp_show_page_trace=0|0; pgv_pvi=7596739584; PHPSESSID=9bg784pg73b81fdpfngb3tbfo6; thinkphp_show_page_trace=0|0',
  'accept-language' => 'zh-CN,zh;q=0.9',
  'accept-encoding' => 'gzip, deflate',
  'accept' => 'text/html,application/xhtml+xml,application/xml;q=0.9,image/webp,image/apng,*/*;q=0.8,application/signed-exchange;v=b3',
  'user-agent' => 'Mozilla/5.0 (Windows NT 10.0; Win64; x64) AppleWebKit/537.36 (KHTML, like Gecko) Chrome/74.0.3729.131 Safari/537.36',
  'upgrade-insecure-requests' => '1',
  'connection' => 'close',
  'host' => 'cumtdininghall.com',
)
[ info ] [ PARAM ] array (
)
[ info ] [ SESSION ] INIT array (
  'id' => '',
  'var_session_id' => '',
  'prefix' => 'think',
  'type' => '',
  'auto_start' => true,
)
[ info ] [ VIEW ] D:\phpstudy\PHPTutorial\WWW\cumtdininghall\thinkphp\tpl\dispatch_jump.tpl [ array (
  0 => 'code',
  1 => 'msg',
  2 => 'data',
  3 => 'url',
  4 => 'wait',
) ]
[ info ] [ LOG ] INIT File
---------------------------------------------------------------
[ 2019-05-20T21:31:14+08:00 ] 127.0.0.1 GET cumtdininghall.com/admin/index/login.html
[运行时间：0.022489s] [吞吐率：44.47req/s] [内存消耗：1,356.73kb] [文件加载：41]
[ info ] [ LANG ] D:\phpstudy\PHPTutorial\WWW\cumtdininghall\thinkphp\lang\zh-cn.php
[ info ] [ ROUTE ] array (
  'type' => 'module',
  'module' => 
  array (
    0 => 'admin',
    1 => 'index',
    2 => 'login',
  ),
)
[ info ] [ HEADER ] array (
  'cookie' => 'thinkphp_show_page_trace=0|0; pgv_pvi=7596739584; PHPSESSID=9bg784pg73b81fdpfngb3tbfo6; thinkphp_show_page_trace=0|0',
  'accept-language' => 'zh-CN,zh;q=0.9',
  'accept-encoding' => 'gzip, deflate',
  'referer' => 'http://cumtdininghall.com/admin/user/index',
  'accept' => 'text/html,application/xhtml+xml,application/xml;q=0.9,image/webp,image/apng,*/*;q=0.8,application/signed-exchange;v=b3',
  'user-agent' => 'Mozilla/5.0 (Windows NT 10.0; Win64; x64) AppleWebKit/537.36 (KHTML, like Gecko) Chrome/74.0.3729.131 Safari/537.36',
  'upgrade-insecure-requests' => '1',
  'connection' => 'close',
  'host' => 'cumtdininghall.com',
)
[ info ] [ PARAM ] array (
)
[ info ] [ RUN ] app\admin\controller\Index->login[ D:\phpstudy\PHPTutorial\WWW\cumtdininghall\application\admin\controller\Index.php ]
[ info ] [ VIEW ] D:\phpstudy\PHPTutorial\WWW\cumtdininghall\public/../application/admin\view\index\login.html [ array (
) ]
[ info ] [ LOG ] INIT File
---------------------------------------------------------------
[ 2019-05-20T21:31:14+08:00 ] 127.0.0.1 GET cumtdininghall.com/captcha.html
[运行时间：0.028620s] [吞吐率：34.94req/s] [内存消耗：1,078.95kb] [文件加载：31]
[ info ] [ LANG ] D:\phpstudy\PHPTutorial\WWW\cumtdininghall\thinkphp\lang\zh-cn.php
[ info ] [ ROUTE ] array (
  'type' => 'method',
  'method' => 
  array (
    0 => '\\think\\captcha\\CaptchaController',
    1 => 'index',
  ),
  'var' => 
  array (
  ),
)
[ info ] [ HEADER ] array (
  'cookie' => 'pgv_pvi=7596739584; PHPSESSID=9bg784pg73b81fdpfngb3tbfo6; thinkphp_show_page_trace=0|0',
  'accept-language' => 'zh-CN,zh;q=0.9',
  'accept-encoding' => 'gzip, deflate',
  'referer' => 'http://cumtdininghall.com/admin/index/login.html',
  'accept' => 'image/webp,image/apng,image/*,*/*;q=0.8',
  'user-agent' => 'Mozilla/5.0 (Windows NT 10.0; Win64; x64) AppleWebKit/537.36 (KHTML, like Gecko) Chrome/74.0.3729.131 Safari/537.36',
  'connection' => 'close',
  'host' => 'cumtdininghall.com',
)
[ info ] [ PARAM ] array (
  'id' => NULL,
)
[ info ] [ RUN ] think\captcha\CaptchaController->index[ D:\phpstudy\PHPTutorial\WWW\cumtdininghall\vendor\topthink\think-captcha\src\CaptchaController.php ]
[ info ] [ SESSION ] INIT array (
  'id' => '',
  'var_session_id' => '',
  'prefix' => 'think',
  'type' => '',
  'auto_start' => true,
)
[ info ] [ LOG ] INIT File
---------------------------------------------------------------
[ 2019-05-20T21:31:22+08:00 ] 127.0.0.1 GET cumtdininghall.com/captcha.html?
[运行时间：0.019971s] [吞吐率：50.07req/s] [内存消耗：1,078.96kb] [文件加载：31]
[ info ] [ LANG ] D:\phpstudy\PHPTutorial\WWW\cumtdininghall\thinkphp\lang\zh-cn.php
[ info ] [ ROUTE ] array (
  'type' => 'method',
  'method' => 
  array (
    0 => '\\think\\captcha\\CaptchaController',
    1 => 'index',
  ),
  'var' => 
  array (
  ),
)
[ info ] [ HEADER ] array (
  'cookie' => 'pgv_pvi=7596739584; PHPSESSID=9bg784pg73b81fdpfngb3tbfo6; thinkphp_show_page_trace=0|0',
  'accept-language' => 'zh-CN,zh;q=0.9',
  'accept-encoding' => 'gzip, deflate',
  'referer' => 'http://cumtdininghall.com/admin/index/login.html',
  'accept' => 'image/webp,image/apng,image/*,*/*;q=0.8',
  'user-agent' => 'Mozilla/5.0 (Windows NT 10.0; Win64; x64) AppleWebKit/537.36 (KHTML, like Gecko) Chrome/74.0.3729.131 Safari/537.36',
  'connection' => 'close',
  'host' => 'cumtdininghall.com',
)
[ info ] [ PARAM ] array (
  'id' => NULL,
)
[ info ] [ RUN ] think\captcha\CaptchaController->index[ D:\phpstudy\PHPTutorial\WWW\cumtdininghall\vendor\topthink\think-captcha\src\CaptchaController.php ]
[ info ] [ SESSION ] INIT array (
  'id' => '',
  'var_session_id' => '',
  'prefix' => 'think',
  'type' => '',
  'auto_start' => true,
)
[ info ] [ LOG ] INIT File
---------------------------------------------------------------
[ 2019-05-20T21:31:28+08:00 ] 127.0.0.1 POST cumtdininghall.com/admin/index/check
[运行时间：1.047621s] [吞吐率：0.95req/s] [内存消耗：1,317.81kb] [文件加载：41]
[ info ] [ LANG ] D:\phpstudy\PHPTutorial\WWW\cumtdininghall\thinkphp\lang\zh-cn.php
[ info ] [ ROUTE ] array (
  'type' => 'module',
  'module' => 
  array (
    0 => 'admin',
    1 => 'index',
    2 => 'check',
  ),
)
[ info ] [ HEADER ] array (
  'cookie' => 'thinkphp_show_page_trace=0|0; pgv_pvi=7596739584; PHPSESSID=9bg784pg73b81fdpfngb3tbfo6; thinkphp_show_page_trace=0|0',
  'accept-language' => 'zh-CN,zh;q=0.9',
  'accept-encoding' => 'gzip, deflate',
  'referer' => 'http://cumtdininghall.com/admin/index/login.html',
  'accept' => 'text/html,application/xhtml+xml,application/xml;q=0.9,image/webp,image/apng,*/*;q=0.8,application/signed-exchange;v=b3',
  'user-agent' => 'Mozilla/5.0 (Windows NT 10.0; Win64; x64) AppleWebKit/537.36 (KHTML, like Gecko) Chrome/74.0.3729.131 Safari/537.36',
  'content-type' => 'application/x-www-form-urlencoded',
  'upgrade-insecure-requests' => '1',
  'origin' => 'http://cumtdininghall.com',
  'cache-control' => 'max-age=0',
  'content-length' => '34',
  'connection' => 'close',
  'host' => 'cumtdininghall.com',
)
[ info ] [ PARAM ] array (
  'name' => '123',
  'password' => '123456',
  'code' => 'jzik',
)
[ info ] [ RUN ] app\admin\controller\Index->check[ D:\phpstudy\PHPTutorial\WWW\cumtdininghall\application\admin\controller\Index.php ]
[ info ] [ VIEW ] D:\phpstudy\PHPTutorial\WWW\cumtdininghall\thinkphp\tpl\dispatch_jump.tpl [ array (
  0 => 'code',
  1 => 'msg',
  2 => 'data',
  3 => 'url',
  4 => 'wait',
) ]
[ info ] [ LOG ] INIT File
---------------------------------------------------------------
[ 2019-05-20T21:31:30+08:00 ] 127.0.0.1 GET cumtdininghall.com/captcha.html
[运行时间：0.072630s] [吞吐率：13.77req/s] [内存消耗：1,078.95kb] [文件加载：31]
[ info ] [ LANG ] D:\phpstudy\PHPTutorial\WWW\cumtdininghall\thinkphp\lang\zh-cn.php
[ info ] [ ROUTE ] array (
  'type' => 'method',
  'method' => 
  array (
    0 => '\\think\\captcha\\CaptchaController',
    1 => 'index',
  ),
  'var' => 
  array (
  ),
)
[ info ] [ HEADER ] array (
  'cookie' => 'pgv_pvi=7596739584; PHPSESSID=9bg784pg73b81fdpfngb3tbfo6; thinkphp_show_page_trace=0|0',
  'accept-language' => 'zh-CN,zh;q=0.9',
  'accept-encoding' => 'gzip, deflate',
  'referer' => 'http://cumtdininghall.com/admin/index/login.html',
  'accept' => 'image/webp,image/apng,image/*,*/*;q=0.8',
  'user-agent' => 'Mozilla/5.0 (Windows NT 10.0; Win64; x64) AppleWebKit/537.36 (KHTML, like Gecko) Chrome/74.0.3729.131 Safari/537.36',
  'connection' => 'close',
  'host' => 'cumtdininghall.com',
)
[ info ] [ PARAM ] array (
  'id' => NULL,
)
[ info ] [ RUN ] think\captcha\CaptchaController->index[ D:\phpstudy\PHPTutorial\WWW\cumtdininghall\vendor\topthink\think-captcha\src\CaptchaController.php ]
[ info ] [ SESSION ] INIT array (
  'id' => '',
  'var_session_id' => '',
  'prefix' => 'think',
  'type' => '',
  'auto_start' => true,
)
[ info ] [ LOG ] INIT File
---------------------------------------------------------------
[ 2019-05-20T21:32:34+08:00 ] 127.0.0.1 POST cumtdininghall.com/admin/index/check
[运行时间：1.039940s] [吞吐率：0.96req/s] [内存消耗：1,367.73kb] [文件加载：42]
[ info ] [ LANG ] D:\phpstudy\PHPTutorial\WWW\cumtdininghall\thinkphp\lang\zh-cn.php
[ info ] [ ROUTE ] array (
  'type' => 'module',
  'module' => 
  array (
    0 => 'admin',
    1 => 'index',
    2 => 'check',
  ),
)
[ info ] [ HEADER ] array (
  'cookie' => 'thinkphp_show_page_trace=0|0; pgv_pvi=7596739584; PHPSESSID=9bg784pg73b81fdpfngb3tbfo6; thinkphp_show_page_trace=0|0',
  'accept-language' => 'zh-CN,zh;q=0.9',
  'accept-encoding' => 'gzip, deflate',
  'referer' => 'http://cumtdininghall.com/admin/index/login.html',
  'accept' => 'text/html,application/xhtml+xml,application/xml;q=0.9,image/webp,image/apng,*/*;q=0.8,application/signed-exchange;v=b3',
  'user-agent' => 'Mozilla/5.0 (Windows NT 10.0; Win64; x64) AppleWebKit/537.36 (KHTML, like Gecko) Chrome/74.0.3729.131 Safari/537.36',
  'content-type' => 'application/x-www-form-urlencoded',
  'upgrade-insecure-requests' => '1',
  'origin' => 'http://cumtdininghall.com',
  'cache-control' => 'max-age=0',
  'content-length' => '35',
  'connection' => 'close',
  'host' => 'cumtdininghall.com',
)
[ info ] [ PARAM ] array (
  'name' => 'test',
  'password' => '123456',
  'code' => '3gy0',
)
[ info ] [ RUN ] app\admin\controller\Index->check[ D:\phpstudy\PHPTutorial\WWW\cumtdininghall\application\admin\controller\Index.php ]
[ info ] [ SESSION ] INIT array (
  'id' => '',
  'var_session_id' => '',
  'prefix' => 'think',
  'type' => '',
  'auto_start' => true,
)
[ info ] [ VIEW ] D:\phpstudy\PHPTutorial\WWW\cumtdininghall\thinkphp\tpl\dispatch_jump.tpl [ array (
  0 => 'code',
  1 => 'msg',
  2 => 'data',
  3 => 'url',
  4 => 'wait',
) ]
[ info ] [ LOG ] INIT File
---------------------------------------------------------------
[ 2019-05-20T21:32:40+08:00 ] 127.0.0.1 GET cumtdininghall.com/captcha.html?
[运行时间：0.021060s] [吞吐率：47.48req/s] [内存消耗：1,078.96kb] [文件加载：31]
[ info ] [ LANG ] D:\phpstudy\PHPTutorial\WWW\cumtdininghall\thinkphp\lang\zh-cn.php
[ info ] [ ROUTE ] array (
  'type' => 'method',
  'method' => 
  array (
    0 => '\\think\\captcha\\CaptchaController',
    1 => 'index',
  ),
  'var' => 
  array (
  ),
)
[ info ] [ HEADER ] array (
  'cookie' => 'pgv_pvi=7596739584; PHPSESSID=9bg784pg73b81fdpfngb3tbfo6; thinkphp_show_page_trace=0|0',
  'accept-language' => 'zh-CN,zh;q=0.9',
  'accept-encoding' => 'gzip, deflate',
  'referer' => 'http://cumtdininghall.com/admin/index/login.html',
  'accept' => 'image/webp,image/apng,image/*,*/*;q=0.8',
  'user-agent' => 'Mozilla/5.0 (Windows NT 10.0; Win64; x64) AppleWebKit/537.36 (KHTML, like Gecko) Chrome/74.0.3729.131 Safari/537.36',
  'connection' => 'close',
  'host' => 'cumtdininghall.com',
)
[ info ] [ PARAM ] array (
  'id' => NULL,
)
[ info ] [ RUN ] think\captcha\CaptchaController->index[ D:\phpstudy\PHPTutorial\WWW\cumtdininghall\vendor\topthink\think-captcha\src\CaptchaController.php ]
[ info ] [ SESSION ] INIT array (
  'id' => '',
  'var_session_id' => '',
  'prefix' => 'think',
  'type' => '',
  'auto_start' => true,
)
[ info ] [ LOG ] INIT File
---------------------------------------------------------------
[ 2019-05-20T21:32:45+08:00 ] 127.0.0.1 POST cumtdininghall.com/admin/index/check
[运行时间：1.035075s] [吞吐率：0.97req/s] [内存消耗：1,415.68kb] [文件加载：43]
[ info ] [ LANG ] D:\phpstudy\PHPTutorial\WWW\cumtdininghall\thinkphp\lang\zh-cn.php
[ info ] [ ROUTE ] array (
  'type' => 'module',
  'module' => 
  array (
    0 => 'admin',
    1 => 'index',
    2 => 'check',
  ),
)
[ info ] [ HEADER ] array (
  'cookie' => 'thinkphp_show_page_trace=0|0; pgv_pvi=7596739584; PHPSESSID=9bg784pg73b81fdpfngb3tbfo6; thinkphp_show_page_trace=0|0',
  'accept-language' => 'zh-CN,zh;q=0.9',
  'accept-encoding' => 'gzip, deflate',
  'referer' => 'http://cumtdininghall.com/admin/index/login.html',
  'accept' => 'text/html,application/xhtml+xml,application/xml;q=0.9,image/webp,image/apng,*/*;q=0.8,application/signed-exchange;v=b3',
  'user-agent' => 'Mozilla/5.0 (Windows NT 10.0; Win64; x64) AppleWebKit/537.36 (KHTML, like Gecko) Chrome/74.0.3729.131 Safari/537.36',
  'content-type' => 'application/x-www-form-urlencoded',
  'upgrade-insecure-requests' => '1',
  'origin' => 'http://cumtdininghall.com',
  'cache-control' => 'max-age=0',
  'content-length' => '35',
  'connection' => 'close',
  'host' => 'cumtdininghall.com',
)
[ info ] [ PARAM ] array (
  'name' => 'test',
  'password' => '123456',
  'code' => '7DUH',
)
[ info ] [ RUN ] app\admin\controller\Index->check[ D:\phpstudy\PHPTutorial\WWW\cumtdininghall\application\admin\controller\Index.php ]
[ info ] [ SESSION ] INIT array (
  'id' => '',
  'var_session_id' => '',
  'prefix' => 'think',
  'type' => '',
  'auto_start' => true,
)
[ info ] [ VIEW ] D:\phpstudy\PHPTutorial\WWW\cumtdininghall\thinkphp\tpl\dispatch_jump.tpl [ array (
  0 => 'code',
  1 => 'msg',
  2 => 'data',
  3 => 'url',
  4 => 'wait',
) ]
[ info ] [ LOG ] INIT File
---------------------------------------------------------------
[ 2019-05-20T21:32:46+08:00 ] 127.0.0.1 GET cumtdininghall.com/admin/user/index.html
[运行时间：0.098476s] [吞吐率：10.15req/s] [内存消耗：1,376.77kb] [文件加载：42]
[ info ] [ LANG ] D:\phpstudy\PHPTutorial\WWW\cumtdininghall\thinkphp\lang\zh-cn.php
[ info ] [ ROUTE ] array (
  'type' => 'module',
  'module' => 
  array (
    0 => 'admin',
    1 => 'user',
    2 => 'index',
  ),
)
[ info ] [ HEADER ] array (
  'cookie' => 'thinkphp_show_page_trace=0|0; pgv_pvi=7596739584; PHPSESSID=9bg784pg73b81fdpfngb3tbfo6; thinkphp_show_page_trace=0|0',
  'accept-language' => 'zh-CN,zh;q=0.9',
  'accept-encoding' => 'gzip, deflate',
  'referer' => 'http://cumtdininghall.com/admin/index/check',
  'accept' => 'text/html,application/xhtml+xml,application/xml;q=0.9,image/webp,image/apng,*/*;q=0.8,application/signed-exchange;v=b3',
  'user-agent' => 'Mozilla/5.0 (Windows NT 10.0; Win64; x64) AppleWebKit/537.36 (KHTML, like Gecko) Chrome/74.0.3729.131 Safari/537.36',
  'upgrade-insecure-requests' => '1',
  'connection' => 'close',
  'host' => 'cumtdininghall.com',
)
[ info ] [ PARAM ] array (
)
[ info ] [ SESSION ] INIT array (
  'id' => '',
  'var_session_id' => '',
  'prefix' => 'think',
  'type' => '',
  'auto_start' => true,
)
[ info ] [ RUN ] app\admin\controller\User->index[ D:\phpstudy\PHPTutorial\WWW\cumtdininghall\application\admin\controller\User.php ]
[ info ] [ VIEW ] D:\phpstudy\PHPTutorial\WWW\cumtdininghall\public/../application/admin\view\user\index.html [ array (
) ]
[ info ] [ LOG ] INIT File
