---------------------------------------------------------------
[ 2019-05-21T14:15:20+08:00 ] 127.0.0.1 GET cumtdininghall.com/admin/user/index
[运行时间：0.625620s] [吞吐率：1.60req/s] [内存消耗：1,382.34kb] [文件加载：43]
[ info ] [ LANG ] D:\phpstudy\PHPTutorial\WWW\cumtdininghall\thinkphp\lang\zh-cn.php
[ info ] [ ROUTE ] array (
  'type' => 'module',
  'module' => 
  array (
    0 => 'admin',
    1 => 'user',
    2 => 'index',
  ),
)
[ info ] [ HEADER ] array (
  'upgrade-insecure-requests' => '1',
  'connection' => 'close',
  'accept-encoding' => 'gzip, deflate',
  'accept-language' => 'zh-CN,zh;q=0.8,zh-TW;q=0.7,zh-HK;q=0.5,en-US;q=0.3,en;q=0.2',
  'accept' => 'text/html,application/xhtml+xml,application/xml;q=0.9,*/*;q=0.8',
  'user-agent' => 'Mozilla/5.0 (Windows NT 10.0; Win64; x64; rv:66.0) Gecko/20100101 Firefox/66.0',
  'host' => 'cumtdininghall.com',
)
[ info ] [ PARAM ] array (
)
[ info ] [ SESSION ] INIT array (
  'id' => '',
  'var_session_id' => '',
  'prefix' => 'think',
  'type' => '',
  'auto_start' => true,
)
[ info ] [ VIEW ] D:\phpstudy\PHPTutorial\WWW\cumtdininghall\thinkphp\tpl\dispatch_jump.tpl [ array (
  0 => 'code',
  1 => 'msg',
  2 => 'data',
  3 => 'url',
  4 => 'wait',
) ]
[ info ] [ LOG ] INIT File
---------------------------------------------------------------
[ 2019-05-21T14:15:21+08:00 ] 127.0.0.1 GET cumtdininghall.com/admin/index/login.html
[运行时间：0.105461s] [吞吐率：9.48req/s] [内存消耗：1,356.27kb] [文件加载：41]
[ info ] [ LANG ] D:\phpstudy\PHPTutorial\WWW\cumtdininghall\thinkphp\lang\zh-cn.php
[ info ] [ ROUTE ] array (
  'type' => 'module',
  'module' => 
  array (
    0 => 'admin',
    1 => 'index',
    2 => 'login',
  ),
)
[ info ] [ HEADER ] array (
  'upgrade-insecure-requests' => '1',
  'cookie' => 'PHPSESSID=o1o930l5pdg0qpnc8kk3pr8ub4',
  'connection' => 'close',
  'referer' => 'http://cumtdininghall.com/admin/user/index',
  'accept-encoding' => 'gzip, deflate',
  'accept-language' => 'zh-CN,zh;q=0.8,zh-TW;q=0.7,zh-HK;q=0.5,en-US;q=0.3,en;q=0.2',
  'accept' => 'text/html,application/xhtml+xml,application/xml;q=0.9,*/*;q=0.8',
  'user-agent' => 'Mozilla/5.0 (Windows NT 10.0; Win64; x64; rv:66.0) Gecko/20100101 Firefox/66.0',
  'host' => 'cumtdininghall.com',
)
[ info ] [ PARAM ] array (
)
[ info ] [ RUN ] app\admin\controller\Index->login[ D:\phpstudy\PHPTutorial\WWW\cumtdininghall\application\admin\controller\Index.php ]
[ info ] [ VIEW ] D:\phpstudy\PHPTutorial\WWW\cumtdininghall\public/../application/admin\view\index\login.html [ array (
) ]
[ info ] [ LOG ] INIT File
---------------------------------------------------------------
[ 2019-05-21T14:15:22+08:00 ] 127.0.0.1 GET cumtdininghall.com/captcha.html
[运行时间：0.142212s] [吞吐率：7.03req/s] [内存消耗：1,078.70kb] [文件加载：31]
[ info ] [ LANG ] D:\phpstudy\PHPTutorial\WWW\cumtdininghall\thinkphp\lang\zh-cn.php
[ info ] [ ROUTE ] array (
  'type' => 'method',
  'method' => 
  array (
    0 => '\\think\\captcha\\CaptchaController',
    1 => 'index',
  ),
  'var' => 
  array (
  ),
)
[ info ] [ HEADER ] array (
  'cookie' => 'PHPSESSID=o1o930l5pdg0qpnc8kk3pr8ub4',
  'connection' => 'close',
  'referer' => 'http://cumtdininghall.com/admin/index/login.html',
  'accept-encoding' => 'gzip, deflate',
  'accept-language' => 'zh-CN,zh;q=0.8,zh-TW;q=0.7,zh-HK;q=0.5,en-US;q=0.3,en;q=0.2',
  'accept' => 'image/webp,*/*',
  'user-agent' => 'Mozilla/5.0 (Windows NT 10.0; Win64; x64; rv:66.0) Gecko/20100101 Firefox/66.0',
  'host' => 'cumtdininghall.com',
)
[ info ] [ PARAM ] array (
  'id' => NULL,
)
[ info ] [ RUN ] think\captcha\CaptchaController->index[ D:\phpstudy\PHPTutorial\WWW\cumtdininghall\vendor\topthink\think-captcha\src\CaptchaController.php ]
[ info ] [ SESSION ] INIT array (
  'id' => '',
  'var_session_id' => '',
  'prefix' => 'think',
  'type' => '',
  'auto_start' => true,
)
[ info ] [ LOG ] INIT File
---------------------------------------------------------------
[ 2019-05-21T14:15:31+08:00 ] 127.0.0.1 POST cumtdininghall.com/admin/index/check
[运行时间：1.157667s] [吞吐率：0.86req/s] [内存消耗：1,366.83kb] [文件加载：42]
[ info ] [ LANG ] D:\phpstudy\PHPTutorial\WWW\cumtdininghall\thinkphp\lang\zh-cn.php
[ info ] [ ROUTE ] array (
  'type' => 'module',
  'module' => 
  array (
    0 => 'admin',
    1 => 'index',
    2 => 'check',
  ),
)
[ info ] [ HEADER ] array (
  'upgrade-insecure-requests' => '1',
  'cookie' => 'thinkphp_show_page_trace=0|0; PHPSESSID=o1o930l5pdg0qpnc8kk3pr8ub4',
  'connection' => 'close',
  'content-length' => '35',
  'content-type' => 'application/x-www-form-urlencoded',
  'referer' => 'http://cumtdininghall.com/admin/index/login.html',
  'accept-encoding' => 'gzip, deflate',
  'accept-language' => 'zh-CN,zh;q=0.8,zh-TW;q=0.7,zh-HK;q=0.5,en-US;q=0.3,en;q=0.2',
  'accept' => 'text/html,application/xhtml+xml,application/xml;q=0.9,*/*;q=0.8',
  'user-agent' => 'Mozilla/5.0 (Windows NT 10.0; Win64; x64; rv:66.0) Gecko/20100101 Firefox/66.0',
  'host' => 'cumtdininghall.com',
)
[ info ] [ PARAM ] array (
  'name' => 'test',
  'password' => '123456',
  'code' => 'SRGS',
)
[ info ] [ RUN ] app\admin\controller\Index->check[ D:\phpstudy\PHPTutorial\WWW\cumtdininghall\application\admin\controller\Index.php ]
[ info ] [ SESSION ] INIT array (
  'id' => '',
  'var_session_id' => '',
  'prefix' => 'think',
  'type' => '',
  'auto_start' => true,
)
[ info ] [ VIEW ] D:\phpstudy\PHPTutorial\WWW\cumtdininghall\thinkphp\tpl\dispatch_jump.tpl [ array (
  0 => 'code',
  1 => 'msg',
  2 => 'data',
  3 => 'url',
  4 => 'wait',
) ]
[ info ] [ LOG ] INIT File
---------------------------------------------------------------
[ 2019-05-21T14:15:33+08:00 ] 127.0.0.1 GET cumtdininghall.com/captcha.html
[运行时间：0.060844s] [吞吐率：16.44req/s] [内存消耗：1,078.69kb] [文件加载：31]
[ info ] [ LANG ] D:\phpstudy\PHPTutorial\WWW\cumtdininghall\thinkphp\lang\zh-cn.php
[ info ] [ ROUTE ] array (
  'type' => 'method',
  'method' => 
  array (
    0 => '\\think\\captcha\\CaptchaController',
    1 => 'index',
  ),
  'var' => 
  array (
  ),
)
[ info ] [ HEADER ] array (
  'cookie' => 'PHPSESSID=o1o930l5pdg0qpnc8kk3pr8ub4',
  'connection' => 'close',
  'referer' => 'http://cumtdininghall.com/admin/index/login.html',
  'accept-encoding' => 'gzip, deflate',
  'accept-language' => 'zh-CN,zh;q=0.8,zh-TW;q=0.7,zh-HK;q=0.5,en-US;q=0.3,en;q=0.2',
  'accept' => 'image/webp,*/*',
  'user-agent' => 'Mozilla/5.0 (Windows NT 10.0; Win64; x64; rv:66.0) Gecko/20100101 Firefox/66.0',
  'host' => 'cumtdininghall.com',
)
[ info ] [ PARAM ] array (
  'id' => NULL,
)
[ info ] [ RUN ] think\captcha\CaptchaController->index[ D:\phpstudy\PHPTutorial\WWW\cumtdininghall\vendor\topthink\think-captcha\src\CaptchaController.php ]
[ info ] [ SESSION ] INIT array (
  'id' => '',
  'var_session_id' => '',
  'prefix' => 'think',
  'type' => '',
  'auto_start' => true,
)
[ info ] [ LOG ] INIT File
---------------------------------------------------------------
[ 2019-05-21T14:15:41+08:00 ] 127.0.0.1 POST cumtdininghall.com/admin/index/check
[运行时间：1.084689s] [吞吐率：0.92req/s] [内存消耗：1,414.78kb] [文件加载：43]
[ info ] [ LANG ] D:\phpstudy\PHPTutorial\WWW\cumtdininghall\thinkphp\lang\zh-cn.php
[ info ] [ ROUTE ] array (
  'type' => 'module',
  'module' => 
  array (
    0 => 'admin',
    1 => 'index',
    2 => 'check',
  ),
)
[ info ] [ HEADER ] array (
  'upgrade-insecure-requests' => '1',
  'cookie' => 'thinkphp_show_page_trace=0|0; PHPSESSID=o1o930l5pdg0qpnc8kk3pr8ub4',
  'connection' => 'close',
  'content-length' => '35',
  'content-type' => 'application/x-www-form-urlencoded',
  'referer' => 'http://cumtdininghall.com/admin/index/login.html',
  'accept-encoding' => 'gzip, deflate',
  'accept-language' => 'zh-CN,zh;q=0.8,zh-TW;q=0.7,zh-HK;q=0.5,en-US;q=0.3,en;q=0.2',
  'accept' => 'text/html,application/xhtml+xml,application/xml;q=0.9,*/*;q=0.8',
  'user-agent' => 'Mozilla/5.0 (Windows NT 10.0; Win64; x64; rv:66.0) Gecko/20100101 Firefox/66.0',
  'host' => 'cumtdininghall.com',
)
[ info ] [ PARAM ] array (
  'name' => 'test',
  'password' => '123456',
  'code' => 'E2VY',
)
[ info ] [ RUN ] app\admin\controller\Index->check[ D:\phpstudy\PHPTutorial\WWW\cumtdininghall\application\admin\controller\Index.php ]
[ info ] [ SESSION ] INIT array (
  'id' => '',
  'var_session_id' => '',
  'prefix' => 'think',
  'type' => '',
  'auto_start' => true,
)
[ info ] [ VIEW ] D:\phpstudy\PHPTutorial\WWW\cumtdininghall\thinkphp\tpl\dispatch_jump.tpl [ array (
  0 => 'code',
  1 => 'msg',
  2 => 'data',
  3 => 'url',
  4 => 'wait',
) ]
[ info ] [ LOG ] INIT File
---------------------------------------------------------------
[ 2019-05-21T14:15:42+08:00 ] 127.0.0.1 GET cumtdininghall.com/admin/user/index.html
[运行时间：0.100021s] [吞吐率：10.00req/s] [内存消耗：1,376.34kb] [文件加载：42]
[ info ] [ LANG ] D:\phpstudy\PHPTutorial\WWW\cumtdininghall\thinkphp\lang\zh-cn.php
[ info ] [ ROUTE ] array (
  'type' => 'module',
  'module' => 
  array (
    0 => 'admin',
    1 => 'user',
    2 => 'index',
  ),
)
[ info ] [ HEADER ] array (
  'upgrade-insecure-requests' => '1',
  'cookie' => 'thinkphp_show_page_trace=0|0; PHPSESSID=o1o930l5pdg0qpnc8kk3pr8ub4',
  'connection' => 'close',
  'referer' => 'http://cumtdininghall.com/admin/index/check',
  'accept-encoding' => 'gzip, deflate',
  'accept-language' => 'zh-CN,zh;q=0.8,zh-TW;q=0.7,zh-HK;q=0.5,en-US;q=0.3,en;q=0.2',
  'accept' => 'text/html,application/xhtml+xml,application/xml;q=0.9,*/*;q=0.8',
  'user-agent' => 'Mozilla/5.0 (Windows NT 10.0; Win64; x64; rv:66.0) Gecko/20100101 Firefox/66.0',
  'host' => 'cumtdininghall.com',
)
[ info ] [ PARAM ] array (
)
[ info ] [ SESSION ] INIT array (
  'id' => '',
  'var_session_id' => '',
  'prefix' => 'think',
  'type' => '',
  'auto_start' => true,
)
[ info ] [ RUN ] app\admin\controller\User->index[ D:\phpstudy\PHPTutorial\WWW\cumtdininghall\application\admin\controller\User.php ]
[ info ] [ VIEW ] D:\phpstudy\PHPTutorial\WWW\cumtdininghall\public/../application/admin\view\user\index.html [ array (
) ]
[ info ] [ LOG ] INIT File
---------------------------------------------------------------
[ 2019-05-21T14:15:44+08:00 ] 127.0.0.1 GET cumtdininghall.com/admin/user/changepassword.html
[运行时间：0.111344s] [吞吐率：8.98req/s] [内存消耗：1,376.48kb] [文件加载：42]
[ info ] [ LANG ] D:\phpstudy\PHPTutorial\WWW\cumtdininghall\thinkphp\lang\zh-cn.php
[ info ] [ ROUTE ] array (
  'type' => 'module',
  'module' => 
  array (
    0 => 'admin',
    1 => 'user',
    2 => 'changepassword',
  ),
)
[ info ] [ HEADER ] array (
  'upgrade-insecure-requests' => '1',
  'cookie' => 'thinkphp_show_page_trace=0|0; PHPSESSID=o1o930l5pdg0qpnc8kk3pr8ub4',
  'connection' => 'close',
  'referer' => 'http://cumtdininghall.com/admin/user/index.html',
  'accept-encoding' => 'gzip, deflate',
  'accept-language' => 'zh-CN,zh;q=0.8,zh-TW;q=0.7,zh-HK;q=0.5,en-US;q=0.3,en;q=0.2',
  'accept' => 'text/html,application/xhtml+xml,application/xml;q=0.9,*/*;q=0.8',
  'user-agent' => 'Mozilla/5.0 (Windows NT 10.0; Win64; x64; rv:66.0) Gecko/20100101 Firefox/66.0',
  'host' => 'cumtdininghall.com',
)
[ info ] [ PARAM ] array (
)
[ info ] [ SESSION ] INIT array (
  'id' => '',
  'var_session_id' => '',
  'prefix' => 'think',
  'type' => '',
  'auto_start' => true,
)
[ info ] [ RUN ] app\admin\controller\User->changepassword[ D:\phpstudy\PHPTutorial\WWW\cumtdininghall\application\admin\controller\User.php ]
[ info ] [ VIEW ] D:\phpstudy\PHPTutorial\WWW\cumtdininghall\public/../application/admin\view\user\changepassword.html [ array (
) ]
[ info ] [ LOG ] INIT File
---------------------------------------------------------------
[ 2019-05-21T14:15:54+08:00 ] 127.0.0.1 POST cumtdininghall.com/admin/user/change
[运行时间：1.120525s] [吞吐率：0.89req/s] [内存消耗：1,384.43kb] [文件加载：43]
[ info ] [ LANG ] D:\phpstudy\PHPTutorial\WWW\cumtdininghall\thinkphp\lang\zh-cn.php
[ info ] [ ROUTE ] array (
  'type' => 'module',
  'module' => 
  array (
    0 => 'admin',
    1 => 'user',
    2 => 'change',
  ),
)
[ info ] [ HEADER ] array (
  'upgrade-insecure-requests' => '1',
  'cookie' => 'thinkphp_show_page_trace=0|0; PHPSESSID=o1o930l5pdg0qpnc8kk3pr8ub4',
  'connection' => 'close',
  'content-length' => '33',
  'content-type' => 'application/x-www-form-urlencoded',
  'referer' => 'http://cumtdininghall.com/admin/user/changepassword.html',
  'accept-encoding' => 'gzip, deflate',
  'accept-language' => 'zh-CN,zh;q=0.8,zh-TW;q=0.7,zh-HK;q=0.5,en-US;q=0.3,en;q=0.2',
  'accept' => 'text/html,application/xhtml+xml,application/xml;q=0.9,*/*;q=0.8',
  'user-agent' => 'Mozilla/5.0 (Windows NT 10.0; Win64; x64; rv:66.0) Gecko/20100101 Firefox/66.0',
  'host' => 'cumtdininghall.com',
)
[ info ] [ PARAM ] array (
  'password' => '123456',
  'repassword' => '123456',
)
[ info ] [ SESSION ] INIT array (
  'id' => '',
  'var_session_id' => '',
  'prefix' => 'think',
  'type' => '',
  'auto_start' => true,
)
[ info ] [ RUN ] app\admin\controller\User->change[ D:\phpstudy\PHPTutorial\WWW\cumtdininghall\application\admin\controller\User.php ]
[ info ] [ VIEW ] D:\phpstudy\PHPTutorial\WWW\cumtdininghall\thinkphp\tpl\dispatch_jump.tpl [ array (
  0 => 'code',
  1 => 'msg',
  2 => 'data',
  3 => 'url',
  4 => 'wait',
) ]
[ info ] [ LOG ] INIT File
---------------------------------------------------------------
[ 2019-05-21T14:15:56+08:00 ] 127.0.0.1 GET cumtdininghall.com/admin/index/login.html
[运行时间：0.043204s] [吞吐率：23.15req/s] [内存消耗：1,356.37kb] [文件加载：41]
[ info ] [ LANG ] D:\phpstudy\PHPTutorial\WWW\cumtdininghall\thinkphp\lang\zh-cn.php
[ info ] [ ROUTE ] array (
  'type' => 'module',
  'module' => 
  array (
    0 => 'admin',
    1 => 'index',
    2 => 'login',
  ),
)
[ info ] [ HEADER ] array (
  'upgrade-insecure-requests' => '1',
  'cookie' => 'thinkphp_show_page_trace=0|0; PHPSESSID=o1o930l5pdg0qpnc8kk3pr8ub4',
  'connection' => 'close',
  'referer' => 'http://cumtdininghall.com/admin/user/change',
  'accept-encoding' => 'gzip, deflate',
  'accept-language' => 'zh-CN,zh;q=0.8,zh-TW;q=0.7,zh-HK;q=0.5,en-US;q=0.3,en;q=0.2',
  'accept' => 'text/html,application/xhtml+xml,application/xml;q=0.9,*/*;q=0.8',
  'user-agent' => 'Mozilla/5.0 (Windows NT 10.0; Win64; x64; rv:66.0) Gecko/20100101 Firefox/66.0',
  'host' => 'cumtdininghall.com',
)
[ info ] [ PARAM ] array (
)
[ info ] [ RUN ] app\admin\controller\Index->login[ D:\phpstudy\PHPTutorial\WWW\cumtdininghall\application\admin\controller\Index.php ]
[ info ] [ VIEW ] D:\phpstudy\PHPTutorial\WWW\cumtdininghall\public/../application/admin\view\index\login.html [ array (
) ]
[ info ] [ LOG ] INIT File
---------------------------------------------------------------
[ 2019-05-21T14:15:56+08:00 ] 127.0.0.1 GET cumtdininghall.com/captcha.html
[运行时间：0.094334s] [吞吐率：10.60req/s] [内存消耗：1,078.70kb] [文件加载：31]
[ info ] [ LANG ] D:\phpstudy\PHPTutorial\WWW\cumtdininghall\thinkphp\lang\zh-cn.php
[ info ] [ ROUTE ] array (
  'type' => 'method',
  'method' => 
  array (
    0 => '\\think\\captcha\\CaptchaController',
    1 => 'index',
  ),
  'var' => 
  array (
  ),
)
[ info ] [ HEADER ] array (
  'cookie' => 'PHPSESSID=o1o930l5pdg0qpnc8kk3pr8ub4',
  'connection' => 'close',
  'referer' => 'http://cumtdininghall.com/admin/index/login.html',
  'accept-encoding' => 'gzip, deflate',
  'accept-language' => 'zh-CN,zh;q=0.8,zh-TW;q=0.7,zh-HK;q=0.5,en-US;q=0.3,en;q=0.2',
  'accept' => 'image/webp,*/*',
  'user-agent' => 'Mozilla/5.0 (Windows NT 10.0; Win64; x64; rv:66.0) Gecko/20100101 Firefox/66.0',
  'host' => 'cumtdininghall.com',
)
[ info ] [ PARAM ] array (
  'id' => NULL,
)
[ info ] [ RUN ] think\captcha\CaptchaController->index[ D:\phpstudy\PHPTutorial\WWW\cumtdininghall\vendor\topthink\think-captcha\src\CaptchaController.php ]
[ info ] [ SESSION ] INIT array (
  'id' => '',
  'var_session_id' => '',
  'prefix' => 'think',
  'type' => '',
  'auto_start' => true,
)
[ info ] [ LOG ] INIT File
---------------------------------------------------------------
[ 2019-05-21T14:16:49+08:00 ] 127.0.0.1 GET cumtdininghall.com/
[运行时间：0.369157s] [吞吐率：2.71req/s] [内存消耗：1,348.21kb] [文件加载：41]
[ info ] [ LANG ] D:\phpstudy\PHPTutorial\WWW\cumtdininghall\thinkphp\lang\zh-cn.php
[ info ] [ ROUTE ] array (
  'type' => 'module',
  'module' => 
  array (
    0 => '',
    1 => NULL,
    2 => NULL,
  ),
)
[ info ] [ HEADER ] array (
  'cookie' => 'pgv_pvi=7596739584; PHPSESSID=9bg784pg73b81fdpfngb3tbfo6; thinkphp_show_page_trace=0|0',
  'accept-language' => 'zh-CN,zh;q=0.9',
  'accept-encoding' => 'gzip, deflate',
  'accept' => 'text/html,application/xhtml+xml,application/xml;q=0.9,image/webp,image/apng,*/*;q=0.8,application/signed-exchange;v=b3',
  'user-agent' => 'Mozilla/5.0 (Windows NT 10.0; Win64; x64) AppleWebKit/537.36 (KHTML, like Gecko) Chrome/74.0.3729.131 Safari/537.36',
  'upgrade-insecure-requests' => '1',
  'connection' => 'close',
  'host' => 'cumtdininghall.com',
)
[ info ] [ PARAM ] array (
)
[ info ] [ RUN ] app\index\controller\Index->index[ D:\phpstudy\PHPTutorial\WWW\cumtdininghall\application\index\controller\Index.php ]
[ info ] [ VIEW ] D:\phpstudy\PHPTutorial\WWW\cumtdininghall\public/../application/index\view\index\index.html [ array (
) ]
[ info ] [ LOG ] INIT File
---------------------------------------------------------------
[ 2019-05-21T14:16:50+08:00 ] 127.0.0.1 GET cumtdininghall.com/font/DroidSans.woff
[运行时间：0.135663s] [吞吐率：7.37req/s] [内存消耗：1,090.91kb] [文件加载：35]
[ info ] [ LANG ] D:\phpstudy\PHPTutorial\WWW\cumtdininghall\thinkphp\lang\zh-cn.php
[ info ] [ ROUTE ] array (
  'type' => 'module',
  'module' => 
  array (
    0 => 'font',
    1 => 'DroidSans.woff',
    2 => NULL,
  ),
)
[ info ] [ HEADER ] array (
  'cookie' => 'pgv_pvi=7596739584; PHPSESSID=9bg784pg73b81fdpfngb3tbfo6; thinkphp_show_page_trace=0|0',
  'accept-language' => 'zh-CN,zh;q=0.9',
  'accept-encoding' => 'gzip, deflate',
  'referer' => 'http://cumtdininghall.com/css/indexstyle.css',
  'accept' => '*/*',
  'user-agent' => 'Mozilla/5.0 (Windows NT 10.0; Win64; x64) AppleWebKit/537.36 (KHTML, like Gecko) Chrome/74.0.3729.131 Safari/537.36',
  'origin' => 'http://cumtdininghall.com',
  'connection' => 'close',
  'host' => 'cumtdininghall.com',
)
[ info ] [ PARAM ] array (
)
[ info ] [ LOG ] INIT File
---------------------------------------------------------------
[ 2019-05-21T14:16:50+08:00 ] 127.0.0.1 GET cumtdininghall.com/font/RobotoSlabLight.woff
[运行时间：0.153946s] [吞吐率：6.50req/s] [内存消耗：1,090.92kb] [文件加载：35]
[ info ] [ LANG ] D:\phpstudy\PHPTutorial\WWW\cumtdininghall\thinkphp\lang\zh-cn.php
[ info ] [ ROUTE ] array (
  'type' => 'module',
  'module' => 
  array (
    0 => 'font',
    1 => 'RobotoSlabLight.woff',
    2 => NULL,
  ),
)
[ info ] [ HEADER ] array (
  'cookie' => 'pgv_pvi=7596739584; PHPSESSID=9bg784pg73b81fdpfngb3tbfo6; thinkphp_show_page_trace=0|0',
  'accept-language' => 'zh-CN,zh;q=0.9',
  'accept-encoding' => 'gzip, deflate',
  'referer' => 'http://cumtdininghall.com/css/indexstyle.css',
  'accept' => '*/*',
  'user-agent' => 'Mozilla/5.0 (Windows NT 10.0; Win64; x64) AppleWebKit/537.36 (KHTML, like Gecko) Chrome/74.0.3729.131 Safari/537.36',
  'origin' => 'http://cumtdininghall.com',
  'connection' => 'close',
  'host' => 'cumtdininghall.com',
)
[ info ] [ PARAM ] array (
)
[ info ] [ LOG ] INIT File
---------------------------------------------------------------
[ 2019-05-21T14:16:51+08:00 ] 127.0.0.1 GET cumtdininghall.com/index/index/index.html
[运行时间：0.034587s] [吞吐率：28.91req/s] [内存消耗：1,351.60kb] [文件加载：41]
[ info ] [ LANG ] D:\phpstudy\PHPTutorial\WWW\cumtdininghall\thinkphp\lang\zh-cn.php
[ info ] [ ROUTE ] array (
  'type' => 'module',
  'module' => 
  array (
    0 => 'index',
    1 => 'index',
    2 => 'index',
  ),
)
[ info ] [ HEADER ] array (
  'cookie' => 'pgv_pvi=7596739584; PHPSESSID=9bg784pg73b81fdpfngb3tbfo6; thinkphp_show_page_trace=0|0',
  'accept-language' => 'zh-CN,zh;q=0.9',
  'accept-encoding' => 'gzip, deflate',
  'referer' => 'http://cumtdininghall.com/',
  'accept' => 'text/html,application/xhtml+xml,application/xml;q=0.9,image/webp,image/apng,*/*;q=0.8,application/signed-exchange;v=b3',
  'user-agent' => 'Mozilla/5.0 (Windows NT 10.0; Win64; x64) AppleWebKit/537.36 (KHTML, like Gecko) Chrome/74.0.3729.131 Safari/537.36',
  'upgrade-insecure-requests' => '1',
  'connection' => 'close',
  'host' => 'cumtdininghall.com',
)
[ info ] [ PARAM ] array (
)
[ info ] [ RUN ] app\index\controller\Index->index[ D:\phpstudy\PHPTutorial\WWW\cumtdininghall\application\index\controller\Index.php ]
[ info ] [ VIEW ] D:\phpstudy\PHPTutorial\WWW\cumtdininghall\public/../application/index\view\index\index.html [ array (
) ]
[ info ] [ LOG ] INIT File
---------------------------------------------------------------
[ 2019-05-21T14:16:51+08:00 ] 127.0.0.1 GET cumtdininghall.com/font/DroidSans.woff
[运行时间：0.042325s] [吞吐率：23.63req/s] [内存消耗：1,090.93kb] [文件加载：35]
[ info ] [ LANG ] D:\phpstudy\PHPTutorial\WWW\cumtdininghall\thinkphp\lang\zh-cn.php
[ info ] [ ROUTE ] array (
  'type' => 'module',
  'module' => 
  array (
    0 => 'font',
    1 => 'DroidSans.woff',
    2 => NULL,
  ),
)
[ info ] [ HEADER ] array (
  'cookie' => 'pgv_pvi=7596739584; PHPSESSID=9bg784pg73b81fdpfngb3tbfo6; thinkphp_show_page_trace=0|0',
  'accept-language' => 'zh-CN,zh;q=0.9',
  'accept-encoding' => 'gzip, deflate',
  'referer' => 'http://cumtdininghall.com/css/indexstyle.css',
  'accept' => '*/*',
  'user-agent' => 'Mozilla/5.0 (Windows NT 10.0; Win64; x64) AppleWebKit/537.36 (KHTML, like Gecko) Chrome/74.0.3729.131 Safari/537.36',
  'origin' => 'http://cumtdininghall.com',
  'connection' => 'close',
  'host' => 'cumtdininghall.com',
)
[ info ] [ PARAM ] array (
)
[ info ] [ LOG ] INIT File
 INIT File
---------------------------------------------------------------
[ 2019-05-21T14:16:52+08:00 ] 127.0.0.1 GET cumtdininghall.com/index/index/index.html
[运行时间：0.049495s] [吞吐率：20.20req/s] [内存消耗：1,351.82kb] [文件加载：41]
[ info ] [ LANG ] D:\phpstudy\PHPTutorial\WWW\cumtdininghall\thinkphp\lang\zh-cn.php
[ info ] [ ROUTE ] array (
  'type' => 'module',
  'module' => 
  array (
    0 => 'index',
    1 => 'index',
    2 => 'index',
  ),
)
[ info ] [ HEADER ] array (
  'cookie' => 'thinkphp_show_page_trace=0|0; pgv_pvi=7596739584; PHPSESSID=9bg784pg73b81fdpfngb3tbfo6; thinkphp_show_page_trace=0|0',
  'accept-language' => 'zh-CN,zh;q=0.9',
  'accept-encoding' => 'gzip, deflate',
  'referer' => 'http://cumtdininghall.com/index/index/index.html',
  'accept' => 'text/html,application/xhtml+xml,application/xml;q=0.9,image/webp,image/apng,*/*;q=0.8,application/signed-exchange;v=b3',
  'user-agent' => 'Mozilla/5.0 (Windows NT 10.0; Win64; x64) AppleWebKit/537.36 (KHTML, like Gecko) Chrome/74.0.3729.131 Safari/537.36',
  'upgrade-insecure-requests' => '1',
  'connection' => 'close',
  'host' => 'cumtdininghall.com',
)
[ info ] [ PARAM ] array (
)
[ info ] [ RUN ] app\index\controller\Index->index[ D:\phpstudy\PHPTutorial\WWW\cumtdininghall\application\index\controller\Index.php ]
[ info ] [ VIEW ] D:\phpstudy\PHPTutorial\WWW\cumtdininghall\public/../application/index\view\index\index.html [ array (
) ]
[ info ] [ LOG ] INIT File
---------------------------------------------------------------
[ 2019-05-21T14:16:52+08:00 ] 127.0.0.1 GET cumtdininghall.com/font/RobotoSlabLight.woff
[运行时间：0.063964s] [吞吐率：15.63req/s] [内存消耗：1,090.92kb] [文件加载：35]
[ info ] [ LANG ] D:\phpstudy\PHPTutorial\WWW\cumtdininghall\thinkphp\lang\zh-cn.php
[ info ] [ ROUTE ] array (
  'type' => 'module',
  'module' => 
  array (
    0 => 'font',
    1 => 'RobotoSlabLight.woff',
    2 => NULL,
  ),
)
[ info ] [ HEADER ] array (
  'cookie' => 'pgv_pvi=7596739584; PHPSESSID=9bg784pg73b81fdpfngb3tbfo6; thinkphp_show_page_trace=0|0',
  'accept-language' => 'zh-CN,zh;q=0.9',
  'accept-encoding' => 'gzip, deflate',
  'referer' => 'http://cumtdininghall.com/css/indexstyle.css',
  'accept' => '*/*',
  'user-agent' => 'Mozilla/5.0 (Windows NT 10.0; Win64; x64) AppleWebKit/537.36 (KHTML, like Gecko) Chrome/74.0.3729.131 Safari/537.36',
  'origin' => 'http://cumtdininghall.com',
  'connection' => 'close',
  'host' => 'cumtdininghall.com',
)
[ info ] [ PARAM ] array (
)
[ info ] [ LOG ] INIT File
---------------------------------------------------------------
[ 2019-05-21T14:16:52+08:00 ] 127.0.0.1 GET cumtdininghall.com/font/DroidSans.woff
[运行时间：0.064489s] [吞吐率：15.51req/s] [内存消耗：1,090.93kb] [文件加载：35]
[ info ] [ LANG ] D:\phpstudy\PHPTutorial\WWW\cumtdininghall\thinkphp\lang\zh-cn.php
[ info ] [ ROUTE ] array (
  'type' => 'module',
  'module' => 
  array (
    0 => 'font',
    1 => 'DroidSans.woff',
    2 => NULL,
  ),
)
[ info ] [ HEADER ] array (
  'cookie' => 'pgv_pvi=7596739584; PHPSESSID=9bg784pg73b81fdpfngb3tbfo6; thinkphp_show_page_trace=0|0',
  'accept-language' => 'zh-CN,zh;q=0.9',
  'accept-encoding' => 'gzip, deflate',
  'referer' => 'http://cumtdininghall.com/css/indexstyle.css',
  'accept' => '*/*',
  'user-agent' => 'Mozilla/5.0 (Windows NT 10.0; Win64; x64) AppleWebKit/537.36 (KHTML, like Gecko) Chrome/74.0.3729.131 Safari/537.36',
  'origin' => 'http://cumtdininghall.com',
  'connection' => 'close',
  'host' => 'cumtdininghall.com',
)
[ info ] [ PARAM ] array (
)
[ info ] [ LOG ] INIT File
---------------------------------------------------------------
[ 2019-05-21T14:16:53+08:00 ] 127.0.0.1 GET cumtdininghall.com/index/article/index.html
[运行时间：0.132531s] [吞吐率：7.55req/s] [内存消耗：1,356.26kb] [文件加载：41]
[ info ] [ LANG ] D:\phpstudy\PHPTutorial\WWW\cumtdininghall\thinkphp\lang\zh-cn.php
[ info ] [ ROUTE ] array (
  'type' => 'module',
  'module' => 
  array (
    0 => 'index',
    1 => 'article',
    2 => 'index',
  ),
)
[ info ] [ HEADER ] array (
  'cookie' => 'pgv_pvi=7596739584; PHPSESSID=9bg784pg73b81fdpfngb3tbfo6; thinkphp_show_page_trace=0|0',
  'accept-language' => 'zh-CN,zh;q=0.9',
  'accept-encoding' => 'gzip, deflate',
  'referer' => 'http://cumtdininghall.com/index/index/index.html',
  'accept' => 'text/html,application/xhtml+xml,application/xml;q=0.9,image/webp,image/apng,*/*;q=0.8,application/signed-exchange;v=b3',
  'user-agent' => 'Mozilla/5.0 (Windows NT 10.0; Win64; x64) AppleWebKit/537.36 (KHTML, like Gecko) Chrome/74.0.3729.131 Safari/537.36',
  'upgrade-insecure-requests' => '1',
  'connection' => 'close',
  'host' => 'cumtdininghall.com',
)
[ info ] [ PARAM ] array (
)
[ info ] [ RUN ] app\index\controller\Article->index[ D:\phpstudy\PHPTutorial\WWW\cumtdininghall\application\index\controller\Article.php ]
[ info ] [ VIEW ] D:\phpstudy\PHPTutorial\WWW\cumtdininghall\public/../application/index\view\article\index.html [ array (
) ]
[ info ] [ LOG ] INIT File
---------------------------------------------------------------
[ 2019-05-21T14:16:54+08:00 ] 127.0.0.1 GET cumtdininghall.com/font/RobotoSlabLight.woff
[运行时间：0.054076s] [吞吐率：18.49req/s] [内存消耗：1,090.92kb] [文件加载：35]
[ info ] [ LANG ] D:\phpstudy\PHPTutorial\WWW\cumtdininghall\thinkphp\lang\zh-cn.php
[ info ] [ ROUTE ] array (
  'type' => 'module',
  'module' => 
  array (
    0 => 'font',
    1 => 'RobotoSlabLight.woff',
    2 => NULL,
  ),
)
[ info ] [ HEADER ] array (
  'cookie' => 'pgv_pvi=7596739584; PHPSESSID=9bg784pg73b81fdpfngb3tbfo6; thinkphp_show_page_trace=0|0',
  'accept-language' => 'zh-CN,zh;q=0.9',
  'accept-encoding' => 'gzip, deflate',
  'referer' => 'http://cumtdininghall.com/css/indexstyle.css',
  'accept' => '*/*',
  'user-agent' => 'Mozilla/5.0 (Windows NT 10.0; Win64; x64) AppleWebKit/537.36 (KHTML, like Gecko) Chrome/74.0.3729.131 Safari/537.36',
  'origin' => 'http://cumtdininghall.com',
  'connection' => 'close',
  'host' => 'cumtdininghall.com',
)
[ info ] [ PARAM ] array (
)
[ info ] [ LOG ] INIT File
---------------------------------------------------------------
[ 2019-05-21T14:16:54+08:00 ] 127.0.0.1 GET cumtdininghall.com/font/DroidSans.woff
[运行时间：0.045397s] [吞吐率：22.03req/s] [内存消耗：1,090.93kb] [文件加载：35]
[ info ] [ LANG ] D:\phpstudy\PHPTutorial\WWW\cumtdininghall\thinkphp\lang\zh-cn.php
[ info ] [ ROUTE ] array (
  'type' => 'module',
  'module' => 
  array (
    0 => 'font',
    1 => 'DroidSans.woff',
    2 => NULL,
  ),
)
[ info ] [ HEADER ] array (
  'cookie' => 'pgv_pvi=7596739584; PHPSESSID=9bg784pg73b81fdpfngb3tbfo6; thinkphp_show_page_trace=0|0',
  'accept-language' => 'zh-CN,zh;q=0.9',
  'accept-encoding' => 'gzip, deflate',
  'referer' => 'http://cumtdininghall.com/css/indexstyle.css',
  'accept' => '*/*',
  'user-agent' => 'Mozilla/5.0 (Windows NT 10.0; Win64; x64) AppleWebKit/537.36 (KHTML, like Gecko) Chrome/74.0.3729.131 Safari/537.36',
  'origin' => 'http://cumtdininghall.com',
  'connection' => 'close',
  'host' => 'cumtdininghall.com',
)
[ info ] [ PARAM ] array (
)
[ info ] [ LOG ] INIT File
---------------------------------------------------------------
[ 2019-05-21T14:17:25+08:00 ] 127.0.0.1 POST cumtdininghall.com/index/article/insert
[运行时间：0.064400s] [吞吐率：15.53req/s] [内存消耗：1,318.24kb] [文件加载：41]
[ info ] [ LANG ] D:\phpstudy\PHPTutorial\WWW\cumtdininghall\thinkphp\lang\zh-cn.php
[ info ] [ ROUTE ] array (
  'type' => 'module',
  'module' => 
  array (
    0 => 'index',
    1 => 'article',
    2 => 'insert',
  ),
)
[ info ] [ HEADER ] array (
  'cookie' => 'thinkphp_show_page_trace=0|0; pgv_pvi=7596739584; PHPSESSID=9bg784pg73b81fdpfngb3tbfo6; thinkphp_show_page_trace=0|0',
  'accept-language' => 'zh-CN,zh;q=0.9',
  'accept-encoding' => 'gzip, deflate',
  'referer' => 'http://cumtdininghall.com/index/article/index.html',
  'accept' => 'text/html,application/xhtml+xml,application/xml;q=0.9,image/webp,image/apng,*/*;q=0.8,application/signed-exchange;v=b3',
  'user-agent' => 'Mozilla/5.0 (Windows NT 10.0; Win64; x64) AppleWebKit/537.36 (KHTML, like Gecko) Chrome/74.0.3729.131 Safari/537.36',
  'content-type' => 'multipart/form-data; boundary=----WebKitFormBoundarya8GfqcivT0lAchYp',
  'upgrade-insecure-requests' => '1',
  'origin' => 'http://cumtdininghall.com',
  'cache-control' => 'max-age=0',
  'content-length' => '641',
  'connection' => 'close',
  'host' => 'cumtdininghall.com',
)
[ info ] [ PARAM ] array (
  'author' => '王金星',
  'email' => '我不会',
  'content' => '你好',
  'manuelfilename' => '1.php',
)
[ info ] [ RUN ] app\index\controller\Article->insert[ D:\phpstudy\PHPTutorial\WWW\cumtdininghall\application\index\controller\Article.php ]
[ info ] [ VIEW ] D:\phpstudy\PHPTutorial\WWW\cumtdininghall\thinkphp\tpl\dispatch_jump.tpl [ array (
  0 => 'code',
  1 => 'msg',
  2 => 'data',
  3 => 'url',
  4 => 'wait',
) ]
[ info ] [ LOG ] INIT File
---------------------------------------------------------------
[ 2019-05-21T14:17:27+08:00 ] 127.0.0.1 GET cumtdininghall.com/font/DroidSans.woff
[运行时间：0.027923s] [吞吐率：35.81req/s] [内存消耗：1,090.93kb] [文件加载：35]
[ info ] [ LANG ] D:\phpstudy\PHPTutorial\WWW\cumtdininghall\thinkphp\lang\zh-cn.php
[ info ] [ ROUTE ] array (
  'type' => 'module',
  'module' => 
  array (
    0 => 'font',
    1 => 'DroidSans.woff',
    2 => NULL,
  ),
)
[ info ] [ HEADER ] array (
  'cookie' => 'pgv_pvi=7596739584; PHPSESSID=9bg784pg73b81fdpfngb3tbfo6; thinkphp_show_page_trace=0|0',
  'accept-language' => 'zh-CN,zh;q=0.9',
  'accept-encoding' => 'gzip, deflate',
  'referer' => 'http://cumtdininghall.com/css/indexstyle.css',
  'accept' => '*/*',
  'user-agent' => 'Mozilla/5.0 (Windows NT 10.0; Win64; x64) AppleWebKit/537.36 (KHTML, like Gecko) Chrome/74.0.3729.131 Safari/537.36',
  'origin' => 'http://cumtdininghall.com',
  'connection' => 'close',
  'host' => 'cumtdininghall.com',
)
[ info ] [ PARAM ] array (
)
[ info ] [ LOG ] INIT File
---------------------------------------------------------------
[ 2019-05-21T14:17:27+08:00 ] 127.0.0.1 GET cumtdininghall.com/font/RobotoSlabLight.woff
[运行时间：0.044566s] [吞吐率：22.44req/s] [内存消耗：1,090.92kb] [文件加载：35]
[ info ] [ LANG ] D:\phpstudy\PHPTutorial\WWW\cumtdininghall\thinkphp\lang\zh-cn.php
[ info ] [ ROUTE ] array (
  'type' => 'module',
  'module' => 
  array (
    0 => 'font',
    1 => 'RobotoSlabLight.woff',
    2 => NULL,
  ),
)
[ info ] [ HEADER ] array (
  'cookie' => 'pgv_pvi=7596739584; PHPSESSID=9bg784pg73b81fdpfngb3tbfo6; thinkphp_show_page_trace=0|0',
  'accept-language' => 'zh-CN,zh;q=0.9',
  'accept-encoding' => 'gzip, deflate',
  'referer' => 'http://cumtdininghall.com/css/indexstyle.css',
  'accept' => '*/*',
  'user-agent' => 'Mozilla/5.0 (Windows NT 10.0; Win64; x64) AppleWebKit/537.36 (KHTML, like Gecko) Chrome/74.0.3729.131 Safari/537.36',
  'origin' => 'http://cumtdininghall.com',
  'connection' => 'close',
  'host' => 'cumtdininghall.com',
)
[ info ] [ PARAM ] array (
)
[ info ] [ LOG ] INIT File
---------------------------------------------------------------
[ 2019-05-21T14:17:32+08:00 ] 127.0.0.1 POST cumtdininghall.com/index/article/insert
[运行时间：0.110771s] [吞吐率：9.03req/s] [内存消耗：1,912.87kb] [文件加载：46]
[ info ] [ LANG ] D:\phpstudy\PHPTutorial\WWW\cumtdininghall\thinkphp\lang\zh-cn.php
[ info ] [ ROUTE ] array (
  'type' => 'module',
  'module' => 
  array (
    0 => 'index',
    1 => 'article',
    2 => 'insert',
  ),
)
[ info ] [ HEADER ] array (
  'cookie' => 'thinkphp_show_page_trace=0|0; pgv_pvi=7596739584; PHPSESSID=9bg784pg73b81fdpfngb3tbfo6; thinkphp_show_page_trace=0|0',
  'accept-language' => 'zh-CN,zh;q=0.9',
  'accept-encoding' => 'gzip, deflate',
  'referer' => 'http://cumtdininghall.com/index/article/index.html',
  'accept' => 'text/html,application/xhtml+xml,application/xml;q=0.9,image/webp,image/apng,*/*;q=0.8,application/signed-exchange;v=b3',
  'user-agent' => 'Mozilla/5.0 (Windows NT 10.0; Win64; x64) AppleWebKit/537.36 (KHTML, like Gecko) Chrome/74.0.3729.131 Safari/537.36',
  'content-type' => 'multipart/form-data; boundary=----WebKitFormBoundaryw1gZVHGN6blrazYp',
  'upgrade-insecure-requests' => '1',
  'origin' => 'http://cumtdininghall.com',
  'cache-control' => 'max-age=0',
  'content-length' => '641',
  'connection' => 'close',
  'host' => 'cumtdininghall.com',
)
[ info ] [ PARAM ] array (
  'author' => '王金星',
  'email' => '我不会',
  'content' => '你好',
  'manuelfilename' => '1.jpg',
)
[ info ] [ RUN ] app\index\controller\Article->insert[ D:\phpstudy\PHPTutorial\WWW\cumtdininghall\application\index\controller\Article.php ]
[ info ] [ DB ] INIT mysql
[ info ] [ VIEW ] D:\phpstudy\PHPTutorial\WWW\cumtdininghall\thinkphp\tpl\dispatch_jump.tpl [ array (
  0 => 'code',
  1 => 'msg',
  2 => 'data',
  3 => 'url',
  4 => 'wait',
) ]
[ info ] [ LOG ] INIT File
[ sql ] [ DB ] CONNECT:[ UseTime:0.012320s ] mysql:host=127.0.0.1;dbname=think;charset=utf8
[ sql ] [ SQL ] SHOW COLUMNS FROM `think_comment` [ RunTime:0.023063s ]
[ sql ] [ SQL ] INSERT INTO `think_comment` (`author` , `content` , `create_time` , `email`) VALUES ('王金星' , '你好' , '1558419452' , '我不会') [ RunTime:0.012534s ]
---------------------------------------------------------------
[ 2019-05-21T14:17:32+08:00 ] 127.0.0.1 POST cumtdininghall.com/index/article/insert
[运行时间：0.262421s] [吞吐率：3.81req/s] [内存消耗：1,912.87kb] [文件加载：46]
[ info ] [ LANG ] D:\phpstudy\PHPTutorial\WWW\cumtdininghall\thinkphp\lang\zh-cn.php
[ info ] [ ROUTE ] array (
  'type' => 'module',
  'module' => 
  array (
    0 => 'index',
    1 => 'article',
    2 => 'insert',
  ),
)
[ info ] [ HEADER ] array (
  'cookie' => 'thinkphp_show_page_trace=0|0; pgv_pvi=7596739584; PHPSESSID=9bg784pg73b81fdpfngb3tbfo6; thinkphp_show_page_trace=0|0',
  'accept-language' => 'zh-CN,zh;q=0.9',
  'accept-encoding' => 'gzip, deflate',
  'referer' => 'http://cumtdininghall.com/index/article/index.html',
  'accept' => 'text/html,application/xhtml+xml,application/xml;q=0.9,image/webp,image/apng,*/*;q=0.8,application/signed-exchange;v=b3',
  'user-agent' => 'Mozilla/5.0 (Windows NT 10.0; Win64; x64) AppleWebKit/537.36 (KHTML, like Gecko) Chrome/74.0.3729.131 Safari/537.36',
  'content-type' => 'multipart/form-data; boundary=----WebKitFormBoundarySaAaBBooz0rFYfbf',
  'upgrade-insecure-requests' => '1',
  'origin' => 'http://cumtdininghall.com',
  'cache-control' => 'max-age=0',
  'content-length' => '641',
  'connection' => 'close',
  'host' => 'cumtdininghall.com',
)
[ info ] [ PARAM ] array (
  'author' => '王金星',
  'email' => '我不会',
  'content' => '你好',
  'manuelfilename' => '1.jpg',
)
[ info ] [ RUN ] app\index\controller\Article->insert[ D:\phpstudy\PHPTutorial\WWW\cumtdininghall\application\index\controller\Article.php ]
[ info ] [ DB ] INIT mysql
[ info ] [ VIEW ] D:\phpstudy\PHPTutorial\WWW\cumtdininghall\thinkphp\tpl\dispatch_jump.tpl [ array (
  0 => 'code',
  1 => 'msg',
  2 => 'data',
  3 => 'url',
  4 => 'wait',
) ]
[ info ] [ LOG ] INIT File
[ sql ] [ DB ] CONNECT:[ UseTime:0.011719s ] mysql:host=127.0.0.1;dbname=think;charset=utf8
[ sql ] [ SQL ] SHOW COLUMNS FROM `think_comment` [ RunTime:0.048675s ]
[ sql ] [ SQL ] INSERT INTO `think_comment` (`author` , `content` , `create_time` , `email`) VALUES ('王金星' , '你好' , '1558419452' , '我不会') [ RunTime:0.017644s ]
---------------------------------------------------------------
[ 2019-05-21T14:17:34+08:00 ] 127.0.0.1 GET cumtdininghall.com/index/article/index.html
[运行时间：0.035562s] [吞吐率：28.12req/s] [内存消耗：1,356.23kb] [文件加载：41]
[ info ] [ LANG ] D:\phpstudy\PHPTutorial\WWW\cumtdininghall\thinkphp\lang\zh-cn.php
[ info ] [ ROUTE ] array (
  'type' => 'module',
  'module' => 
  array (
    0 => 'index',
    1 => 'article',
    2 => 'index',
  ),
)
[ info ] [ HEADER ] array (
  'cookie' => 'thinkphp_show_page_trace=0|0; pgv_pvi=7596739584; PHPSESSID=9bg784pg73b81fdpfngb3tbfo6; thinkphp_show_page_trace=0|0',
  'accept-language' => 'zh-CN,zh;q=0.9',
  'accept-encoding' => 'gzip, deflate',
  'referer' => 'http://cumtdininghall.com/index/article/insert',
  'accept' => 'text/html,application/xhtml+xml,application/xml;q=0.9,image/webp,image/apng,*/*;q=0.8,application/signed-exchange;v=b3',
  'user-agent' => 'Mozilla/5.0 (Windows NT 10.0; Win64; x64) AppleWebKit/537.36 (KHTML, like Gecko) Chrome/74.0.3729.131 Safari/537.36',
  'upgrade-insecure-requests' => '1',
  'connection' => 'close',
  'host' => 'cumtdininghall.com',
)
[ info ] [ PARAM ] array (
)
[ info ] [ RUN ] app\index\controller\Article->index[ D:\phpstudy\PHPTutorial\WWW\cumtdininghall\application\index\controller\Article.php ]
[ info ] [ VIEW ] D:\phpstudy\PHPTutorial\WWW\cumtdininghall\public/../application/index\view\article\index.html [ array (
) ]
[ info ] [ LOG ] INIT File
---------------------------------------------------------------
[ 2019-05-21T14:17:35+08:00 ] 127.0.0.1 GET cumtdininghall.com/font/DroidSans.woff
[运行时间：0.037167s] [吞吐率：26.91req/s] [内存消耗：1,090.93kb] [文件加载：35]
[ info ] [ LANG ] D:\phpstudy\PHPTutorial\WWW\cumtdininghall\thinkphp\lang\zh-cn.php
[ info ] [ ROUTE ] array (
  'type' => 'module',
  'module' => 
  array (
    0 => 'font',
    1 => 'DroidSans.woff',
    2 => NULL,
  ),
)
[ info ] [ HEADER ] array (
  'cookie' => 'pgv_pvi=7596739584; PHPSESSID=9bg784pg73b81fdpfngb3tbfo6; thinkphp_show_page_trace=0|0',
  'accept-language' => 'zh-CN,zh;q=0.9',
  'accept-encoding' => 'gzip, deflate',
  'referer' => 'http://cumtdininghall.com/css/indexstyle.css',
  'accept' => '*/*',
  'user-agent' => 'Mozilla/5.0 (Windows NT 10.0; Win64; x64) AppleWebKit/537.36 (KHTML, like Gecko) Chrome/74.0.3729.131 Safari/537.36',
  'origin' => 'http://cumtdininghall.com',
  'connection' => 'close',
  'host' => 'cumtdininghall.com',
)
[ info ] [ PARAM ] array (
)
[ info ] [ LOG ] INIT File
---------------------------------------------------------------
[ 2019-05-21T14:17:35+08:00 ] 127.0.0.1 GET cumtdininghall.com/font/RobotoSlabLight.woff
[运行时间：0.038236s] [吞吐率：26.15req/s] [内存消耗：1,090.92kb] [文件加载：35]
[ info ] [ LANG ] D:\phpstudy\PHPTutorial\WWW\cumtdininghall\thinkphp\lang\zh-cn.php
[ info ] [ ROUTE ] array (
  'type' => 'module',
  'module' => 
  array (
    0 => 'font',
    1 => 'RobotoSlabLight.woff',
    2 => NULL,
  ),
)
[ info ] [ HEADER ] array (
  'cookie' => 'pgv_pvi=7596739584; PHPSESSID=9bg784pg73b81fdpfngb3tbfo6; thinkphp_show_page_trace=0|0',
  'accept-language' => 'zh-CN,zh;q=0.9',
  'accept-encoding' => 'gzip, deflate',
  'referer' => 'http://cumtdininghall.com/css/indexstyle.css',
  'accept' => '*/*',
  'user-agent' => 'Mozilla/5.0 (Windows NT 10.0; Win64; x64) AppleWebKit/537.36 (KHTML, like Gecko) Chrome/74.0.3729.131 Safari/537.36',
  'origin' => 'http://cumtdininghall.com',
  'connection' => 'close',
  'host' => 'cumtdininghall.com',
)
[ info ] [ PARAM ] array (
)
[ info ] [ LOG ] INIT File
